{"D:\\vscode2\\ProjectPulse\\server\\controllers\\taskController.js": {"path":"D:\\vscode2\\ProjectPulse\\server\\controllers\\taskController.js","statementMap":{"0":{"start":{"line":6,"column":19},"end":{"line":72,"column":2}},"1":{"start":{"line":7,"column":2},"end":{"line":71,"column":3}},"2":{"start":{"line":8,"column":23},"end":{"line":8,"column":31}},"3":{"start":{"line":10,"column":6},"end":{"line":10,"column":14}},"4":{"start":{"line":13,"column":15},"end":{"line":13,"column":50}},"5":{"start":{"line":14,"column":4},"end":{"line":16,"column":5}},"6":{"start":{"line":15,"column":6},"end":{"line":15,"column":55}},"7":{"start":{"line":18,"column":4},"end":{"line":22,"column":39}},"8":{"start":{"line":24,"column":21},"end":{"line":28,"column":5}},"9":{"start":{"line":29,"column":19},"end":{"line":29,"column":23}},"10":{"start":{"line":31,"column":4},"end":{"line":33,"column":5}},"11":{"start":{"line":32,"column":6},"end":{"line":32,"column":35}},"12":{"start":{"line":35,"column":17},"end":{"line":45,"column":6}},"13":{"start":{"line":47,"column":4},"end":{"line":51,"column":7}},"14":{"start":{"line":53,"column":18},"end":{"line":55,"column":6}},"15":{"start":{"line":57,"column":4},"end":{"line":63,"column":5}},"16":{"start":{"line":58,"column":6},"end":{"line":62,"column":7}},"17":{"start":{"line":58,"column":19},"end":{"line":58,"column":20}},"18":{"start":{"line":59,"column":21},"end":{"line":59,"column":29}},"19":{"start":{"line":61,"column":8},"end":{"line":61,"column":79}},"20":{"start":{"line":65,"column":4},"end":{"line":67,"column":75}},"21":{"start":{"line":69,"column":4},"end":{"line":69,"column":23}},"22":{"start":{"line":70,"column":4},"end":{"line":70,"column":75}},"23":{"start":{"line":74,"column":22},"end":{"line":129,"column":2}},"24":{"start":{"line":75,"column":2},"end":{"line":128,"column":3}},"25":{"start":{"line":76,"column":19},"end":{"line":76,"column":29}},"26":{"start":{"line":77,"column":23},"end":{"line":77,"column":31}},"27":{"start":{"line":79,"column":17},"end":{"line":79,"column":40}},"28":{"start":{"line":82,"column":15},"end":{"line":82,"column":50}},"29":{"start":{"line":83,"column":4},"end":{"line":85,"column":5}},"30":{"start":{"line":84,"column":6},"end":{"line":84,"column":60}},"31":{"start":{"line":87,"column":4},"end":{"line":93,"column":39}},"32":{"start":{"line":95,"column":21},"end":{"line":99,"column":5}},"33":{"start":{"line":101,"column":20},"end":{"line":104,"column":6}},"34":{"start":{"line":106,"column":4},"end":{"line":106,"column":29}},"35":{"start":{"line":107,"column":4},"end":{"line":107,"column":37}},"36":{"start":{"line":108,"column":4},"end":{"line":108,"column":33}},"37":{"start":{"line":109,"column":4},"end":{"line":109,"column":31}},"38":{"start":{"line":110,"column":4},"end":{"line":110,"column":37}},"39":{"start":{"line":111,"column":4},"end":{"line":111,"column":31}},"40":{"start":{"line":112,"column":4},"end":{"line":112,"column":34}},"41":{"start":{"line":113,"column":4},"end":{"line":113,"column":43}},"42":{"start":{"line":115,"column":4},"end":{"line":115,"column":25}},"43":{"start":{"line":117,"column":4},"end":{"line":121,"column":7}},"44":{"start":{"line":123,"column":4},"end":{"line":125,"column":72}},"45":{"start":{"line":127,"column":4},"end":{"line":127,"column":75}},"46":{"start":{"line":131,"column":19},"end":{"line":162,"column":2}},"47":{"start":{"line":132,"column":17},"end":{"line":132,"column":27}},"48":{"start":{"line":134,"column":4},"end":{"line":134,"column":12}},"49":{"start":{"line":136,"column":2},"end":{"line":161,"column":3}},"50":{"start":{"line":137,"column":17},"end":{"line":137,"column":40}},"51":{"start":{"line":139,"column":19},"end":{"line":139,"column":21}},"52":{"start":{"line":141,"column":4},"end":{"line":143,"column":5}},"53":{"start":{"line":142,"column":6},"end":{"line":142,"column":34}},"54":{"start":{"line":145,"column":4},"end":{"line":145,"column":23}},"55":{"start":{"line":146,"column":4},"end":{"line":146,"column":21}},"56":{"start":{"line":147,"column":4},"end":{"line":147,"column":43}},"57":{"start":{"line":148,"column":4},"end":{"line":148,"column":25}},"58":{"start":{"line":149,"column":4},"end":{"line":149,"column":37}},"59":{"start":{"line":150,"column":4},"end":{"line":150,"column":21}},"60":{"start":{"line":151,"column":4},"end":{"line":151,"column":26}},"61":{"start":{"line":152,"column":4},"end":{"line":152,"column":35}},"62":{"start":{"line":154,"column":4},"end":{"line":154,"column":22}},"63":{"start":{"line":156,"column":4},"end":{"line":158,"column":72}},"64":{"start":{"line":160,"column":4},"end":{"line":160,"column":75}},"65":{"start":{"line":164,"column":24},"end":{"line":181,"column":2}},"66":{"start":{"line":165,"column":2},"end":{"line":180,"column":3}},"67":{"start":{"line":166,"column":19},"end":{"line":166,"column":29}},"68":{"start":{"line":167,"column":22},"end":{"line":167,"column":30}},"69":{"start":{"line":169,"column":17},"end":{"line":169,"column":40}},"70":{"start":{"line":171,"column":4},"end":{"line":171,"column":37}},"71":{"start":{"line":173,"column":4},"end":{"line":173,"column":22}},"72":{"start":{"line":175,"column":4},"end":{"line":177,"column":75}},"73":{"start":{"line":179,"column":4},"end":{"line":179,"column":75}},"74":{"start":{"line":183,"column":27},"end":{"line":210,"column":2}},"75":{"start":{"line":184,"column":2},"end":{"line":209,"column":3}},"76":{"start":{"line":185,"column":34},"end":{"line":185,"column":44}},"77":{"start":{"line":186,"column":23},"end":{"line":186,"column":31}},"78":{"start":{"line":188,"column":4},"end":{"line":198,"column":6}},"79":{"start":{"line":200,"column":4},"end":{"line":205,"column":7}},"80":{"start":{"line":207,"column":4},"end":{"line":207,"column":23}},"81":{"start":{"line":208,"column":4},"end":{"line":208,"column":75}},"82":{"start":{"line":212,"column":22},"end":{"line":236,"column":2}},"83":{"start":{"line":213,"column":31},"end":{"line":213,"column":39}},"84":{"start":{"line":214,"column":17},"end":{"line":214,"column":27}},"85":{"start":{"line":216,"column":2},"end":{"line":235,"column":3}},"86":{"start":{"line":217,"column":23},"end":{"line":222,"column":5}},"87":{"start":{"line":224,"column":17},"end":{"line":224,"column":40}},"88":{"start":{"line":226,"column":4},"end":{"line":226,"column":35}},"89":{"start":{"line":228,"column":4},"end":{"line":228,"column":22}},"90":{"start":{"line":230,"column":4},"end":{"line":232,"column":70}},"91":{"start":{"line":234,"column":4},"end":{"line":234,"column":75}},"92":{"start":{"line":238,"column":17},"end":{"line":275,"column":2}},"93":{"start":{"line":239,"column":30},"end":{"line":239,"column":38}},"94":{"start":{"line":240,"column":39},"end":{"line":240,"column":48}},"95":{"start":{"line":242,"column":14},"end":{"line":242,"column":53}},"96":{"start":{"line":244,"column":2},"end":{"line":246,"column":3}},"97":{"start":{"line":245,"column":4},"end":{"line":245,"column":36}},"98":{"start":{"line":247,"column":2},"end":{"line":249,"column":3}},"99":{"start":{"line":248,"column":4},"end":{"line":248,"column":24}},"100":{"start":{"line":251,"column":2},"end":{"line":260,"column":3}},"101":{"start":{"line":252,"column":24},"end":{"line":258,"column":5}},"102":{"start":{"line":259,"column":4},"end":{"line":259,"column":41}},"103":{"start":{"line":262,"column":20},"end":{"line":267,"column":22}},"104":{"start":{"line":269,"column":16},"end":{"line":269,"column":33}},"105":{"start":{"line":271,"column":2},"end":{"line":274,"column":5}},"106":{"start":{"line":277,"column":16},"end":{"line":300,"column":2}},"107":{"start":{"line":278,"column":2},"end":{"line":299,"column":3}},"108":{"start":{"line":279,"column":19},"end":{"line":279,"column":29}},"109":{"start":{"line":281,"column":17},"end":{"line":290,"column":24}},"110":{"start":{"line":292,"column":4},"end":{"line":295,"column":7}},"111":{"start":{"line":297,"column":4},"end":{"line":297,"column":23}},"112":{"start":{"line":298,"column":4},"end":{"line":298,"column":51}},"113":{"start":{"line":302,"column":25},"end":{"line":325,"column":2}},"114":{"start":{"line":303,"column":17},"end":{"line":303,"column":27}},"115":{"start":{"line":304,"column":21},"end":{"line":304,"column":29}},"116":{"start":{"line":305,"column":29},"end":{"line":305,"column":37}},"117":{"start":{"line":307,"column":2},"end":{"line":324,"column":3}},"118":{"start":{"line":308,"column":17},"end":{"line":308,"column":40}},"119":{"start":{"line":310,"column":17},"end":{"line":314,"column":5}},"120":{"start":{"line":315,"column":4},"end":{"line":315,"column":31}},"121":{"start":{"line":317,"column":4},"end":{"line":317,"column":22}},"122":{"start":{"line":319,"column":4},"end":{"line":321,"column":72}},"123":{"start":{"line":323,"column":4},"end":{"line":323,"column":75}},"124":{"start":{"line":327,"column":18},"end":{"line":344,"column":2}},"125":{"start":{"line":328,"column":17},"end":{"line":328,"column":27}},"126":{"start":{"line":330,"column":2},"end":{"line":343,"column":3}},"127":{"start":{"line":331,"column":17},"end":{"line":331,"column":40}},"128":{"start":{"line":333,"column":4},"end":{"line":333,"column":26}},"129":{"start":{"line":335,"column":4},"end":{"line":335,"column":22}},"130":{"start":{"line":337,"column":4},"end":{"line":340,"column":7}},"131":{"start":{"line":342,"column":4},"end":{"line":342,"column":75}},"132":{"start":{"line":346,"column":26},"end":{"line":375,"column":2}},"133":{"start":{"line":347,"column":2},"end":{"line":374,"column":3}},"134":{"start":{"line":348,"column":19},"end":{"line":348,"column":29}},"135":{"start":{"line":349,"column":27},"end":{"line":349,"column":36}},"136":{"start":{"line":351,"column":4},"end":{"line":366,"column":5}},"137":{"start":{"line":352,"column":6},"end":{"line":352,"column":39}},"138":{"start":{"line":353,"column":11},"end":{"line":366,"column":5}},"139":{"start":{"line":354,"column":6},"end":{"line":354,"column":49}},"140":{"start":{"line":355,"column":11},"end":{"line":366,"column":5}},"141":{"start":{"line":356,"column":19},"end":{"line":356,"column":42}},"142":{"start":{"line":358,"column":6},"end":{"line":358,"column":29}},"143":{"start":{"line":360,"column":6},"end":{"line":360,"column":18}},"144":{"start":{"line":361,"column":11},"end":{"line":366,"column":5}},"145":{"start":{"line":362,"column":6},"end":{"line":365,"column":8}},"146":{"start":{"line":368,"column":4},"end":{"line":371,"column":7}},"147":{"start":{"line":373,"column":4},"end":{"line":373,"column":75}},"148":{"start":{"line":377,"column":28},"end":{"line":447,"column":2}},"149":{"start":{"line":378,"column":2},"end":{"line":446,"column":3}},"150":{"start":{"line":379,"column":32},"end":{"line":379,"column":40}},"151":{"start":{"line":382,"column":21},"end":{"line":399,"column":28}},"152":{"start":{"line":401,"column":18},"end":{"line":404,"column":24}},"153":{"start":{"line":407,"column":25},"end":{"line":417,"column":10}},"154":{"start":{"line":408,"column":20},"end":{"line":408,"column":30}},"155":{"start":{"line":410,"column":6},"end":{"line":414,"column":7}},"156":{"start":{"line":411,"column":8},"end":{"line":411,"column":26}},"157":{"start":{"line":413,"column":8},"end":{"line":413,"column":27}},"158":{"start":{"line":416,"column":6},"end":{"line":416,"column":20}},"159":{"start":{"line":419,"column":22},"end":{"line":425,"column":47}},"160":{"start":{"line":421,"column":29},"end":{"line":421,"column":33}},"161":{"start":{"line":422,"column":8},"end":{"line":422,"column":55}},"162":{"start":{"line":423,"column":8},"end":{"line":423,"column":22}},"163":{"start":{"line":425,"column":30},"end":{"line":425,"column":45}},"164":{"start":{"line":428,"column":23},"end":{"line":428,"column":38}},"165":{"start":{"line":429,"column":23},"end":{"line":429,"column":45}},"166":{"start":{"line":432,"column":20},"end":{"line":438,"column":5}},"167":{"start":{"line":440,"column":4},"end":{"line":442,"column":68}},"168":{"start":{"line":444,"column":4},"end":{"line":444,"column":23}},"169":{"start":{"line":445,"column":4},"end":{"line":445,"column":75}}},"fnMap":{"0":{"name":"(anonymous_0)","decl":{"start":{"line":6,"column":32},"end":{"line":6,"column":33}},"loc":{"start":{"line":6,"column":52},"end":{"line":72,"column":1}},"line":6},"1":{"name":"(anonymous_1)","decl":{"start":{"line":74,"column":35},"end":{"line":74,"column":36}},"loc":{"start":{"line":74,"column":55},"end":{"line":129,"column":1}},"line":74},"2":{"name":"(anonymous_2)","decl":{"start":{"line":131,"column":32},"end":{"line":131,"column":33}},"loc":{"start":{"line":131,"column":52},"end":{"line":162,"column":1}},"line":131},"3":{"name":"(anonymous_3)","decl":{"start":{"line":164,"column":37},"end":{"line":164,"column":38}},"loc":{"start":{"line":164,"column":57},"end":{"line":181,"column":1}},"line":164},"4":{"name":"(anonymous_4)","decl":{"start":{"line":183,"column":40},"end":{"line":183,"column":41}},"loc":{"start":{"line":183,"column":60},"end":{"line":210,"column":1}},"line":183},"5":{"name":"(anonymous_5)","decl":{"start":{"line":212,"column":35},"end":{"line":212,"column":36}},"loc":{"start":{"line":212,"column":55},"end":{"line":236,"column":1}},"line":212},"6":{"name":"(anonymous_6)","decl":{"start":{"line":238,"column":30},"end":{"line":238,"column":31}},"loc":{"start":{"line":238,"column":50},"end":{"line":275,"column":1}},"line":238},"7":{"name":"(anonymous_7)","decl":{"start":{"line":277,"column":29},"end":{"line":277,"column":30}},"loc":{"start":{"line":277,"column":49},"end":{"line":300,"column":1}},"line":277},"8":{"name":"(anonymous_8)","decl":{"start":{"line":302,"column":38},"end":{"line":302,"column":39}},"loc":{"start":{"line":302,"column":58},"end":{"line":325,"column":1}},"line":302},"9":{"name":"(anonymous_9)","decl":{"start":{"line":327,"column":31},"end":{"line":327,"column":32}},"loc":{"start":{"line":327,"column":51},"end":{"line":344,"column":1}},"line":327},"10":{"name":"(anonymous_10)","decl":{"start":{"line":346,"column":39},"end":{"line":346,"column":40}},"loc":{"start":{"line":346,"column":59},"end":{"line":375,"column":1}},"line":346},"11":{"name":"(anonymous_11)","decl":{"start":{"line":377,"column":41},"end":{"line":377,"column":42}},"loc":{"start":{"line":377,"column":61},"end":{"line":447,"column":1}},"line":377},"12":{"name":"(anonymous_12)","decl":{"start":{"line":407,"column":42},"end":{"line":407,"column":43}},"loc":{"start":{"line":407,"column":60},"end":{"line":417,"column":5}},"line":407},"13":{"name":"(anonymous_13)","decl":{"start":{"line":420,"column":23},"end":{"line":420,"column":24}},"loc":{"start":{"line":420,"column":41},"end":{"line":424,"column":7}},"line":420},"14":{"name":"(anonymous_14)","decl":{"start":{"line":425,"column":10},"end":{"line":425,"column":11}},"loc":{"start":{"line":425,"column":30},"end":{"line":425,"column":45}},"line":425}},"branchMap":{"0":{"loc":{"start":{"line":14,"column":4},"end":{"line":16,"column":5}},"type":"if","locations":[{"start":{"line":14,"column":4},"end":{"line":16,"column":5}},{"start":{},"end":{}}],"line":14},"1":{"loc":{"start":{"line":31,"column":4},"end":{"line":33,"column":5}},"type":"if","locations":[{"start":{"line":31,"column":4},"end":{"line":33,"column":5}},{"start":{},"end":{}}],"line":31},"2":{"loc":{"start":{"line":43,"column":13},"end":{"line":43,"column":27}},"type":"binary-expr","locations":[{"start":{"line":43,"column":13},"end":{"line":43,"column":21}},{"start":{"line":43,"column":25},"end":{"line":43,"column":27}}],"line":43},"3":{"loc":{"start":{"line":57,"column":4},"end":{"line":63,"column":5}},"type":"if","locations":[{"start":{"line":57,"column":4},"end":{"line":63,"column":5}},{"start":{},"end":{}}],"line":57},"4":{"loc":{"start":{"line":83,"column":4},"end":{"line":85,"column":5}},"type":"if","locations":[{"start":{"line":83,"column":4},"end":{"line":85,"column":5}},{"start":{},"end":{}}],"line":83},"5":{"loc":{"start":{"line":141,"column":4},"end":{"line":143,"column":5}},"type":"if","locations":[{"start":{"line":141,"column":4},"end":{"line":143,"column":5}},{"start":{},"end":{}}],"line":141},"6":{"loc":{"start":{"line":202,"column":15},"end":{"line":204,"column":44}},"type":"cond-expr","locations":[{"start":{"line":203,"column":10},"end":{"line":203,"column":42}},{"start":{"line":204,"column":10},"end":{"line":204,"column":44}}],"line":202},"7":{"loc":{"start":{"line":242,"column":27},"end":{"line":242,"column":51}},"type":"cond-expr","locations":[{"start":{"line":242,"column":39},"end":{"line":242,"column":43}},{"start":{"line":242,"column":46},"end":{"line":242,"column":51}}],"line":242},"8":{"loc":{"start":{"line":244,"column":2},"end":{"line":246,"column":3}},"type":"if","locations":[{"start":{"line":244,"column":2},"end":{"line":246,"column":3}},{"start":{},"end":{}}],"line":244},"9":{"loc":{"start":{"line":247,"column":2},"end":{"line":249,"column":3}},"type":"if","locations":[{"start":{"line":247,"column":2},"end":{"line":249,"column":3}},{"start":{},"end":{}}],"line":247},"10":{"loc":{"start":{"line":251,"column":2},"end":{"line":260,"column":3}},"type":"if","locations":[{"start":{"line":251,"column":2},"end":{"line":260,"column":3}},{"start":{},"end":{}}],"line":251},"11":{"loc":{"start":{"line":351,"column":4},"end":{"line":366,"column":5}},"type":"if","locations":[{"start":{"line":351,"column":4},"end":{"line":366,"column":5}},{"start":{"line":353,"column":11},"end":{"line":366,"column":5}}],"line":351},"12":{"loc":{"start":{"line":353,"column":11},"end":{"line":366,"column":5}},"type":"if","locations":[{"start":{"line":353,"column":11},"end":{"line":366,"column":5}},{"start":{"line":355,"column":11},"end":{"line":366,"column":5}}],"line":353},"13":{"loc":{"start":{"line":355,"column":11},"end":{"line":366,"column":5}},"type":"if","locations":[{"start":{"line":355,"column":11},"end":{"line":366,"column":5}},{"start":{"line":361,"column":11},"end":{"line":366,"column":5}}],"line":355},"14":{"loc":{"start":{"line":361,"column":11},"end":{"line":366,"column":5}},"type":"if","locations":[{"start":{"line":361,"column":11},"end":{"line":366,"column":5}},{"start":{},"end":{}}],"line":361},"15":{"loc":{"start":{"line":382,"column":21},"end":{"line":399,"column":28}},"type":"cond-expr","locations":[{"start":{"line":383,"column":8},"end":{"line":390,"column":28}},{"start":{"line":391,"column":8},"end":{"line":399,"column":28}}],"line":382},"16":{"loc":{"start":{"line":410,"column":6},"end":{"line":414,"column":7}},"type":"if","locations":[{"start":{"line":410,"column":6},"end":{"line":414,"column":7}},{"start":{"line":412,"column":13},"end":{"line":414,"column":7}}],"line":410},"17":{"loc":{"start":{"line":422,"column":28},"end":{"line":422,"column":49}},"type":"binary-expr","locations":[{"start":{"line":422,"column":28},"end":{"line":422,"column":44}},{"start":{"line":422,"column":48},"end":{"line":422,"column":49}}],"line":422},"18":{"loc":{"start":{"line":435,"column":13},"end":{"line":435,"column":33}},"type":"cond-expr","locations":[{"start":{"line":435,"column":23},"end":{"line":435,"column":28}},{"start":{"line":435,"column":31},"end":{"line":435,"column":33}}],"line":435}},"s":{"0":2,"1":1,"2":1,"3":1,"4":1,"5":1,"6":1,"7":1,"8":1,"9":1,"10":1,"11":1,"12":1,"13":1,"14":1,"15":1,"16":1,"17":1,"18":2,"19":2,"20":1,"21":0,"22":0,"23":2,"24":1,"25":1,"26":1,"27":1,"28":1,"29":1,"30":0,"31":0,"32":0,"33":0,"34":0,"35":0,"36":0,"37":0,"38":0,"39":0,"40":0,"41":0,"42":0,"43":0,"44":0,"45":1,"46":2,"47":1,"48":1,"49":1,"50":1,"51":1,"52":1,"53":1,"54":1,"55":1,"56":1,"57":1,"58":1,"59":1,"60":1,"61":1,"62":1,"63":1,"64":0,"65":2,"66":1,"67":1,"68":1,"69":1,"70":1,"71":1,"72":1,"73":0,"74":2,"75":1,"76":1,"77":1,"78":1,"79":1,"80":0,"81":0,"82":2,"83":1,"84":1,"85":1,"86":1,"87":1,"88":1,"89":1,"90":1,"91":0,"92":2,"93":1,"94":1,"95":1,"96":1,"97":0,"98":1,"99":0,"100":1,"101":0,"102":0,"103":1,"104":1,"105":1,"106":2,"107":1,"108":1,"109":1,"110":1,"111":0,"112":0,"113":2,"114":1,"115":1,"116":1,"117":1,"118":1,"119":1,"120":1,"121":1,"122":1,"123":0,"124":2,"125":1,"126":1,"127":1,"128":1,"129":1,"130":1,"131":0,"132":2,"133":2,"134":2,"135":2,"136":2,"137":1,"138":1,"139":0,"140":1,"141":1,"142":1,"143":1,"144":0,"145":0,"146":2,"147":0,"148":2,"149":1,"150":1,"151":1,"152":0,"153":0,"154":0,"155":0,"156":0,"157":0,"158":0,"159":0,"160":0,"161":0,"162":0,"163":0,"164":0,"165":0,"166":0,"167":0,"168":1,"169":1},"f":{"0":1,"1":1,"2":1,"3":1,"4":1,"5":1,"6":1,"7":1,"8":1,"9":1,"10":2,"11":1,"12":0,"13":0,"14":0},"b":{"0":[1,0],"1":[1,0],"2":[1,0],"3":[1,0],"4":[0,0],"5":[1,0],"6":[1,0],"7":[0,1],"8":[0,1],"9":[0,1],"10":[0,1],"11":[1,1],"12":[0,1],"13":[1,0],"14":[0,0],"15":[1,0],"16":[0,0],"17":[0,0],"18":[0,0]},"_coverageSchema":"1a1c01bbd47fc00a2c39e90264f33305004495a9","hash":"641d4d3c9b57cea3f866684823529d1ea3aad020"}
,"D:\\vscode2\\ProjectPulse\\server\\controllers\\userController.js": {"path":"D:\\vscode2\\ProjectPulse\\server\\controllers\\userController.js","statementMap":{"0":{"start":{"line":7,"column":18},"end":{"line":38,"column":2}},"1":{"start":{"line":8,"column":30},"end":{"line":8,"column":38}},"2":{"start":{"line":10,"column":15},"end":{"line":10,"column":44}},"3":{"start":{"line":12,"column":2},"end":{"line":16,"column":3}},"4":{"start":{"line":13,"column":4},"end":{"line":15,"column":70}},"5":{"start":{"line":18,"column":2},"end":{"line":23,"column":3}},"6":{"start":{"line":19,"column":4},"end":{"line":22,"column":7}},"7":{"start":{"line":25,"column":18},"end":{"line":25,"column":52}},"8":{"start":{"line":27,"column":2},"end":{"line":37,"column":3}},"9":{"start":{"line":28,"column":4},"end":{"line":28,"column":29}},"10":{"start":{"line":30,"column":4},"end":{"line":30,"column":30}},"11":{"start":{"line":32,"column":4},"end":{"line":32,"column":31}},"12":{"start":{"line":34,"column":4},"end":{"line":36,"column":69}},"13":{"start":{"line":41,"column":21},"end":{"line":72,"column":2}},"14":{"start":{"line":42,"column":58},"end":{"line":42,"column":66}},"15":{"start":{"line":44,"column":21},"end":{"line":44,"column":50}},"16":{"start":{"line":46,"column":2},"end":{"line":50,"column":3}},"17":{"start":{"line":47,"column":4},"end":{"line":49,"column":72}},"18":{"start":{"line":52,"column":15},"end":{"line":59,"column":4}},"19":{"start":{"line":61,"column":2},"end":{"line":71,"column":3}},"20":{"start":{"line":62,"column":4},"end":{"line":62,"column":46}},"21":{"start":{"line":64,"column":4},"end":{"line":64,"column":30}},"22":{"start":{"line":66,"column":4},"end":{"line":66,"column":31}},"23":{"start":{"line":68,"column":4},"end":{"line":70,"column":61}},"24":{"start":{"line":75,"column":19},"end":{"line":81,"column":1}},"25":{"start":{"line":76,"column":2},"end":{"line":79,"column":5}},"26":{"start":{"line":80,"column":2},"end":{"line":80,"column":63}},"27":{"start":{"line":99,"column":20},"end":{"line":118,"column":2}},"28":{"start":{"line":100,"column":21},"end":{"line":100,"column":30}},"29":{"start":{"line":101,"column":14},"end":{"line":101,"column":16}},"30":{"start":{"line":103,"column":2},"end":{"line":113,"column":3}},"31":{"start":{"line":104,"column":24},"end":{"line":111,"column":5}},"32":{"start":{"line":112,"column":4},"end":{"line":112,"column":41}},"33":{"start":{"line":115,"column":15},"end":{"line":115,"column":78}},"34":{"start":{"line":117,"column":2},"end":{"line":117,"column":29}},"35":{"start":{"line":121,"column":29},"end":{"line":132,"column":2}},"36":{"start":{"line":122,"column":21},"end":{"line":122,"column":29}},"37":{"start":{"line":124,"column":17},"end":{"line":129,"column":22}},"38":{"start":{"line":131,"column":2},"end":{"line":131,"column":31}},"39":{"start":{"line":135,"column":26},"end":{"line":141,"column":2}},"40":{"start":{"line":136,"column":16},"end":{"line":138,"column":22}},"41":{"start":{"line":140,"column":2},"end":{"line":140,"column":30}},"42":{"start":{"line":144,"column":29},"end":{"line":166,"column":2}},"43":{"start":{"line":145,"column":2},"end":{"line":165,"column":3}},"44":{"start":{"line":146,"column":23},"end":{"line":146,"column":31}},"45":{"start":{"line":147,"column":31},"end":{"line":147,"column":40}},"46":{"start":{"line":149,"column":4},"end":{"line":161,"column":5}},"47":{"start":{"line":150,"column":6},"end":{"line":154,"column":8}},"48":{"start":{"line":156,"column":6},"end":{"line":160,"column":8}},"49":{"start":{"line":162,"column":4},"end":{"line":162,"column":60}},"50":{"start":{"line":164,"column":4},"end":{"line":164,"column":23}},"51":{"start":{"line":169,"column":26},"end":{"line":200,"column":2}},"52":{"start":{"line":170,"column":30},"end":{"line":170,"column":38}},"53":{"start":{"line":171,"column":18},"end":{"line":171,"column":26}},"54":{"start":{"line":174,"column":4},"end":{"line":178,"column":14}},"55":{"start":{"line":180,"column":15},"end":{"line":180,"column":38}},"56":{"start":{"line":182,"column":2},"end":{"line":199,"column":3}},"57":{"start":{"line":183,"column":4},"end":{"line":183,"column":43}},"58":{"start":{"line":185,"column":4},"end":{"line":185,"column":46}},"59":{"start":{"line":186,"column":4},"end":{"line":186,"column":43}},"60":{"start":{"line":188,"column":24},"end":{"line":188,"column":41}},"61":{"start":{"line":190,"column":4},"end":{"line":190,"column":30}},"62":{"start":{"line":192,"column":4},"end":{"line":196,"column":7}},"63":{"start":{"line":198,"column":4},"end":{"line":198,"column":71}},"64":{"start":{"line":203,"column":28},"end":{"line":224,"column":2}},"65":{"start":{"line":204,"column":17},"end":{"line":204,"column":27}},"66":{"start":{"line":206,"column":15},"end":{"line":206,"column":38}},"67":{"start":{"line":208,"column":2},"end":{"line":223,"column":3}},"68":{"start":{"line":209,"column":4},"end":{"line":209,"column":38}},"69":{"start":{"line":211,"column":4},"end":{"line":211,"column":22}},"70":{"start":{"line":213,"column":4},"end":{"line":213,"column":30}},"71":{"start":{"line":215,"column":4},"end":{"line":220,"column":7}},"72":{"start":{"line":222,"column":4},"end":{"line":222,"column":71}},"73":{"start":{"line":226,"column":27},"end":{"line":253,"column":2}},"74":{"start":{"line":227,"column":21},"end":{"line":227,"column":29}},"75":{"start":{"line":230,"column":2},"end":{"line":235,"column":3}},"76":{"start":{"line":231,"column":4},"end":{"line":234,"column":7}},"77":{"start":{"line":237,"column":15},"end":{"line":237,"column":42}},"78":{"start":{"line":239,"column":2},"end":{"line":252,"column":3}},"79":{"start":{"line":240,"column":4},"end":{"line":240,"column":38}},"80":{"start":{"line":242,"column":4},"end":{"line":242,"column":22}},"81":{"start":{"line":244,"column":4},"end":{"line":244,"column":30}},"82":{"start":{"line":246,"column":4},"end":{"line":249,"column":7}},"83":{"start":{"line":251,"column":4},"end":{"line":251,"column":71}},"84":{"start":{"line":256,"column":26},"end":{"line":262,"column":2}},"85":{"start":{"line":257,"column":17},"end":{"line":257,"column":27}},"86":{"start":{"line":259,"column":2},"end":{"line":259,"column":35}},"87":{"start":{"line":261,"column":2},"end":{"line":261,"column":79}}},"fnMap":{"0":{"name":"(anonymous_0)","decl":{"start":{"line":7,"column":31},"end":{"line":7,"column":32}},"loc":{"start":{"line":7,"column":51},"end":{"line":38,"column":1}},"line":7},"1":{"name":"(anonymous_1)","decl":{"start":{"line":41,"column":34},"end":{"line":41,"column":35}},"loc":{"start":{"line":41,"column":54},"end":{"line":72,"column":1}},"line":41},"2":{"name":"(anonymous_2)","decl":{"start":{"line":75,"column":19},"end":{"line":75,"column":20}},"loc":{"start":{"line":75,"column":33},"end":{"line":81,"column":1}},"line":75},"3":{"name":"(anonymous_3)","decl":{"start":{"line":99,"column":33},"end":{"line":99,"column":34}},"loc":{"start":{"line":99,"column":53},"end":{"line":118,"column":1}},"line":99},"4":{"name":"(anonymous_4)","decl":{"start":{"line":121,"column":42},"end":{"line":121,"column":43}},"loc":{"start":{"line":121,"column":62},"end":{"line":132,"column":1}},"line":121},"5":{"name":"(anonymous_5)","decl":{"start":{"line":135,"column":39},"end":{"line":135,"column":40}},"loc":{"start":{"line":135,"column":59},"end":{"line":141,"column":1}},"line":135},"6":{"name":"(anonymous_6)","decl":{"start":{"line":144,"column":42},"end":{"line":144,"column":43}},"loc":{"start":{"line":144,"column":62},"end":{"line":166,"column":1}},"line":144},"7":{"name":"(anonymous_7)","decl":{"start":{"line":169,"column":39},"end":{"line":169,"column":40}},"loc":{"start":{"line":169,"column":59},"end":{"line":200,"column":1}},"line":169},"8":{"name":"(anonymous_8)","decl":{"start":{"line":203,"column":41},"end":{"line":203,"column":42}},"loc":{"start":{"line":203,"column":61},"end":{"line":224,"column":1}},"line":203},"9":{"name":"(anonymous_9)","decl":{"start":{"line":226,"column":40},"end":{"line":226,"column":41}},"loc":{"start":{"line":226,"column":60},"end":{"line":253,"column":1}},"line":226},"10":{"name":"(anonymous_10)","decl":{"start":{"line":256,"column":39},"end":{"line":256,"column":40}},"loc":{"start":{"line":256,"column":59},"end":{"line":262,"column":1}},"line":256}},"branchMap":{"0":{"loc":{"start":{"line":12,"column":2},"end":{"line":16,"column":3}},"type":"if","locations":[{"start":{"line":12,"column":2},"end":{"line":16,"column":3}},{"start":{},"end":{}}],"line":12},"1":{"loc":{"start":{"line":18,"column":2},"end":{"line":23,"column":3}},"type":"if","locations":[{"start":{"line":18,"column":2},"end":{"line":23,"column":3}},{"start":{},"end":{}}],"line":18},"2":{"loc":{"start":{"line":27,"column":2},"end":{"line":37,"column":3}},"type":"if","locations":[{"start":{"line":27,"column":2},"end":{"line":37,"column":3}},{"start":{"line":33,"column":9},"end":{"line":37,"column":3}}],"line":27},"3":{"loc":{"start":{"line":27,"column":6},"end":{"line":27,"column":21}},"type":"binary-expr","locations":[{"start":{"line":27,"column":6},"end":{"line":27,"column":10}},{"start":{"line":27,"column":14},"end":{"line":27,"column":21}}],"line":27},"4":{"loc":{"start":{"line":46,"column":2},"end":{"line":50,"column":3}},"type":"if","locations":[{"start":{"line":46,"column":2},"end":{"line":50,"column":3}},{"start":{},"end":{}}],"line":46},"5":{"loc":{"start":{"line":61,"column":2},"end":{"line":71,"column":3}},"type":"if","locations":[{"start":{"line":61,"column":2},"end":{"line":71,"column":3}},{"start":{"line":67,"column":9},"end":{"line":71,"column":3}}],"line":61},"6":{"loc":{"start":{"line":62,"column":4},"end":{"line":62,"column":45}},"type":"cond-expr","locations":[{"start":{"line":62,"column":14},"end":{"line":62,"column":38}},{"start":{"line":62,"column":41},"end":{"line":62,"column":45}}],"line":62},"7":{"loc":{"start":{"line":103,"column":2},"end":{"line":113,"column":3}},"type":"if","locations":[{"start":{"line":103,"column":2},"end":{"line":113,"column":3}},{"start":{},"end":{}}],"line":103},"8":{"loc":{"start":{"line":149,"column":4},"end":{"line":161,"column":5}},"type":"if","locations":[{"start":{"line":149,"column":4},"end":{"line":161,"column":5}},{"start":{"line":155,"column":11},"end":{"line":161,"column":5}}],"line":149},"9":{"loc":{"start":{"line":174,"column":4},"end":{"line":178,"column":14}},"type":"cond-expr","locations":[{"start":{"line":175,"column":8},"end":{"line":175,"column":14}},{"start":{"line":176,"column":8},"end":{"line":178,"column":14}}],"line":174},"10":{"loc":{"start":{"line":174,"column":4},"end":{"line":174,"column":29}},"type":"binary-expr","locations":[{"start":{"line":174,"column":4},"end":{"line":174,"column":11}},{"start":{"line":174,"column":15},"end":{"line":174,"column":29}}],"line":174},"11":{"loc":{"start":{"line":176,"column":8},"end":{"line":178,"column":14}},"type":"cond-expr","locations":[{"start":{"line":177,"column":8},"end":{"line":177,"column":11}},{"start":{"line":178,"column":8},"end":{"line":178,"column":14}}],"line":176},"12":{"loc":{"start":{"line":176,"column":8},"end":{"line":176,"column":33}},"type":"binary-expr","locations":[{"start":{"line":176,"column":8},"end":{"line":176,"column":15}},{"start":{"line":176,"column":19},"end":{"line":176,"column":33}}],"line":176},"13":{"loc":{"start":{"line":182,"column":2},"end":{"line":199,"column":3}},"type":"if","locations":[{"start":{"line":182,"column":2},"end":{"line":199,"column":3}},{"start":{"line":197,"column":9},"end":{"line":199,"column":3}}],"line":182},"14":{"loc":{"start":{"line":183,"column":16},"end":{"line":183,"column":42}},"type":"binary-expr","locations":[{"start":{"line":183,"column":16},"end":{"line":183,"column":29}},{"start":{"line":183,"column":33},"end":{"line":183,"column":42}}],"line":183},"15":{"loc":{"start":{"line":185,"column":17},"end":{"line":185,"column":45}},"type":"binary-expr","locations":[{"start":{"line":185,"column":17},"end":{"line":185,"column":31}},{"start":{"line":185,"column":35},"end":{"line":185,"column":45}}],"line":185},"16":{"loc":{"start":{"line":186,"column":16},"end":{"line":186,"column":42}},"type":"binary-expr","locations":[{"start":{"line":186,"column":16},"end":{"line":186,"column":29}},{"start":{"line":186,"column":33},"end":{"line":186,"column":42}}],"line":186},"17":{"loc":{"start":{"line":208,"column":2},"end":{"line":223,"column":3}},"type":"if","locations":[{"start":{"line":208,"column":2},"end":{"line":223,"column":3}},{"start":{"line":221,"column":9},"end":{"line":223,"column":3}}],"line":208},"18":{"loc":{"start":{"line":218,"column":8},"end":{"line":218,"column":49}},"type":"cond-expr","locations":[{"start":{"line":218,"column":25},"end":{"line":218,"column":36}},{"start":{"line":218,"column":39},"end":{"line":218,"column":49}}],"line":218},"19":{"loc":{"start":{"line":230,"column":2},"end":{"line":235,"column":3}},"type":"if","locations":[{"start":{"line":230,"column":2},"end":{"line":235,"column":3}},{"start":{},"end":{}}],"line":230},"20":{"loc":{"start":{"line":239,"column":2},"end":{"line":252,"column":3}},"type":"if","locations":[{"start":{"line":239,"column":2},"end":{"line":252,"column":3}},{"start":{"line":250,"column":9},"end":{"line":252,"column":3}}],"line":239}},"s":{"0":2,"1":3,"2":3,"3":3,"4":1,"5":2,"6":1,"7":1,"8":1,"9":1,"10":1,"11":1,"12":0,"13":2,"14":2,"15":2,"16":2,"17":1,"18":1,"19":1,"20":1,"21":1,"22":1,"23":0,"24":2,"25":1,"26":1,"27":2,"28":1,"29":1,"30":1,"31":1,"32":1,"33":1,"34":1,"35":2,"36":1,"37":1,"38":1,"39":2,"40":1,"41":1,"42":2,"43":2,"44":2,"45":2,"46":2,"47":1,"48":1,"49":2,"50":0,"51":2,"52":1,"53":1,"54":1,"55":1,"56":1,"57":1,"58":1,"59":1,"60":1,"61":1,"62":1,"63":0,"64":2,"65":1,"66":1,"67":1,"68":1,"69":1,"70":1,"71":1,"72":0,"73":2,"74":0,"75":0,"76":0,"77":0,"78":0,"79":0,"80":0,"81":0,"82":0,"83":0,"84":2,"85":0,"86":0,"87":0},"f":{"0":3,"1":2,"2":1,"3":1,"4":1,"5":1,"6":2,"7":1,"8":1,"9":0,"10":0},"b":{"0":[1,2],"1":[1,1],"2":[1,0],"3":[1,1],"4":[1,1],"5":[1,0],"6":[0,1],"7":[1,0],"8":[1,1],"9":[1,0],"10":[1,1],"11":[0,0],"12":[0,0],"13":[1,0],"14":[1,0],"15":[1,1],"16":[1,1],"17":[1,0],"18":[1,0],"19":[0,0],"20":[0,0]},"_coverageSchema":"1a1c01bbd47fc00a2c39e90264f33305004495a9","hash":"f2017005ab60d99c9e7d619c36de124fba71c8a6"}
,"D:\\vscode2\\ProjectPulse\\server\\middleware\\authMiddleware.js": {"path":"D:\\vscode2\\ProjectPulse\\server\\middleware\\authMiddleware.js","statementMap":{"0":{"start":{"line":5,"column":21},"end":{"line":34,"column":2}},"1":{"start":{"line":6,"column":14},"end":{"line":6,"column":31}},"2":{"start":{"line":8,"column":2},"end":{"line":33,"column":3}},"3":{"start":{"line":9,"column":4},"end":{"line":28,"column":5}},"4":{"start":{"line":10,"column":27},"end":{"line":10,"column":68}},"5":{"start":{"line":12,"column":19},"end":{"line":14,"column":7}},"6":{"start":{"line":16,"column":6},"end":{"line":20,"column":8}},"7":{"start":{"line":22,"column":6},"end":{"line":22,"column":13}},"8":{"start":{"line":24,"column":6},"end":{"line":24,"column":27}},"9":{"start":{"line":25,"column":6},"end":{"line":27,"column":78}},"10":{"start":{"line":30,"column":4},"end":{"line":32,"column":76}},"11":{"start":{"line":36,"column":21},"end":{"line":45,"column":1}},"12":{"start":{"line":37,"column":2},"end":{"line":44,"column":3}},"13":{"start":{"line":38,"column":4},"end":{"line":38,"column":11}},"14":{"start":{"line":40,"column":4},"end":{"line":43,"column":7}}},"fnMap":{"0":{"name":"(anonymous_0)","decl":{"start":{"line":5,"column":34},"end":{"line":5,"column":35}},"loc":{"start":{"line":5,"column":60},"end":{"line":34,"column":1}},"line":5},"1":{"name":"(anonymous_1)","decl":{"start":{"line":36,"column":21},"end":{"line":36,"column":22}},"loc":{"start":{"line":36,"column":41},"end":{"line":45,"column":1}},"line":36}},"branchMap":{"0":{"loc":{"start":{"line":8,"column":2},"end":{"line":33,"column":3}},"type":"if","locations":[{"start":{"line":8,"column":2},"end":{"line":33,"column":3}},{"start":{"line":29,"column":9},"end":{"line":33,"column":3}}],"line":8},"1":{"loc":{"start":{"line":37,"column":2},"end":{"line":44,"column":3}},"type":"if","locations":[{"start":{"line":37,"column":2},"end":{"line":44,"column":3}},{"start":{"line":39,"column":9},"end":{"line":44,"column":3}}],"line":37},"2":{"loc":{"start":{"line":37,"column":6},"end":{"line":37,"column":34}},"type":"binary-expr","locations":[{"start":{"line":37,"column":6},"end":{"line":37,"column":14}},{"start":{"line":37,"column":18},"end":{"line":37,"column":34}}],"line":37}},"s":{"0":2,"1":2,"2":2,"3":1,"4":1,"5":1,"6":0,"7":0,"8":1,"9":1,"10":1,"11":2,"12":1,"13":0,"14":1},"f":{"0":2,"1":1},"b":{"0":[1,1],"1":[0,1],"2":[1,1]},"_coverageSchema":"1a1c01bbd47fc00a2c39e90264f33305004495a9","hash":"2465592ecc55000782f6ec5bc212e487f2e93f7f"}
,"D:\\vscode2\\ProjectPulse\\server\\middleware\\errorMiddleware.js": {"path":"D:\\vscode2\\ProjectPulse\\server\\middleware\\errorMiddleware.js","statementMap":{"0":{"start":{"line":1,"column":22},"end":{"line":5,"column":1}},"1":{"start":{"line":2,"column":16},"end":{"line":2,"column":65}},"2":{"start":{"line":3,"column":2},"end":{"line":3,"column":18}},"3":{"start":{"line":4,"column":2},"end":{"line":4,"column":14}},"4":{"start":{"line":7,"column":21},"end":{"line":21,"column":1}},"5":{"start":{"line":8,"column":19},"end":{"line":8,"column":64}},"6":{"start":{"line":9,"column":16},"end":{"line":9,"column":27}},"7":{"start":{"line":12,"column":2},"end":{"line":15,"column":3}},"8":{"start":{"line":13,"column":4},"end":{"line":13,"column":21}},"9":{"start":{"line":14,"column":4},"end":{"line":14,"column":35}},"10":{"start":{"line":17,"column":2},"end":{"line":20,"column":5}}},"fnMap":{"0":{"name":"(anonymous_0)","decl":{"start":{"line":1,"column":22},"end":{"line":1,"column":23}},"loc":{"start":{"line":1,"column":42},"end":{"line":5,"column":1}},"line":1},"1":{"name":"(anonymous_1)","decl":{"start":{"line":7,"column":21},"end":{"line":7,"column":22}},"loc":{"start":{"line":7,"column":46},"end":{"line":21,"column":1}},"line":7}},"branchMap":{"0":{"loc":{"start":{"line":8,"column":19},"end":{"line":8,"column":64}},"type":"cond-expr","locations":[{"start":{"line":8,"column":44},"end":{"line":8,"column":47}},{"start":{"line":8,"column":50},"end":{"line":8,"column":64}}],"line":8},"1":{"loc":{"start":{"line":12,"column":2},"end":{"line":15,"column":3}},"type":"if","locations":[{"start":{"line":12,"column":2},"end":{"line":15,"column":3}},{"start":{},"end":{}}],"line":12},"2":{"loc":{"start":{"line":12,"column":6},"end":{"line":12,"column":57}},"type":"binary-expr","locations":[{"start":{"line":12,"column":6},"end":{"line":12,"column":30}},{"start":{"line":12,"column":34},"end":{"line":12,"column":57}}],"line":12},"3":{"loc":{"start":{"line":19,"column":11},"end":{"line":19,"column":67}},"type":"cond-expr","locations":[{"start":{"line":19,"column":51},"end":{"line":19,"column":55}},{"start":{"line":19,"column":58},"end":{"line":19,"column":67}}],"line":19}},"s":{"0":1,"1":2,"2":2,"3":2,"4":1,"5":2,"6":2,"7":2,"8":0,"9":0,"10":2},"f":{"0":2,"1":2},"b":{"0":[0,2],"1":[0,2],"2":[2,0],"3":[0,2]},"_coverageSchema":"1a1c01bbd47fc00a2c39e90264f33305004495a9","hash":"a1a3f057d01cea0adfd4c57306f9c8254e8502b0"}
,"D:\\vscode2\\ProjectPulse\\server\\models\\notis.js": {"path":"D:\\vscode2\\ProjectPulse\\server\\models\\notis.js","statementMap":{"0":{"start":{"line":3,"column":21},"end":{"line":12,"column":1}},"1":{"start":{"line":14,"column":15},"end":{"line":14,"column":53}}},"fnMap":{},"branchMap":{},"s":{"0":3,"1":3},"f":{},"b":{},"_coverageSchema":"1a1c01bbd47fc00a2c39e90264f33305004495a9","hash":"a507c1566ec4a88f7dba405eb59731b703687a9e"}
,"D:\\vscode2\\ProjectPulse\\server\\models\\taskModel.js": {"path":"D:\\vscode2\\ProjectPulse\\server\\models\\taskModel.js","statementMap":{"0":{"start":{"line":3,"column":19},"end":{"line":51,"column":1}},"1":{"start":{"line":53,"column":13},"end":{"line":53,"column":47}}},"fnMap":{},"branchMap":{},"s":{"0":2,"1":2},"f":{},"b":{},"_coverageSchema":"1a1c01bbd47fc00a2c39e90264f33305004495a9","hash":"b9f46f772287860fb6b19a1490c8451ada059382"}
,"D:\\vscode2\\ProjectPulse\\server\\models\\userModel.js": {"path":"D:\\vscode2\\ProjectPulse\\server\\models\\userModel.js","statementMap":{"0":{"start":{"line":4,"column":19},"end":{"line":16,"column":1}},"1":{"start":{"line":18,"column":0},"end":{"line":25,"column":3}},"2":{"start":{"line":19,"column":2},"end":{"line":21,"column":3}},"3":{"start":{"line":20,"column":4},"end":{"line":20,"column":11}},"4":{"start":{"line":23,"column":15},"end":{"line":23,"column":39}},"5":{"start":{"line":24,"column":2},"end":{"line":24,"column":57}},"6":{"start":{"line":27,"column":0},"end":{"line":29,"column":2}},"7":{"start":{"line":28,"column":2},"end":{"line":28,"column":62}},"8":{"start":{"line":31,"column":13},"end":{"line":31,"column":47}}},"fnMap":{"0":{"name":"(anonymous_0)","decl":{"start":{"line":18,"column":23},"end":{"line":18,"column":24}},"loc":{"start":{"line":18,"column":45},"end":{"line":25,"column":1}},"line":18},"1":{"name":"(anonymous_1)","decl":{"start":{"line":27,"column":35},"end":{"line":27,"column":36}},"loc":{"start":{"line":27,"column":68},"end":{"line":29,"column":1}},"line":27}},"branchMap":{"0":{"loc":{"start":{"line":19,"column":2},"end":{"line":21,"column":3}},"type":"if","locations":[{"start":{"line":19,"column":2},"end":{"line":21,"column":3}},{"start":{},"end":{}}],"line":19}},"s":{"0":5,"1":5,"2":1,"3":0,"4":1,"5":1,"6":5,"7":0,"8":5},"f":{"0":1,"1":0},"b":{"0":[0,1]},"_coverageSchema":"1a1c01bbd47fc00a2c39e90264f33305004495a9","hash":"06563a64f48adf531ad90a5388835ca381cdc027"}
,"D:\\vscode2\\ProjectPulse\\server\\routes\\index.js": {"path":"D:\\vscode2\\ProjectPulse\\server\\routes\\index.js","statementMap":{"0":{"start":{"line":5,"column":15},"end":{"line":5,"column":31}},"1":{"start":{"line":7,"column":0},"end":{"line":7,"column":32}},"2":{"start":{"line":8,"column":0},"end":{"line":8,"column":32}}},"fnMap":{},"branchMap":{},"s":{"0":1,"1":1,"2":1},"f":{},"b":{},"_coverageSchema":"1a1c01bbd47fc00a2c39e90264f33305004495a9","hash":"dae5ee9c0997e8affa929f8953d83b09ee97fb7c"}
,"D:\\vscode2\\ProjectPulse\\server\\routes\\taskRoute.js": {"path":"D:\\vscode2\\ProjectPulse\\server\\routes\\taskRoute.js","statementMap":{"0":{"start":{"line":18,"column":15},"end":{"line":18,"column":31}},"1":{"start":{"line":20,"column":0},"end":{"line":20,"column":63}},"2":{"start":{"line":21,"column":0},"end":{"line":21,"column":73}},"3":{"start":{"line":22,"column":0},"end":{"line":22,"column":61}},"4":{"start":{"line":24,"column":0},"end":{"line":24,"column":60}},"5":{"start":{"line":25,"column":0},"end":{"line":25,"column":40}},"6":{"start":{"line":26,"column":0},"end":{"line":26,"column":42}},"7":{"start":{"line":28,"column":0},"end":{"line":28,"column":77}},"8":{"start":{"line":29,"column":0},"end":{"line":29,"column":66}},"9":{"start":{"line":30,"column":0},"end":{"line":30,"column":63}},"10":{"start":{"line":31,"column":0},"end":{"line":35,"column":2}},"11":{"start":{"line":36,"column":0},"end":{"line":36,"column":58}},"12":{"start":{"line":38,"column":0},"end":{"line":43,"column":2}}},"fnMap":{},"branchMap":{},"s":{"0":1,"1":1,"2":1,"3":1,"4":1,"5":1,"6":1,"7":1,"8":1,"9":1,"10":1,"11":1,"12":1},"f":{},"b":{},"_coverageSchema":"1a1c01bbd47fc00a2c39e90264f33305004495a9","hash":"aa42ace9d8154a49eed9d6c99039043a42189606"}
,"D:\\vscode2\\ProjectPulse\\server\\routes\\userRoute.js": {"path":"D:\\vscode2\\ProjectPulse\\server\\routes\\userRoute.js","statementMap":{"0":{"start":{"line":17,"column":15},"end":{"line":17,"column":31}},"1":{"start":{"line":19,"column":0},"end":{"line":19,"column":39}},"2":{"start":{"line":20,"column":0},"end":{"line":20,"column":33}},"3":{"start":{"line":21,"column":0},"end":{"line":21,"column":35}},"4":{"start":{"line":23,"column":0},"end":{"line":23,"column":65}},"5":{"start":{"line":24,"column":0},"end":{"line":24,"column":65}},"6":{"start":{"line":25,"column":0},"end":{"line":25,"column":73}},"7":{"start":{"line":27,"column":0},"end":{"line":27,"column":56}},"8":{"start":{"line":28,"column":0},"end":{"line":28,"column":61}},"9":{"start":{"line":29,"column":0},"end":{"line":29,"column":65}},"10":{"start":{"line":31,"column":0},"end":{"line":34,"column":57}}},"fnMap":{},"branchMap":{},"s":{"0":1,"1":1,"2":1,"3":1,"4":1,"5":1,"6":1,"7":1,"8":1,"9":1,"10":1},"f":{},"b":{},"_coverageSchema":"1a1c01bbd47fc00a2c39e90264f33305004495a9","hash":"09b76a95d884ca8d8c3d25b748ff9dc7391042e1"}
,"D:\\vscode2\\ProjectPulse\\server\\utils\\connectDB.js": {"path":"D:\\vscode2\\ProjectPulse\\server\\utils\\connectDB.js","statementMap":{"0":{"start":{"line":3,"column":21},"end":{"line":11,"column":1}},"1":{"start":{"line":4,"column":2},"end":{"line":10,"column":3}},"2":{"start":{"line":5,"column":4},"end":{"line":5,"column":52}},"3":{"start":{"line":7,"column":4},"end":{"line":7,"column":38}},"4":{"start":{"line":9,"column":4},"end":{"line":9,"column":38}}},"fnMap":{"0":{"name":"(anonymous_0)","decl":{"start":{"line":3,"column":21},"end":{"line":3,"column":22}},"loc":{"start":{"line":3,"column":33},"end":{"line":11,"column":1}},"line":3}},"branchMap":{},"s":{"0":1,"1":2,"2":2,"3":1,"4":1},"f":{"0":2},"b":{},"_coverageSchema":"1a1c01bbd47fc00a2c39e90264f33305004495a9","hash":"72fbe408450cff8bf696671dcfffa22e0450e9eb"}
,"D:\\vscode2\\ProjectPulse\\server\\utils\\index.js": {"path":"D:\\vscode2\\ProjectPulse\\server\\utils\\index.js","statementMap":{"0":{"start":{"line":3,"column":18},"end":{"line":14,"column":1}},"1":{"start":{"line":4,"column":16},"end":{"line":6,"column":4}},"2":{"start":{"line":8,"column":2},"end":{"line":13,"column":5}}},"fnMap":{"0":{"name":"(anonymous_0)","decl":{"start":{"line":3,"column":18},"end":{"line":3,"column":19}},"loc":{"start":{"line":3,"column":35},"end":{"line":14,"column":1}},"line":3}},"branchMap":{},"s":{"0":2,"1":1,"2":1},"f":{"0":1},"b":{},"_coverageSchema":"1a1c01bbd47fc00a2c39e90264f33305004495a9","hash":"6e5a8df87dc5ded644ba210560255b6187db0691"}
}
