TN:
SF:controllers\taskController.js
FN:6,(anonymous_0)
FN:74,(anonymous_1)
FN:131,(anonymous_2)
FN:164,(anonymous_3)
FN:183,(anonymous_4)
FN:212,(anonymous_5)
FN:238,(anonymous_6)
FN:277,(anonymous_7)
FN:302,(anonymous_8)
FN:327,(anonymous_9)
FN:346,(anonymous_10)
FN:377,(anonymous_11)
FN:407,(anonymous_12)
FN:420,(anonymous_13)
FN:425,(anonymous_14)
FNF:15
FNH:12
FNDA:1,(anonymous_0)
FNDA:1,(anonymous_1)
FNDA:1,(anonymous_2)
FNDA:1,(anonymous_3)
FNDA:1,(anonymous_4)
FNDA:1,(anonymous_5)
FNDA:1,(anonymous_6)
FNDA:1,(anonymous_7)
FNDA:1,(anonymous_8)
FNDA:1,(anonymous_9)
FNDA:2,(anonymous_10)
FNDA:1,(anonymous_11)
FNDA:0,(anonymous_12)
FNDA:0,(anonymous_13)
FNDA:0,(anonymous_14)
DA:6,2
DA:7,1
DA:8,1
DA:10,1
DA:13,1
DA:14,1
DA:15,1
DA:18,1
DA:24,1
DA:29,1
DA:31,1
DA:32,1
DA:35,1
DA:47,1
DA:53,1
DA:57,1
DA:58,1
DA:59,2
DA:61,2
DA:65,1
DA:69,0
DA:70,0
DA:74,2
DA:75,1
DA:76,1
DA:77,1
DA:79,1
DA:82,1
DA:83,1
DA:84,0
DA:87,0
DA:95,0
DA:101,0
DA:106,0
DA:107,0
DA:108,0
DA:109,0
DA:110,0
DA:111,0
DA:112,0
DA:113,0
DA:115,0
DA:117,0
DA:123,0
DA:127,1
DA:131,2
DA:132,1
DA:134,1
DA:136,1
DA:137,1
DA:139,1
DA:141,1
DA:142,1
DA:145,1
DA:146,1
DA:147,1
DA:148,1
DA:149,1
DA:150,1
DA:151,1
DA:152,1
DA:154,1
DA:156,1
DA:160,0
DA:164,2
DA:165,1
DA:166,1
DA:167,1
DA:169,1
DA:171,1
DA:173,1
DA:175,1
DA:179,0
DA:183,2
DA:184,1
DA:185,1
DA:186,1
DA:188,1
DA:200,1
DA:207,0
DA:208,0
DA:212,2
DA:213,1
DA:214,1
DA:216,1
DA:217,1
DA:224,1
DA:226,1
DA:228,1
DA:230,1
DA:234,0
DA:238,2
DA:239,1
DA:240,1
DA:242,1
DA:244,1
DA:245,0
DA:247,1
DA:248,0
DA:251,1
DA:252,0
DA:259,0
DA:262,1
DA:269,1
DA:271,1
DA:277,2
DA:278,1
DA:279,1
DA:281,1
DA:292,1
DA:297,0
DA:298,0
DA:302,2
DA:303,1
DA:304,1
DA:305,1
DA:307,1
DA:308,1
DA:310,1
DA:315,1
DA:317,1
DA:319,1
DA:323,0
DA:327,2
DA:328,1
DA:330,1
DA:331,1
DA:333,1
DA:335,1
DA:337,1
DA:342,0
DA:346,2
DA:347,2
DA:348,2
DA:349,2
DA:351,2
DA:352,1
DA:353,1
DA:354,0
DA:355,1
DA:356,1
DA:358,1
DA:360,1
DA:361,0
DA:362,0
DA:368,2
DA:373,0
DA:377,2
DA:378,1
DA:379,1
DA:382,1
DA:401,0
DA:407,0
DA:408,0
DA:410,0
DA:411,0
DA:413,0
DA:416,0
DA:419,0
DA:421,0
DA:422,0
DA:423,0
DA:425,0
DA:428,0
DA:429,0
DA:432,0
DA:440,0
DA:444,1
DA:445,1
LF:169
LH:119
BRDA:14,0,0,1
BRDA:14,0,1,0
BRDA:31,1,0,1
BRDA:31,1,1,0
BRDA:43,2,0,1
BRDA:43,2,1,0
BRDA:57,3,0,1
BRDA:57,3,1,0
BRDA:83,4,0,0
BRDA:83,4,1,0
BRDA:141,5,0,1
BRDA:141,5,1,0
BRDA:202,6,0,1
BRDA:202,6,1,0
BRDA:242,7,0,0
BRDA:242,7,1,1
BRDA:244,8,0,0
BRDA:244,8,1,1
BRDA:247,9,0,0
BRDA:247,9,1,1
BRDA:251,10,0,0
BRDA:251,10,1,1
BRDA:351,11,0,1
BRDA:351,11,1,1
BRDA:353,12,0,0
BRDA:353,12,1,1
BRDA:355,13,0,1
BRDA:355,13,1,0
BRDA:361,14,0,0
BRDA:361,14,1,0
BRDA:382,15,0,1
BRDA:382,15,1,0
BRDA:410,16,0,0
BRDA:410,16,1,0
BRDA:422,17,0,0
BRDA:422,17,1,0
BRDA:435,18,0,0
BRDA:435,18,1,0
BRF:38
BRH:15
end_of_record
TN:
SF:controllers\userController.js
FN:7,(anonymous_0)
FN:41,(anonymous_1)
FN:75,(anonymous_2)
FN:99,(anonymous_3)
FN:121,(anonymous_4)
FN:135,(anonymous_5)
FN:144,(anonymous_6)
FN:169,(anonymous_7)
FN:203,(anonymous_8)
FN:226,(anonymous_9)
FN:256,(anonymous_10)
FNF:11
FNH:9
FNDA:3,(anonymous_0)
FNDA:2,(anonymous_1)
FNDA:1,(anonymous_2)
FNDA:1,(anonymous_3)
FNDA:1,(anonymous_4)
FNDA:1,(anonymous_5)
FNDA:2,(anonymous_6)
FNDA:1,(anonymous_7)
FNDA:1,(anonymous_8)
FNDA:0,(anonymous_9)
FNDA:0,(anonymous_10)
DA:7,2
DA:8,3
DA:10,3
DA:12,3
DA:13,1
DA:18,2
DA:19,1
DA:25,1
DA:27,1
DA:28,1
DA:30,1
DA:32,1
DA:34,0
DA:41,2
DA:42,2
DA:44,2
DA:46,2
DA:47,1
DA:52,1
DA:61,1
DA:62,1
DA:64,1
DA:66,1
DA:68,0
DA:75,2
DA:76,1
DA:80,1
DA:99,2
DA:100,1
DA:101,1
DA:103,1
DA:104,1
DA:112,1
DA:115,1
DA:117,1
DA:121,2
DA:122,1
DA:124,1
DA:131,1
DA:135,2
DA:136,1
DA:140,1
DA:144,2
DA:145,2
DA:146,2
DA:147,2
DA:149,2
DA:150,1
DA:156,1
DA:162,2
DA:164,0
DA:169,2
DA:170,1
DA:171,1
DA:174,1
DA:180,1
DA:182,1
DA:183,1
DA:185,1
DA:186,1
DA:188,1
DA:190,1
DA:192,1
DA:198,0
DA:203,2
DA:204,1
DA:206,1
DA:208,1
DA:209,1
DA:211,1
DA:213,1
DA:215,1
DA:222,0
DA:226,2
DA:227,0
DA:230,0
DA:231,0
DA:237,0
DA:239,0
DA:240,0
DA:242,0
DA:244,0
DA:246,0
DA:251,0
DA:256,2
DA:257,0
DA:259,0
DA:261,0
LF:88
LH:70
BRDA:12,0,0,1
BRDA:12,0,1,2
BRDA:18,1,0,1
BRDA:18,1,1,1
BRDA:27,2,0,1
BRDA:27,2,1,0
BRDA:27,3,0,1
BRDA:27,3,1,1
BRDA:46,4,0,1
BRDA:46,4,1,1
BRDA:61,5,0,1
BRDA:61,5,1,0
BRDA:62,6,0,0
BRDA:62,6,1,1
BRDA:103,7,0,1
BRDA:103,7,1,0
BRDA:149,8,0,1
BRDA:149,8,1,1
BRDA:174,9,0,1
BRDA:174,9,1,0
BRDA:174,10,0,1
BRDA:174,10,1,1
BRDA:176,11,0,0
BRDA:176,11,1,0
BRDA:176,12,0,0
BRDA:176,12,1,0
BRDA:182,13,0,1
BRDA:182,13,1,0
BRDA:183,14,0,1
BRDA:183,14,1,0
BRDA:185,15,0,1
BRDA:185,15,1,1
BRDA:186,16,0,1
BRDA:186,16,1,1
BRDA:208,17,0,1
BRDA:208,17,1,0
BRDA:218,18,0,1
BRDA:218,18,1,0
BRDA:230,19,0,0
BRDA:230,19,1,0
BRDA:239,20,0,0
BRDA:239,20,1,0
BRF:42
BRH:25
end_of_record
TN:
SF:middleware\authMiddleware.js
FN:5,(anonymous_0)
FN:36,(anonymous_1)
FNF:2
FNH:2
FNDA:2,(anonymous_0)
FNDA:1,(anonymous_1)
DA:5,2
DA:6,2
DA:8,2
DA:9,1
DA:10,1
DA:12,1
DA:16,0
DA:22,0
DA:24,1
DA:25,1
DA:30,1
DA:36,2
DA:37,1
DA:38,0
DA:40,1
LF:15
LH:12
BRDA:8,0,0,1
BRDA:8,0,1,1
BRDA:37,1,0,0
BRDA:37,1,1,1
BRDA:37,2,0,1
BRDA:37,2,1,1
BRF:6
BRH:5
end_of_record
TN:
SF:middleware\errorMiddleware.js
FN:1,(anonymous_0)
FN:7,(anonymous_1)
FNF:2
FNH:2
FNDA:2,(anonymous_0)
FNDA:2,(anonymous_1)
DA:1,1
DA:2,2
DA:3,2
DA:4,2
DA:7,1
DA:8,2
DA:9,2
DA:12,2
DA:13,0
DA:14,0
DA:17,2
LF:11
LH:9
BRDA:8,0,0,0
BRDA:8,0,1,2
BRDA:12,1,0,0
BRDA:12,1,1,2
BRDA:12,2,0,2
BRDA:12,2,1,0
BRDA:19,3,0,0
BRDA:19,3,1,2
BRF:8
BRH:4
end_of_record
TN:
SF:models\notis.js
FNF:0
FNH:0
DA:3,3
DA:14,3
LF:2
LH:2
BRF:0
BRH:0
end_of_record
TN:
SF:models\taskModel.js
FNF:0
FNH:0
DA:3,2
DA:53,2
LF:2
LH:2
BRF:0
BRH:0
end_of_record
TN:
SF:models\userModel.js
FN:18,(anonymous_0)
FN:27,(anonymous_1)
FNF:2
FNH:1
FNDA:1,(anonymous_0)
FNDA:0,(anonymous_1)
DA:4,5
DA:18,5
DA:19,1
DA:20,0
DA:23,1
DA:24,1
DA:27,5
DA:28,0
DA:31,5
LF:9
LH:7
BRDA:19,0,0,0
BRDA:19,0,1,1
BRF:2
BRH:1
end_of_record
TN:
SF:routes\index.js
FNF:0
FNH:0
DA:5,1
DA:7,1
DA:8,1
LF:3
LH:3
BRF:0
BRH:0
end_of_record
TN:
SF:routes\taskRoute.js
FNF:0
FNH:0
DA:18,1
DA:20,1
DA:21,1
DA:22,1
DA:24,1
DA:25,1
DA:26,1
DA:28,1
DA:29,1
DA:30,1
DA:31,1
DA:36,1
DA:38,1
LF:13
LH:13
BRF:0
BRH:0
end_of_record
TN:
SF:routes\userRoute.js
FNF:0
FNH:0
DA:17,1
DA:19,1
DA:20,1
DA:21,1
DA:23,1
DA:24,1
DA:25,1
DA:27,1
DA:28,1
DA:29,1
DA:31,1
LF:11
LH:11
BRF:0
BRH:0
end_of_record
TN:
SF:utils\connectDB.js
FN:3,(anonymous_0)
FNF:1
FNH:1
FNDA:2,(anonymous_0)
DA:3,1
DA:4,2
DA:5,2
DA:7,1
DA:9,1
LF:5
LH:5
BRF:0
BRH:0
end_of_record
TN:
SF:utils\index.js
FN:3,(anonymous_0)
FNF:1
FNH:1
FNDA:1,(anonymous_0)
DA:3,2
DA:4,1
DA:8,1
LF:3
LH:3
BRF:0
BRH:0
end_of_record
