{"D:\\vscode2\\ProjectPulse\\client\\src\\App.jsx": {"path":"D:\\vscode2\\ProjectPulse\\client\\src\\App.jsx","statementMap":{"0":{"start":{"line":20,"column":19},"end":{"line":20,"column":53}},"1":{"start":{"line":20,"column":42},"end":{"line":20,"column":52}},"2":{"start":{"line":21,"column":19},"end":{"line":21,"column":32}},"3":{"start":{"line":23,"column":2},"end":{"line":41,"column":4}},"4":{"start":{"line":44,"column":22},"end":{"line":91,"column":1}},"5":{"start":{"line":45,"column":28},"end":{"line":45,"column":62}},"6":{"start":{"line":45,"column":51},"end":{"line":45,"column":61}},"7":{"start":{"line":46,"column":24},"end":{"line":46,"column":36}},"8":{"start":{"line":47,"column":19},"end":{"line":47,"column":32}},"9":{"start":{"line":49,"column":23},"end":{"line":51,"column":3}},"10":{"start":{"line":50,"column":4},"end":{"line":50,"column":36}},"11":{"start":{"line":53,"column":2},"end":{"line":90,"column":4}},"12":{"start":{"line":66,"column":10},"end":{"line":86,"column":16}},"13":{"start":{"line":67,"column":28},"end":{"line":67,"column":56}},"14":{"start":{"line":70,"column":27},"end":{"line":70,"column":41}},"15":{"start":{"line":75,"column":33},"end":{"line":75,"column":47}},"16":{"start":{"line":93,"column":12},"end":{"line":120,"column":1}},"17":{"start":{"line":94,"column":16},"end":{"line":94,"column":23}},"18":{"start":{"line":96,"column":2},"end":{"line":119,"column":4}}},"fnMap":{"0":{"name":"Layout","decl":{"start":{"line":19,"column":9},"end":{"line":19,"column":15}},"loc":{"start":{"line":19,"column":18},"end":{"line":42,"column":1}},"line":19},"1":{"name":"(anonymous_1)","decl":{"start":{"line":20,"column":31},"end":{"line":20,"column":32}},"loc":{"start":{"line":20,"column":42},"end":{"line":20,"column":52}},"line":20},"2":{"name":"(anonymous_2)","decl":{"start":{"line":44,"column":22},"end":{"line":44,"column":23}},"loc":{"start":{"line":44,"column":28},"end":{"line":91,"column":1}},"line":44},"3":{"name":"(anonymous_3)","decl":{"start":{"line":45,"column":40},"end":{"line":45,"column":41}},"loc":{"start":{"line":45,"column":51},"end":{"line":45,"column":61}},"line":45},"4":{"name":"(anonymous_4)","decl":{"start":{"line":49,"column":23},"end":{"line":49,"column":24}},"loc":{"start":{"line":49,"column":29},"end":{"line":51,"column":3}},"line":49},"5":{"name":"(anonymous_5)","decl":{"start":{"line":65,"column":9},"end":{"line":65,"column":10}},"loc":{"start":{"line":66,"column":10},"end":{"line":86,"column":16}},"line":66},"6":{"name":"(anonymous_6)","decl":{"start":{"line":67,"column":17},"end":{"line":67,"column":18}},"loc":{"start":{"line":67,"column":28},"end":{"line":67,"column":56}},"line":67},"7":{"name":"(anonymous_7)","decl":{"start":{"line":70,"column":21},"end":{"line":70,"column":22}},"loc":{"start":{"line":70,"column":27},"end":{"line":70,"column":41}},"line":70},"8":{"name":"(anonymous_8)","decl":{"start":{"line":75,"column":27},"end":{"line":75,"column":28}},"loc":{"start":{"line":75,"column":33},"end":{"line":75,"column":47}},"line":75},"9":{"name":"(anonymous_9)","decl":{"start":{"line":93,"column":12},"end":{"line":93,"column":13}},"loc":{"start":{"line":93,"column":18},"end":{"line":120,"column":1}},"line":93}},"branchMap":{"0":{"loc":{"start":{"line":23,"column":9},"end":{"line":41,"column":3}},"type":"cond-expr","locations":[{"start":{"line":24,"column":4},"end":{"line":38,"column":10}},{"start":{"line":40,"column":4},"end":{"line":40,"column":64}}],"line":23},"1":{"loc":{"start":{"line":69,"column":15},"end":{"line":69,"column":68}},"type":"cond-expr","locations":[{"start":{"line":69,"column":31},"end":{"line":69,"column":46}},{"start":{"line":69,"column":49},"end":{"line":69,"column":68}}],"line":69}},"s":{"0":0,"1":0,"2":0,"3":0,"4":0,"5":0,"6":0,"7":0,"8":0,"9":0,"10":0,"11":0,"12":0,"13":0,"14":0,"15":0,"16":0,"17":0,"18":0},"f":{"0":0,"1":0,"2":0,"3":0,"4":0,"5":0,"6":0,"7":0,"8":0,"9":0},"b":{"0":[0,0],"1":[0,0]}}
,"D:\\vscode2\\ProjectPulse\\client\\src\\main.jsx": {"path":"D:\\vscode2\\ProjectPulse\\client\\src\\main.jsx","statementMap":{"0":{"start":{"line":10,"column":0},"end":{"line":18,"column":2}}},"fnMap":{},"branchMap":{},"s":{"0":0},"f":{},"b":{}}
,"D:\\vscode2\\ProjectPulse\\client\\src\\components\\AddUser.jsx": {"path":"D:\\vscode2\\ProjectPulse\\client\\src\\components\\AddUser.jsx","statementMap":{"0":{"start":{"line":11,"column":16},"end":{"line":133,"column":1}},"1":{"start":{"line":12,"column":22},"end":{"line":12,"column":36}},"2":{"start":{"line":13,"column":19},"end":{"line":13,"column":53}},"3":{"start":{"line":13,"column":42},"end":{"line":13,"column":52}},"4":{"start":{"line":19,"column":6},"end":{"line":19,"column":32}},"5":{"start":{"line":21,"column":19},"end":{"line":21,"column":32}},"6":{"start":{"line":23,"column":38},"end":{"line":23,"column":59}},"7":{"start":{"line":24,"column":50},"end":{"line":24,"column":73}},"8":{"start":{"line":26,"column":25},"end":{"line":49,"column":3}},"9":{"start":{"line":27,"column":4},"end":{"line":48,"column":5}},"10":{"start":{"line":28,"column":6},"end":{"line":40,"column":7}},"11":{"start":{"line":29,"column":20},"end":{"line":29,"column":51}},"12":{"start":{"line":30,"column":8},"end":{"line":30,"column":36}},"13":{"start":{"line":31,"column":8},"end":{"line":33,"column":9}},"14":{"start":{"line":32,"column":10},"end":{"line":32,"column":53}},"15":{"start":{"line":35,"column":20},"end":{"line":38,"column":19}},"16":{"start":{"line":39,"column":8},"end":{"line":39,"column":53}},"17":{"start":{"line":42,"column":6},"end":{"line":44,"column":15}},"18":{"start":{"line":43,"column":8},"end":{"line":43,"column":23}},"19":{"start":{"line":46,"column":6},"end":{"line":46,"column":23}},"20":{"start":{"line":47,"column":6},"end":{"line":47,"column":51}},"21":{"start":{"line":51,"column":2},"end":{"line":132,"column":4}},"22":{"start":{"line":124,"column":31},"end":{"line":124,"column":45}}},"fnMap":{"0":{"name":"(anonymous_0)","decl":{"start":{"line":11,"column":16},"end":{"line":11,"column":17}},"loc":{"start":{"line":11,"column":49},"end":{"line":133,"column":1}},"line":11},"1":{"name":"(anonymous_1)","decl":{"start":{"line":13,"column":31},"end":{"line":13,"column":32}},"loc":{"start":{"line":13,"column":42},"end":{"line":13,"column":52}},"line":13},"2":{"name":"(anonymous_2)","decl":{"start":{"line":26,"column":25},"end":{"line":26,"column":26}},"loc":{"start":{"line":26,"column":41},"end":{"line":49,"column":3}},"line":26},"3":{"name":"(anonymous_3)","decl":{"start":{"line":42,"column":17},"end":{"line":42,"column":18}},"loc":{"start":{"line":42,"column":23},"end":{"line":44,"column":7}},"line":42},"4":{"name":"(anonymous_4)","decl":{"start":{"line":124,"column":25},"end":{"line":124,"column":26}},"loc":{"start":{"line":124,"column":31},"end":{"line":124,"column":45}},"line":124}},"branchMap":{"0":{"loc":{"start":{"line":12,"column":22},"end":{"line":12,"column":36}},"type":"binary-expr","locations":[{"start":{"line":12,"column":22},"end":{"line":12,"column":30}},{"start":{"line":12,"column":34},"end":{"line":12,"column":36}}],"line":12},"1":{"loc":{"start":{"line":28,"column":6},"end":{"line":40,"column":7}},"type":"if","locations":[{"start":{"line":28,"column":6},"end":{"line":40,"column":7}},{"start":{"line":34,"column":13},"end":{"line":40,"column":7}}],"line":28},"2":{"loc":{"start":{"line":31,"column":8},"end":{"line":33,"column":9}},"type":"if","locations":[{"start":{"line":31,"column":8},"end":{"line":33,"column":9}},{"start":{},"end":{}}],"line":31},"3":{"loc":{"start":{"line":47,"column":18},"end":{"line":47,"column":49}},"type":"binary-expr","locations":[{"start":{"line":47,"column":18},"end":{"line":47,"column":36}},{"start":{"line":47,"column":40},"end":{"line":47,"column":49}}],"line":47},"4":{"loc":{"start":{"line":59,"column":13},"end":{"line":59,"column":57}},"type":"cond-expr","locations":[{"start":{"line":59,"column":24},"end":{"line":59,"column":40}},{"start":{"line":59,"column":43},"end":{"line":59,"column":57}}],"line":59},"5":{"loc":{"start":{"line":71,"column":21},"end":{"line":71,"column":59}},"type":"cond-expr","locations":[{"start":{"line":71,"column":35},"end":{"line":71,"column":54}},{"start":{"line":71,"column":57},"end":{"line":71,"column":59}}],"line":71},"6":{"loc":{"start":{"line":82,"column":21},"end":{"line":82,"column":61}},"type":"cond-expr","locations":[{"start":{"line":82,"column":36},"end":{"line":82,"column":56}},{"start":{"line":82,"column":59},"end":{"line":82,"column":61}}],"line":82},"7":{"loc":{"start":{"line":93,"column":21},"end":{"line":93,"column":61}},"type":"cond-expr","locations":[{"start":{"line":93,"column":36},"end":{"line":93,"column":56}},{"start":{"line":93,"column":59},"end":{"line":93,"column":61}}],"line":93},"8":{"loc":{"start":{"line":105,"column":21},"end":{"line":105,"column":59}},"type":"cond-expr","locations":[{"start":{"line":105,"column":35},"end":{"line":105,"column":54}},{"start":{"line":105,"column":57},"end":{"line":105,"column":59}}],"line":105},"9":{"loc":{"start":{"line":109,"column":11},"end":{"line":128,"column":11}},"type":"cond-expr","locations":[{"start":{"line":110,"column":12},"end":{"line":112,"column":18}},{"start":{"line":114,"column":12},"end":{"line":127,"column":18}}],"line":109},"10":{"loc":{"start":{"line":109,"column":11},"end":{"line":109,"column":34}},"type":"binary-expr","locations":[{"start":{"line":109,"column":11},"end":{"line":109,"column":20}},{"start":{"line":109,"column":24},"end":{"line":109,"column":34}}],"line":109}},"s":{"0":10,"1":28,"2":28,"3":0,"4":0,"5":0,"6":0,"7":0,"8":0,"9":0,"10":0,"11":0,"12":0,"13":0,"14":0,"15":0,"16":0,"17":0,"18":0,"19":0,"20":0,"21":0,"22":0},"f":{"0":28,"1":0,"2":0,"3":0,"4":0},"b":{"0":[28,28],"1":[0,0],"2":[0,0],"3":[0,0],"4":[0,0],"5":[0,0],"6":[0,0],"7":[0,0],"8":[0,0],"9":[0,0],"10":[0,0]},"_coverageSchema":"1a1c01bbd47fc00a2c39e90264f33305004495a9","hash":"936d4e2c365bd62f199d9cc5e49eb4cefb10ce38"}
,"D:\\vscode2\\ProjectPulse\\client\\src\\components\\Button.jsx": {"path":"D:\\vscode2\\ProjectPulse\\client\\src\\components\\Button.jsx","statementMap":{"0":{"start":{"line":3,"column":15},"end":{"line":15,"column":1}},"1":{"start":{"line":4,"column":2},"end":{"line":14,"column":4}}},"fnMap":{"0":{"name":"(anonymous_0)","decl":{"start":{"line":3,"column":15},"end":{"line":3,"column":16}},"loc":{"start":{"line":3,"column":73},"end":{"line":15,"column":1}},"line":3},"1":{"name":"(anonymous_1)","decl":{"start":{"line":3,"column":52},"end":{"line":3,"column":53}},"loc":{"start":{"line":3,"column":58},"end":{"line":3,"column":60}},"line":3}},"branchMap":{"0":{"loc":{"start":{"line":3,"column":42},"end":{"line":3,"column":60}},"type":"default-arg","locations":[{"start":{"line":3,"column":52},"end":{"line":3,"column":60}}],"line":3},"1":{"loc":{"start":{"line":6,"column":12},"end":{"line":6,"column":28}},"type":"binary-expr","locations":[{"start":{"line":6,"column":12},"end":{"line":6,"column":16}},{"start":{"line":6,"column":20},"end":{"line":6,"column":28}}],"line":6},"2":{"loc":{"start":{"line":12,"column":7},"end":{"line":12,"column":19}},"type":"binary-expr","locations":[{"start":{"line":12,"column":7},"end":{"line":12,"column":11}},{"start":{"line":12,"column":15},"end":{"line":12,"column":19}}],"line":12}},"s":{"0":11,"1":50},"f":{"0":50,"1":0},"b":{"0":[0],"1":[50,28],"2":[50,28]},"_coverageSchema":"1a1c01bbd47fc00a2c39e90264f33305004495a9","hash":"f1b018755e2ff164684f5da8e8b67256c1f7bd80"}
,"D:\\vscode2\\ProjectPulse\\client\\src\\components\\ChangePassword.jsx": {"path":"D:\\vscode2\\ProjectPulse\\client\\src\\components\\ChangePassword.jsx","statementMap":{"0":{"start":{"line":11,"column":23},"end":{"line":98,"column":1}},"1":{"start":{"line":16,"column":6},"end":{"line":16,"column":15}},"2":{"start":{"line":18,"column":46},"end":{"line":18,"column":73}},"3":{"start":{"line":20,"column":25},"end":{"line":36,"column":3}},"4":{"start":{"line":21,"column":4},"end":{"line":24,"column":5}},"5":{"start":{"line":22,"column":6},"end":{"line":22,"column":47}},"6":{"start":{"line":23,"column":6},"end":{"line":23,"column":13}},"7":{"start":{"line":25,"column":4},"end":{"line":35,"column":5}},"8":{"start":{"line":26,"column":18},"end":{"line":26,"column":57}},"9":{"start":{"line":27,"column":6},"end":{"line":27,"column":51}},"10":{"start":{"line":29,"column":6},"end":{"line":31,"column":15}},"11":{"start":{"line":30,"column":8},"end":{"line":30,"column":23}},"12":{"start":{"line":33,"column":6},"end":{"line":33,"column":23}},"13":{"start":{"line":34,"column":6},"end":{"line":34,"column":51}},"14":{"start":{"line":38,"column":2},"end":{"line":97,"column":4}},"15":{"start":{"line":88,"column":31},"end":{"line":88,"column":45}}},"fnMap":{"0":{"name":"(anonymous_0)","decl":{"start":{"line":11,"column":23},"end":{"line":11,"column":24}},"loc":{"start":{"line":11,"column":46},"end":{"line":98,"column":1}},"line":11},"1":{"name":"(anonymous_1)","decl":{"start":{"line":20,"column":25},"end":{"line":20,"column":26}},"loc":{"start":{"line":20,"column":41},"end":{"line":36,"column":3}},"line":20},"2":{"name":"(anonymous_2)","decl":{"start":{"line":29,"column":17},"end":{"line":29,"column":18}},"loc":{"start":{"line":29,"column":23},"end":{"line":31,"column":7}},"line":29},"3":{"name":"(anonymous_3)","decl":{"start":{"line":88,"column":25},"end":{"line":88,"column":26}},"loc":{"start":{"line":88,"column":31},"end":{"line":88,"column":45}},"line":88}},"branchMap":{"0":{"loc":{"start":{"line":21,"column":4},"end":{"line":24,"column":5}},"type":"if","locations":[{"start":{"line":21,"column":4},"end":{"line":24,"column":5}},{"start":{},"end":{}}],"line":21},"1":{"loc":{"start":{"line":34,"column":18},"end":{"line":34,"column":49}},"type":"binary-expr","locations":[{"start":{"line":34,"column":18},"end":{"line":34,"column":36}},{"start":{"line":34,"column":40},"end":{"line":34,"column":49}}],"line":34},"2":{"loc":{"start":{"line":58,"column":21},"end":{"line":58,"column":67}},"type":"cond-expr","locations":[{"start":{"line":58,"column":39},"end":{"line":58,"column":62}},{"start":{"line":58,"column":65},"end":{"line":58,"column":67}}],"line":58},"3":{"loc":{"start":{"line":69,"column":21},"end":{"line":69,"column":61}},"type":"cond-expr","locations":[{"start":{"line":69,"column":36},"end":{"line":69,"column":56}},{"start":{"line":69,"column":59},"end":{"line":69,"column":61}}],"line":69},"4":{"loc":{"start":{"line":73,"column":11},"end":{"line":93,"column":11}},"type":"cond-expr","locations":[{"start":{"line":74,"column":12},"end":{"line":76,"column":18}},{"start":{"line":78,"column":12},"end":{"line":92,"column":18}}],"line":73}},"s":{"0":11,"1":16,"2":16,"3":0,"4":0,"5":0,"6":0,"7":0,"8":0,"9":0,"10":0,"11":0,"12":0,"13":0,"14":0,"15":0},"f":{"0":16,"1":0,"2":0,"3":0},"b":{"0":[0,0],"1":[0,0],"2":[0,0],"3":[0,0],"4":[0,0]},"_coverageSchema":"1a1c01bbd47fc00a2c39e90264f33305004495a9","hash":"513913c6f6db7146cbb63f203eb9503e0ad410c6"}
,"D:\\vscode2\\ProjectPulse\\client\\src\\components\\Chart.jsx": {"path":"D:\\vscode2\\ProjectPulse\\client\\src\\components\\Chart.jsx","statementMap":{"0":{"start":{"line":12,"column":21},"end":{"line":27,"column":1}},"1":{"start":{"line":13,"column":2},"end":{"line":26,"column":4}}},"fnMap":{"0":{"name":"(anonymous_0)","decl":{"start":{"line":12,"column":21},"end":{"line":12,"column":22}},"loc":{"start":{"line":12,"column":35},"end":{"line":27,"column":1}},"line":12}},"branchMap":{},"s":{"0":10,"1":0},"f":{"0":0},"b":{},"_coverageSchema":"1a1c01bbd47fc00a2c39e90264f33305004495a9","hash":"f4403268e8516c9be0bcc33b8f747ad309b5336d"}
,"D:\\vscode2\\ProjectPulse\\client\\src\\components\\ConfirmationDialog.jsx": {"path":"D:\\vscode2\\ProjectPulse\\client\\src\\components\\ConfirmationDialog.jsx","statementMap":{"0":{"start":{"line":15,"column":22},"end":{"line":19,"column":3}},"1":{"start":{"line":16,"column":4},"end":{"line":16,"column":22}},"2":{"start":{"line":17,"column":4},"end":{"line":17,"column":17}},"3":{"start":{"line":18,"column":4},"end":{"line":18,"column":19}},"4":{"start":{"line":21,"column":2},"end":{"line":65,"column":4}},"5":{"start":{"line":58,"column":29},"end":{"line":58,"column":42}},"6":{"start":{"line":69,"column":22},"end":{"line":71,"column":3}},"7":{"start":{"line":70,"column":4},"end":{"line":70,"column":19}},"8":{"start":{"line":73,"column":2},"end":{"line":108,"column":4}},"9":{"start":{"line":101,"column":29},"end":{"line":101,"column":42}}},"fnMap":{"0":{"name":"ConfirmatioDialog","decl":{"start":{"line":6,"column":24},"end":{"line":6,"column":41}},"loc":{"start":{"line":14,"column":3},"end":{"line":66,"column":1}},"line":14},"1":{"name":"(anonymous_1)","decl":{"start":{"line":10,"column":12},"end":{"line":10,"column":13}},"loc":{"start":{"line":10,"column":18},"end":{"line":10,"column":20}},"line":10},"2":{"name":"(anonymous_2)","decl":{"start":{"line":12,"column":11},"end":{"line":12,"column":12}},"loc":{"start":{"line":12,"column":17},"end":{"line":12,"column":19}},"line":12},"3":{"name":"(anonymous_3)","decl":{"start":{"line":13,"column":12},"end":{"line":13,"column":13}},"loc":{"start":{"line":13,"column":18},"end":{"line":13,"column":20}},"line":13},"4":{"name":"(anonymous_4)","decl":{"start":{"line":15,"column":22},"end":{"line":15,"column":23}},"loc":{"start":{"line":15,"column":28},"end":{"line":19,"column":3}},"line":15},"5":{"name":"(anonymous_5)","decl":{"start":{"line":58,"column":23},"end":{"line":58,"column":24}},"loc":{"start":{"line":58,"column":29},"end":{"line":58,"column":42}},"line":58},"6":{"name":"UserAction","decl":{"start":{"line":68,"column":16},"end":{"line":68,"column":26}},"loc":{"start":{"line":68,"column":66},"end":{"line":109,"column":1}},"line":68},"7":{"name":"(anonymous_7)","decl":{"start":{"line":68,"column":54},"end":{"line":68,"column":55}},"loc":{"start":{"line":68,"column":60},"end":{"line":68,"column":62}},"line":68},"8":{"name":"(anonymous_8)","decl":{"start":{"line":69,"column":22},"end":{"line":69,"column":23}},"loc":{"start":{"line":69,"column":28},"end":{"line":71,"column":3}},"line":69},"9":{"name":"(anonymous_9)","decl":{"start":{"line":101,"column":23},"end":{"line":101,"column":24}},"loc":{"start":{"line":101,"column":29},"end":{"line":101,"column":42}},"line":101}},"branchMap":{"0":{"loc":{"start":{"line":10,"column":2},"end":{"line":10,"column":20}},"type":"default-arg","locations":[{"start":{"line":10,"column":12},"end":{"line":10,"column":20}}],"line":10},"1":{"loc":{"start":{"line":11,"column":2},"end":{"line":11,"column":17}},"type":"default-arg","locations":[{"start":{"line":11,"column":9},"end":{"line":11,"column":17}}],"line":11},"2":{"loc":{"start":{"line":12,"column":2},"end":{"line":12,"column":19}},"type":"default-arg","locations":[{"start":{"line":12,"column":11},"end":{"line":12,"column":19}}],"line":12},"3":{"loc":{"start":{"line":13,"column":2},"end":{"line":13,"column":20}},"type":"default-arg","locations":[{"start":{"line":13,"column":12},"end":{"line":13,"column":20}}],"line":13},"4":{"loc":{"start":{"line":29,"column":16},"end":{"line":31,"column":45}},"type":"cond-expr","locations":[{"start":{"line":30,"column":20},"end":{"line":30,"column":51}},{"start":{"line":31,"column":20},"end":{"line":31,"column":45}}],"line":29},"5":{"loc":{"start":{"line":29,"column":16},"end":{"line":29,"column":59}},"type":"binary-expr","locations":[{"start":{"line":29,"column":16},"end":{"line":29,"column":34}},{"start":{"line":29,"column":38},"end":{"line":29,"column":59}}],"line":29},"6":{"loc":{"start":{"line":39,"column":13},"end":{"line":39,"column":74}},"type":"binary-expr","locations":[{"start":{"line":39,"column":13},"end":{"line":39,"column":16}},{"start":{"line":39,"column":20},"end":{"line":39,"column":74}}],"line":39},"7":{"loc":{"start":{"line":47,"column":16},"end":{"line":49,"column":49}},"type":"cond-expr","locations":[{"start":{"line":48,"column":20},"end":{"line":48,"column":35}},{"start":{"line":49,"column":20},"end":{"line":49,"column":49}}],"line":47},"8":{"loc":{"start":{"line":47,"column":16},"end":{"line":47,"column":59}},"type":"binary-expr","locations":[{"start":{"line":47,"column":16},"end":{"line":47,"column":34}},{"start":{"line":47,"column":38},"end":{"line":47,"column":59}}],"line":47},"9":{"loc":{"start":{"line":52,"column":21},"end":{"line":52,"column":62}},"type":"cond-expr","locations":[{"start":{"line":52,"column":42},"end":{"line":52,"column":51}},{"start":{"line":52,"column":54},"end":{"line":52,"column":62}}],"line":52},"10":{"loc":{"start":{"line":68,"column":44},"end":{"line":68,"column":62}},"type":"default-arg","locations":[{"start":{"line":68,"column":54},"end":{"line":68,"column":62}}],"line":68}},"s":{"0":17,"1":0,"2":0,"3":0,"4":17,"5":0,"6":2,"7":0,"8":2,"9":0},"f":{"0":17,"1":0,"2":0,"3":0,"4":0,"5":0,"6":2,"7":0,"8":0,"9":0},"b":{"0":[1],"1":[8],"2":[9],"3":[9],"4":[1,16],"5":[17,16],"6":[17,17],"7":[1,16],"8":[17,16],"9":[1,16],"10":[0]},"_coverageSchema":"1a1c01bbd47fc00a2c39e90264f33305004495a9","hash":"41dda7b9f7acfc862f5c006121ab190e0f0c796d"}
,"D:\\vscode2\\ProjectPulse\\client\\src\\components\\Loading.jsx": {"path":"D:\\vscode2\\ProjectPulse\\client\\src\\components\\Loading.jsx","statementMap":{"0":{"start":{"line":1,"column":16},"end":{"line":11,"column":1}},"1":{"start":{"line":2,"column":2},"end":{"line":10,"column":4}}},"fnMap":{"0":{"name":"(anonymous_0)","decl":{"start":{"line":1,"column":16},"end":{"line":1,"column":17}},"loc":{"start":{"line":1,"column":22},"end":{"line":11,"column":1}},"line":1}},"branchMap":{},"s":{"0":11,"1":3},"f":{"0":3},"b":{},"_coverageSchema":"1a1c01bbd47fc00a2c39e90264f33305004495a9","hash":"49a4d46cb4f2cb9f477e9bdcbfe3a698934db31e"}
,"D:\\vscode2\\ProjectPulse\\client\\src\\components\\ModalWrapper.jsx": {"path":"D:\\vscode2\\ProjectPulse\\client\\src\\components\\ModalWrapper.jsx","statementMap":{"0":{"start":{"line":4,"column":21},"end":{"line":53,"column":1}},"1":{"start":{"line":5,"column":26},"end":{"line":5,"column":38}},"2":{"start":{"line":7,"column":2},"end":{"line":52,"column":4}},"3":{"start":{"line":13,"column":23},"end":{"line":13,"column":37}}},"fnMap":{"0":{"name":"(anonymous_0)","decl":{"start":{"line":4,"column":21},"end":{"line":4,"column":22}},"loc":{"start":{"line":4,"column":54},"end":{"line":53,"column":1}},"line":4},"1":{"name":"(anonymous_1)","decl":{"start":{"line":13,"column":17},"end":{"line":13,"column":18}},"loc":{"start":{"line":13,"column":23},"end":{"line":13,"column":37}},"line":13}},"branchMap":{},"s":{"0":11,"1":19,"2":19,"3":0},"f":{"0":19,"1":0},"b":{},"_coverageSchema":"1a1c01bbd47fc00a2c39e90264f33305004495a9","hash":"c3ebd84e484e46c53785d9ca3923c399b16284de"}
,"D:\\vscode2\\ProjectPulse\\client\\src\\components\\Navbar.jsx": {"path":"D:\\vscode2\\ProjectPulse\\client\\src\\components\\Navbar.jsx","statementMap":{"0":{"start":{"line":10,"column":15},"end":{"line":65,"column":1}},"1":{"start":{"line":11,"column":19},"end":{"line":11,"column":32}},"2":{"start":{"line":12,"column":19},"end":{"line":12,"column":32}},"3":{"start":{"line":13,"column":19},"end":{"line":13,"column":32}},"4":{"start":{"line":14,"column":25},"end":{"line":14,"column":42}},"5":{"start":{"line":15,"column":38},"end":{"line":17,"column":3}},"6":{"start":{"line":19,"column":2},"end":{"line":21,"column":19}},"7":{"start":{"line":20,"column":4},"end":{"line":20,"column":50}},"8":{"start":{"line":23,"column":23},"end":{"line":26,"column":3}},"9":{"start":{"line":24,"column":4},"end":{"line":24,"column":23}},"10":{"start":{"line":25,"column":4},"end":{"line":25,"column":29}},"11":{"start":{"line":28,"column":2},"end":{"line":64,"column":4}},"12":{"start":{"line":33,"column":27},"end":{"line":33,"column":57}},"13":{"start":{"line":48,"column":31},"end":{"line":48,"column":60}}},"fnMap":{"0":{"name":"(anonymous_0)","decl":{"start":{"line":10,"column":15},"end":{"line":10,"column":16}},"loc":{"start":{"line":10,"column":21},"end":{"line":65,"column":1}},"line":10},"1":{"name":"(anonymous_1)","decl":{"start":{"line":19,"column":12},"end":{"line":19,"column":13}},"loc":{"start":{"line":19,"column":18},"end":{"line":21,"column":3}},"line":19},"2":{"name":"(anonymous_2)","decl":{"start":{"line":23,"column":23},"end":{"line":23,"column":24}},"loc":{"start":{"line":23,"column":30},"end":{"line":26,"column":3}},"line":23},"3":{"name":"(anonymous_3)","decl":{"start":{"line":33,"column":21},"end":{"line":33,"column":22}},"loc":{"start":{"line":33,"column":27},"end":{"line":33,"column":57}},"line":33},"4":{"name":"(anonymous_4)","decl":{"start":{"line":48,"column":24},"end":{"line":48,"column":25}},"loc":{"start":{"line":48,"column":31},"end":{"line":48,"column":60}},"line":48}},"branchMap":{"0":{"loc":{"start":{"line":16,"column":4},"end":{"line":16,"column":36}},"type":"binary-expr","locations":[{"start":{"line":16,"column":4},"end":{"line":16,"column":30}},{"start":{"line":16,"column":34},"end":{"line":16,"column":36}}],"line":16},"1":{"loc":{"start":{"line":40,"column":9},"end":{"line":55,"column":9}},"type":"binary-expr","locations":[{"start":{"line":40,"column":9},"end":{"line":40,"column":44}},{"start":{"line":41,"column":10},"end":{"line":54,"column":17}}],"line":40}},"s":{"0":10,"1":9,"2":0,"3":0,"4":0,"5":0,"6":0,"7":0,"8":0,"9":0,"10":0,"11":0,"12":0,"13":0},"f":{"0":9,"1":0,"2":0,"3":0,"4":0},"b":{"0":[0,0],"1":[0,0]},"_coverageSchema":"1a1c01bbd47fc00a2c39e90264f33305004495a9","hash":"c37c3765ff1f6bd8a3290b1f1f7cba852b963f4a"}
,"D:\\vscode2\\ProjectPulse\\client\\src\\components\\NotificationPanel.jsx": {"path":"D:\\vscode2\\ProjectPulse\\client\\src\\components\\NotificationPanel.jsx","statementMap":{"0":{"start":{"line":14,"column":14},"end":{"line":21,"column":1}},"1":{"start":{"line":24,"column":26},"end":{"line":24,"column":41}},"2":{"start":{"line":25,"column":34},"end":{"line":25,"column":48}},"3":{"start":{"line":27,"column":28},"end":{"line":27,"column":54}},"4":{"start":{"line":28,"column":23},"end":{"line":28,"column":50}},"5":{"start":{"line":30,"column":22},"end":{"line":34,"column":3}},"6":{"start":{"line":31,"column":4},"end":{"line":31,"column":20}},"7":{"start":{"line":32,"column":4},"end":{"line":32,"column":31}},"8":{"start":{"line":33,"column":4},"end":{"line":33,"column":18}},"9":{"start":{"line":36,"column":22},"end":{"line":40,"column":3}},"10":{"start":{"line":37,"column":4},"end":{"line":37,"column":44}},"11":{"start":{"line":39,"column":4},"end":{"line":39,"column":14}},"12":{"start":{"line":42,"column":24},"end":{"line":50,"column":3}},"13":{"start":{"line":48,"column":21},"end":{"line":48,"column":43}},"14":{"start":{"line":52,"column":2},"end":{"line":128,"column":4}},"15":{"start":{"line":77,"column":14},"end":{"line":121,"column":15}},"16":{"start":{"line":81,"column":22},"end":{"line":103,"column":28}},"17":{"start":{"line":91,"column":41},"end":{"line":91,"column":58}},"18":{"start":{"line":109,"column":22},"end":{"line":117,"column":29}},"19":{"start":{"line":112,"column":48},"end":{"line":112,"column":62}},"20":{"start":{"line":112,"column":71},"end":{"line":112,"column":78}}},"fnMap":{"0":{"name":"NotificationPanel","decl":{"start":{"line":23,"column":24},"end":{"line":23,"column":41}},"loc":{"start":{"line":23,"column":44},"end":{"line":129,"column":1}},"line":23},"1":{"name":"(anonymous_1)","decl":{"start":{"line":30,"column":22},"end":{"line":30,"column":23}},"loc":{"start":{"line":30,"column":30},"end":{"line":34,"column":3}},"line":30},"2":{"name":"(anonymous_2)","decl":{"start":{"line":36,"column":22},"end":{"line":36,"column":23}},"loc":{"start":{"line":36,"column":42},"end":{"line":40,"column":3}},"line":36},"3":{"name":"(anonymous_3)","decl":{"start":{"line":48,"column":15},"end":{"line":48,"column":16}},"loc":{"start":{"line":48,"column":21},"end":{"line":48,"column":43}},"line":48},"4":{"name":"(anonymous_4)","decl":{"start":{"line":76,"column":13},"end":{"line":76,"column":14}},"loc":{"start":{"line":77,"column":14},"end":{"line":121,"column":15}},"line":77},"5":{"name":"(anonymous_5)","decl":{"start":{"line":80,"column":43},"end":{"line":80,"column":44}},"loc":{"start":{"line":81,"column":22},"end":{"line":103,"column":28}},"line":81},"6":{"name":"(anonymous_6)","decl":{"start":{"line":91,"column":35},"end":{"line":91,"column":36}},"loc":{"start":{"line":91,"column":41},"end":{"line":91,"column":58}},"line":91},"7":{"name":"(anonymous_7)","decl":{"start":{"line":108,"column":39},"end":{"line":108,"column":40}},"loc":{"start":{"line":109,"column":22},"end":{"line":117,"column":29}},"line":109},"8":{"name":"(anonymous_8)","decl":{"start":{"line":112,"column":42},"end":{"line":112,"column":43}},"loc":{"start":{"line":112,"column":48},"end":{"line":112,"column":62}},"line":112},"9":{"name":"(anonymous_9)","decl":{"start":{"line":112,"column":65},"end":{"line":112,"column":66}},"loc":{"start":{"line":112,"column":71},"end":{"line":112,"column":78}},"line":112}},"branchMap":{"0":{"loc":{"start":{"line":58,"column":13},"end":{"line":62,"column":13}},"type":"binary-expr","locations":[{"start":{"line":58,"column":13},"end":{"line":58,"column":29}},{"start":{"line":59,"column":14},"end":{"line":61,"column":21}}],"line":58},"1":{"loc":{"start":{"line":77,"column":14},"end":{"line":121,"column":15}},"type":"binary-expr","locations":[{"start":{"line":77,"column":14},"end":{"line":77,"column":30}},{"start":{"line":78,"column":16},"end":{"line":120,"column":22}}],"line":77},"2":{"loc":{"start":{"line":112,"column":26},"end":{"line":112,"column":78}},"type":"cond-expr","locations":[{"start":{"line":112,"column":42},"end":{"line":112,"column":62}},{"start":{"line":112,"column":65},"end":{"line":112,"column":78}}],"line":112}},"s":{"0":10,"1":0,"2":0,"3":0,"4":0,"5":0,"6":0,"7":0,"8":0,"9":0,"10":0,"11":0,"12":0,"13":0,"14":0,"15":0,"16":0,"17":0,"18":0,"19":0,"20":0},"f":{"0":0,"1":0,"2":0,"3":0,"4":0,"5":0,"6":0,"7":0,"8":0,"9":0},"b":{"0":[0,0],"1":[0,0],"2":[0,0]},"_coverageSchema":"1a1c01bbd47fc00a2c39e90264f33305004495a9","hash":"98f7074b6380c21533f480b8edda72b6d214d945"}
,"D:\\vscode2\\ProjectPulse\\client\\src\\components\\SelectList.jsx": {"path":"D:\\vscode2\\ProjectPulse\\client\\src\\components\\SelectList.jsx","statementMap":{"0":{"start":{"line":6,"column":19},"end":{"line":62,"column":1}},"1":{"start":{"line":7,"column":2},"end":{"line":61,"column":4}},"2":{"start":{"line":29,"column":16},"end":{"line":54,"column":33}},"3":{"start":{"line":32,"column":20},"end":{"line":34,"column":22}},"4":{"start":{"line":39,"column":20},"end":{"line":52,"column":23}}},"fnMap":{"0":{"name":"(anonymous_0)","decl":{"start":{"line":6,"column":19},"end":{"line":6,"column":20}},"loc":{"start":{"line":6,"column":64},"end":{"line":62,"column":1}},"line":6},"1":{"name":"(anonymous_1)","decl":{"start":{"line":28,"column":25},"end":{"line":28,"column":26}},"loc":{"start":{"line":29,"column":16},"end":{"line":54,"column":33}},"line":29},"2":{"name":"(anonymous_2)","decl":{"start":{"line":31,"column":29},"end":{"line":31,"column":30}},"loc":{"start":{"line":32,"column":20},"end":{"line":34,"column":22}},"line":32},"3":{"name":"(anonymous_3)","decl":{"start":{"line":38,"column":19},"end":{"line":38,"column":20}},"loc":{"start":{"line":39,"column":20},"end":{"line":52,"column":23}},"line":39}},"branchMap":{"0":{"loc":{"start":{"line":9,"column":7},"end":{"line":9,"column":76}},"type":"binary-expr","locations":[{"start":{"line":9,"column":7},"end":{"line":9,"column":12}},{"start":{"line":9,"column":16},"end":{"line":9,"column":76}}],"line":9},"1":{"loc":{"start":{"line":33,"column":22},"end":{"line":33,"column":78}},"type":"cond-expr","locations":[{"start":{"line":33,"column":31},"end":{"line":33,"column":60}},{"start":{"line":33,"column":63},"end":{"line":33,"column":78}}],"line":33},"2":{"loc":{"start":{"line":42,"column":26},"end":{"line":42,"column":66}},"type":"cond-expr","locations":[{"start":{"line":42,"column":37},"end":{"line":42,"column":50}},{"start":{"line":42,"column":53},"end":{"line":42,"column":66}}],"line":42},"3":{"loc":{"start":{"line":47,"column":23},"end":{"line":51,"column":30}},"type":"cond-expr","locations":[{"start":{"line":48,"column":24},"end":{"line":50,"column":31}},{"start":{"line":51,"column":26},"end":{"line":51,"column":30}}],"line":47}},"s":{"0":10,"1":0,"2":0,"3":0,"4":0},"f":{"0":0,"1":0,"2":0,"3":0},"b":{"0":[0,0],"1":[0,0],"2":[0,0],"3":[0,0]},"_coverageSchema":"1a1c01bbd47fc00a2c39e90264f33305004495a9","hash":"1e50210e425878395a649d7bb5d6d0bca641d93b"}
,"D:\\vscode2\\ProjectPulse\\client\\src\\components\\Sidebar.jsx": {"path":"D:\\vscode2\\ProjectPulse\\client\\src\\components\\Sidebar.jsx","statementMap":{"0":{"start":{"line":16,"column":17},"end":{"line":57,"column":1}},"1":{"start":{"line":59,"column":16},"end":{"line":112,"column":1}},"2":{"start":{"line":60,"column":19},"end":{"line":60,"column":53}},"3":{"start":{"line":60,"column":42},"end":{"line":60,"column":52}},"4":{"start":{"line":62,"column":19},"end":{"line":62,"column":32}},"5":{"start":{"line":63,"column":19},"end":{"line":63,"column":32}},"6":{"start":{"line":64,"column":15},"end":{"line":64,"column":46}},"7":{"start":{"line":65,"column":23},"end":{"line":65,"column":70}},"8":{"start":{"line":67,"column":23},"end":{"line":69,"column":3}},"9":{"start":{"line":68,"column":4},"end":{"line":68,"column":36}},"10":{"start":{"line":71,"column":18},"end":{"line":86,"column":3}},"11":{"start":{"line":72,"column":4},"end":{"line":85,"column":6}},"12":{"start":{"line":88,"column":2},"end":{"line":111,"column":4}},"13":{"start":{"line":100,"column":10},"end":{"line":100,"column":48}}},"fnMap":{"0":{"name":"(anonymous_0)","decl":{"start":{"line":59,"column":16},"end":{"line":59,"column":17}},"loc":{"start":{"line":59,"column":22},"end":{"line":112,"column":1}},"line":59},"1":{"name":"(anonymous_1)","decl":{"start":{"line":60,"column":31},"end":{"line":60,"column":32}},"loc":{"start":{"line":60,"column":42},"end":{"line":60,"column":52}},"line":60},"2":{"name":"(anonymous_2)","decl":{"start":{"line":67,"column":23},"end":{"line":67,"column":24}},"loc":{"start":{"line":67,"column":29},"end":{"line":69,"column":3}},"line":67},"3":{"name":"(anonymous_3)","decl":{"start":{"line":71,"column":18},"end":{"line":71,"column":19}},"loc":{"start":{"line":71,"column":30},"end":{"line":86,"column":3}},"line":71},"4":{"name":"(anonymous_4)","decl":{"start":{"line":99,"column":26},"end":{"line":99,"column":27}},"loc":{"start":{"line":100,"column":10},"end":{"line":100,"column":48}},"line":100}},"branchMap":{"0":{"loc":{"start":{"line":65,"column":23},"end":{"line":65,"column":70}},"type":"cond-expr","locations":[{"start":{"line":65,"column":39},"end":{"line":65,"column":47}},{"start":{"line":65,"column":50},"end":{"line":65,"column":70}}],"line":65},"1":{"loc":{"start":{"line":78,"column":8},"end":{"line":78,"column":83}},"type":"cond-expr","locations":[{"start":{"line":78,"column":41},"end":{"line":78,"column":65}},{"start":{"line":78,"column":68},"end":{"line":78,"column":83}}],"line":78}},"s":{"0":11,"1":11,"2":17,"3":0,"4":0,"5":0,"6":0,"7":0,"8":0,"9":0,"10":0,"11":0,"12":0,"13":0},"f":{"0":17,"1":0,"2":0,"3":0,"4":0},"b":{"0":[0,0],"1":[0,0]},"_coverageSchema":"1a1c01bbd47fc00a2c39e90264f33305004495a9","hash":"e950113fcee7147f3ab633cbb8bc4f43e28072aa"}
,"D:\\vscode2\\ProjectPulse\\client\\src\\components\\Table.jsx": {"path":"D:\\vscode2\\ProjectPulse\\client\\src\\components\\Table.jsx","statementMap":{"0":{"start":{"line":16,"column":14},"end":{"line":20,"column":1}},"1":{"start":{"line":22,"column":14},"end":{"line":171,"column":1}},"2":{"start":{"line":23,"column":38},"end":{"line":23,"column":53}},"3":{"start":{"line":24,"column":34},"end":{"line":24,"column":48}},"4":{"start":{"line":25,"column":34},"end":{"line":25,"column":49}},"5":{"start":{"line":27,"column":23},"end":{"line":27,"column":45}},"6":{"start":{"line":29,"column":23},"end":{"line":32,"column":3}},"7":{"start":{"line":30,"column":4},"end":{"line":30,"column":20}},"8":{"start":{"line":31,"column":4},"end":{"line":31,"column":24}},"9":{"start":{"line":34,"column":27},"end":{"line":37,"column":3}},"10":{"start":{"line":35,"column":4},"end":{"line":35,"column":20}},"11":{"start":{"line":36,"column":4},"end":{"line":36,"column":22}},"12":{"start":{"line":39,"column":24},"end":{"line":56,"column":3}},"13":{"start":{"line":40,"column":4},"end":{"line":55,"column":5}},"14":{"start":{"line":41,"column":18},"end":{"line":44,"column":17}},"15":{"start":{"line":46,"column":6},"end":{"line":46,"column":34}},"16":{"start":{"line":48,"column":6},"end":{"line":51,"column":14}},"17":{"start":{"line":49,"column":8},"end":{"line":49,"column":29}},"18":{"start":{"line":50,"column":8},"end":{"line":50,"column":33}},"19":{"start":{"line":53,"column":6},"end":{"line":53,"column":23}},"20":{"start":{"line":54,"column":6},"end":{"line":54,"column":51}},"21":{"start":{"line":58,"column":22},"end":{"line":68,"column":3}},"22":{"start":{"line":59,"column":4},"end":{"line":67,"column":12}},"23":{"start":{"line":70,"column":19},"end":{"line":140,"column":3}},"24":{"start":{"line":71,"column":4},"end":{"line":139,"column":9}},"25":{"start":{"line":111,"column":12},"end":{"line":119,"column":18}},"26":{"start":{"line":129,"column":25},"end":{"line":129,"column":47}},"27":{"start":{"line":136,"column":25},"end":{"line":136,"column":47}},"28":{"start":{"line":142,"column":2},"end":{"line":170,"column":4}},"29":{"start":{"line":150,"column":16},"end":{"line":150,"column":52}}},"fnMap":{"0":{"name":"(anonymous_0)","decl":{"start":{"line":22,"column":14},"end":{"line":22,"column":15}},"loc":{"start":{"line":22,"column":29},"end":{"line":171,"column":1}},"line":22},"1":{"name":"(anonymous_1)","decl":{"start":{"line":29,"column":23},"end":{"line":29,"column":24}},"loc":{"start":{"line":29,"column":31},"end":{"line":32,"column":3}},"line":29},"2":{"name":"(anonymous_2)","decl":{"start":{"line":34,"column":27},"end":{"line":34,"column":28}},"loc":{"start":{"line":34,"column":35},"end":{"line":37,"column":3}},"line":34},"3":{"name":"(anonymous_3)","decl":{"start":{"line":39,"column":24},"end":{"line":39,"column":25}},"loc":{"start":{"line":39,"column":36},"end":{"line":56,"column":3}},"line":39},"4":{"name":"(anonymous_4)","decl":{"start":{"line":48,"column":17},"end":{"line":48,"column":18}},"loc":{"start":{"line":48,"column":23},"end":{"line":51,"column":7}},"line":48},"5":{"name":"(anonymous_5)","decl":{"start":{"line":58,"column":22},"end":{"line":58,"column":23}},"loc":{"start":{"line":59,"column":4},"end":{"line":67,"column":12}},"line":59},"6":{"name":"(anonymous_6)","decl":{"start":{"line":70,"column":19},"end":{"line":70,"column":20}},"loc":{"start":{"line":71,"column":4},"end":{"line":139,"column":9}},"line":71},"7":{"name":"(anonymous_7)","decl":{"start":{"line":110,"column":27},"end":{"line":110,"column":28}},"loc":{"start":{"line":111,"column":12},"end":{"line":119,"column":18}},"line":111},"8":{"name":"(anonymous_8)","decl":{"start":{"line":129,"column":19},"end":{"line":129,"column":20}},"loc":{"start":{"line":129,"column":25},"end":{"line":129,"column":47}},"line":129},"9":{"name":"(anonymous_9)","decl":{"start":{"line":136,"column":19},"end":{"line":136,"column":20}},"loc":{"start":{"line":136,"column":25},"end":{"line":136,"column":47}},"line":136},"10":{"name":"(anonymous_10)","decl":{"start":{"line":149,"column":25},"end":{"line":149,"column":26}},"loc":{"start":{"line":150,"column":16},"end":{"line":150,"column":52}},"line":150}},"branchMap":{"0":{"loc":{"start":{"line":54,"column":18},"end":{"line":54,"column":49}},"type":"binary-expr","locations":[{"start":{"line":54,"column":18},"end":{"line":54,"column":36}},{"start":{"line":54,"column":40},"end":{"line":54,"column":49}}],"line":54}},"s":{"0":10,"1":10,"2":6,"3":6,"4":6,"5":6,"6":6,"7":0,"8":0,"9":6,"10":0,"11":0,"12":6,"13":0,"14":0,"15":0,"16":0,"17":0,"18":0,"19":0,"20":0,"21":6,"22":6,"23":6,"24":6,"25":6,"26":0,"27":0,"28":6,"29":6},"f":{"0":6,"1":0,"2":0,"3":0,"4":0,"5":6,"6":6,"7":6,"8":0,"9":0,"10":6},"b":{"0":[0,0]},"_coverageSchema":"1a1c01bbd47fc00a2c39e90264f33305004495a9","hash":"ba4e5214e194a9896e1e258bb4c69b893ab3d3ad"}
,"D:\\vscode2\\ProjectPulse\\client\\src\\components\\Tabs.jsx": {"path":"D:\\vscode2\\ProjectPulse\\client\\src\\components\\Tabs.jsx","statementMap":{"0":{"start":{"line":4,"column":2},"end":{"line":4,"column":43}},"1":{"start":{"line":8,"column":2},"end":{"line":34,"column":4}},"2":{"start":{"line":13,"column":12},"end":{"line":28,"column":18}},"3":{"start":{"line":15,"column":29},"end":{"line":15,"column":47}},"4":{"start":{"line":17,"column":16},"end":{"line":23,"column":17}}},"fnMap":{"0":{"name":"classNames","decl":{"start":{"line":3,"column":9},"end":{"line":3,"column":19}},"loc":{"start":{"line":3,"column":32},"end":{"line":5,"column":1}},"line":3},"1":{"name":"Tabs","decl":{"start":{"line":7,"column":24},"end":{"line":7,"column":28}},"loc":{"start":{"line":7,"column":62},"end":{"line":35,"column":1}},"line":7},"2":{"name":"(anonymous_2)","decl":{"start":{"line":12,"column":20},"end":{"line":12,"column":21}},"loc":{"start":{"line":13,"column":12},"end":{"line":28,"column":18}},"line":13},"3":{"name":"(anonymous_3)","decl":{"start":{"line":15,"column":23},"end":{"line":15,"column":24}},"loc":{"start":{"line":15,"column":29},"end":{"line":15,"column":47}},"line":15},"4":{"name":"(anonymous_4)","decl":{"start":{"line":16,"column":25},"end":{"line":16,"column":26}},"loc":{"start":{"line":17,"column":16},"end":{"line":23,"column":17}},"line":17}},"branchMap":{"0":{"loc":{"start":{"line":20,"column":18},"end":{"line":22,"column":76}},"type":"cond-expr","locations":[{"start":{"line":21,"column":22},"end":{"line":21,"column":80}},{"start":{"line":22,"column":22},"end":{"line":22,"column":76}}],"line":20}},"s":{"0":20,"1":8,"2":16,"3":0,"4":20},"f":{"0":20,"1":8,"2":16,"3":0,"4":20},"b":{"0":[10,10]},"_coverageSchema":"1a1c01bbd47fc00a2c39e90264f33305004495a9","hash":"21086e036f6363aebbf70639e6b0aa3e1b123fb4"}
,"D:\\vscode2\\ProjectPulse\\client\\src\\components\\Textbox.jsx": {"path":"D:\\vscode2\\ProjectPulse\\client\\src\\components\\Textbox.jsx","statementMap":{"0":{"start":{"line":4,"column":16},"end":{"line":40,"column":1}},"1":{"start":{"line":9,"column":4},"end":{"line":38,"column":6}}},"fnMap":{"0":{"name":"(anonymous_0)","decl":{"start":{"line":5,"column":2},"end":{"line":5,"column":3}},"loc":{"start":{"line":8,"column":7},"end":{"line":39,"column":3}},"line":8}},"branchMap":{"0":{"loc":{"start":{"line":11,"column":9},"end":{"line":18,"column":9}},"type":"binary-expr","locations":[{"start":{"line":11,"column":9},"end":{"line":11,"column":14}},{"start":{"line":12,"column":10},"end":{"line":17,"column":17}}],"line":11},"1":{"loc":{"start":{"line":22,"column":18},"end":{"line":22,"column":32}},"type":"binary-expr","locations":[{"start":{"line":22,"column":18},"end":{"line":22,"column":22}},{"start":{"line":22,"column":26},"end":{"line":22,"column":32}}],"line":22},"2":{"loc":{"start":{"line":31,"column":26},"end":{"line":31,"column":50}},"type":"cond-expr","locations":[{"start":{"line":31,"column":34},"end":{"line":31,"column":40}},{"start":{"line":31,"column":43},"end":{"line":31,"column":50}}],"line":31},"3":{"loc":{"start":{"line":34,"column":9},"end":{"line":36,"column":9}},"type":"binary-expr","locations":[{"start":{"line":34,"column":9},"end":{"line":34,"column":14}},{"start":{"line":35,"column":10},"end":{"line":35,"column":75}}],"line":34}},"s":{"0":11,"1":0},"f":{"0":0},"b":{"0":[0,0],"1":[0,0],"2":[0,0],"3":[0,0]},"_coverageSchema":"1a1c01bbd47fc00a2c39e90264f33305004495a9","hash":"44f9e64719d4eb62081e1bc60d6278c13b171bff"}
,"D:\\vscode2\\ProjectPulse\\client\\src\\components\\Title.jsx": {"path":"D:\\vscode2\\ProjectPulse\\client\\src\\components\\Title.jsx","statementMap":{"0":{"start":{"line":3,"column":14},"end":{"line":14,"column":1}},"1":{"start":{"line":4,"column":2},"end":{"line":13,"column":4}}},"fnMap":{"0":{"name":"(anonymous_0)","decl":{"start":{"line":3,"column":14},"end":{"line":3,"column":15}},"loc":{"start":{"line":3,"column":40},"end":{"line":14,"column":1}},"line":3}},"branchMap":{},"s":{"0":10,"1":14},"f":{"0":14},"b":{},"_coverageSchema":"1a1c01bbd47fc00a2c39e90264f33305004495a9","hash":"25f0b9da2f3acfbf4ef7e78a79b3da062c7b5c00"}
,"D:\\vscode2\\ProjectPulse\\client\\src\\components\\UserAvatar.jsx": {"path":"D:\\vscode2\\ProjectPulse\\client\\src\\components\\UserAvatar.jsx","statementMap":{"0":{"start":{"line":14,"column":19},"end":{"line":101,"column":1}},"1":{"start":{"line":15,"column":26},"end":{"line":15,"column":41}},"2":{"start":{"line":16,"column":42},"end":{"line":16,"column":57}},"3":{"start":{"line":17,"column":19},"end":{"line":17,"column":53}},"4":{"start":{"line":17,"column":42},"end":{"line":17,"column":52}},"5":{"start":{"line":18,"column":23},"end":{"line":18,"column":42}},"6":{"start":{"line":19,"column":19},"end":{"line":19,"column":32}},"7":{"start":{"line":20,"column":19},"end":{"line":20,"column":32}},"8":{"start":{"line":22,"column":24},"end":{"line":31,"column":3}},"9":{"start":{"line":23,"column":4},"end":{"line":30,"column":5}},"10":{"start":{"line":24,"column":6},"end":{"line":24,"column":34}},"11":{"start":{"line":25,"column":6},"end":{"line":25,"column":25}},"12":{"start":{"line":27,"column":6},"end":{"line":27,"column":26}},"13":{"start":{"line":29,"column":6},"end":{"line":29,"column":61}},"14":{"start":{"line":33,"column":2},"end":{"line":100,"column":4}},"15":{"start":{"line":58,"column":20},"end":{"line":64,"column":29}},"16":{"start":{"line":59,"column":37},"end":{"line":59,"column":50}},"17":{"start":{"line":70,"column":20},"end":{"line":76,"column":29}},"18":{"start":{"line":71,"column":37},"end":{"line":71,"column":58}},"19":{"start":{"line":82,"column":20},"end":{"line":88,"column":29}}},"fnMap":{"0":{"name":"(anonymous_0)","decl":{"start":{"line":14,"column":19},"end":{"line":14,"column":20}},"loc":{"start":{"line":14,"column":25},"end":{"line":101,"column":1}},"line":14},"1":{"name":"(anonymous_1)","decl":{"start":{"line":17,"column":31},"end":{"line":17,"column":32}},"loc":{"start":{"line":17,"column":42},"end":{"line":17,"column":52}},"line":17},"2":{"name":"(anonymous_2)","decl":{"start":{"line":22,"column":24},"end":{"line":22,"column":25}},"loc":{"start":{"line":22,"column":36},"end":{"line":31,"column":3}},"line":22},"3":{"name":"(anonymous_3)","decl":{"start":{"line":57,"column":19},"end":{"line":57,"column":20}},"loc":{"start":{"line":58,"column":20},"end":{"line":64,"column":29}},"line":58},"4":{"name":"(anonymous_4)","decl":{"start":{"line":59,"column":31},"end":{"line":59,"column":32}},"loc":{"start":{"line":59,"column":37},"end":{"line":59,"column":50}},"line":59},"5":{"name":"(anonymous_5)","decl":{"start":{"line":69,"column":19},"end":{"line":69,"column":20}},"loc":{"start":{"line":70,"column":20},"end":{"line":76,"column":29}},"line":70},"6":{"name":"(anonymous_6)","decl":{"start":{"line":71,"column":31},"end":{"line":71,"column":32}},"loc":{"start":{"line":71,"column":37},"end":{"line":71,"column":58}},"line":71},"7":{"name":"(anonymous_7)","decl":{"start":{"line":81,"column":19},"end":{"line":81,"column":20}},"loc":{"start":{"line":82,"column":20},"end":{"line":88,"column":29}},"line":82}},"branchMap":{},"s":{"0":10,"1":0,"2":0,"3":0,"4":0,"5":0,"6":0,"7":0,"8":0,"9":0,"10":0,"11":0,"12":0,"13":0,"14":0,"15":0,"16":0,"17":0,"18":0,"19":0},"f":{"0":0,"1":0,"2":0,"3":0,"4":0,"5":0,"6":0,"7":0},"b":{},"_coverageSchema":"1a1c01bbd47fc00a2c39e90264f33305004495a9","hash":"831e78a378ddb428c0122213305cc65273cf56eb"}
,"D:\\vscode2\\ProjectPulse\\client\\src\\components\\UserInfo.jsx": {"path":"D:\\vscode2\\ProjectPulse\\client\\src\\components\\UserInfo.jsx","statementMap":{"0":{"start":{"line":6,"column":2},"end":{"line":48,"column":4}},"1":{"start":{"line":10,"column":10},"end":{"line":44,"column":13}}},"fnMap":{"0":{"name":"UserInfo","decl":{"start":{"line":5,"column":24},"end":{"line":5,"column":32}},"loc":{"start":{"line":5,"column":43},"end":{"line":49,"column":1}},"line":5},"1":{"name":"(anonymous_1)","decl":{"start":{"line":9,"column":9},"end":{"line":9,"column":10}},"loc":{"start":{"line":10,"column":10},"end":{"line":44,"column":13}},"line":10}},"branchMap":{"0":{"loc":{"start":{"line":38,"column":23},"end":{"line":38,"column":57}},"type":"binary-expr","locations":[{"start":{"line":38,"column":23},"end":{"line":38,"column":34}},{"start":{"line":38,"column":38},"end":{"line":38,"column":57}}],"line":38}},"s":{"0":6,"1":6},"f":{"0":6,"1":6},"b":{"0":[6,6]},"_coverageSchema":"1a1c01bbd47fc00a2c39e90264f33305004495a9","hash":"8dbcec899e49ec7fe73e53e3aae9847887f5d207"}
,"D:\\vscode2\\ProjectPulse\\client\\src\\components\\ViewNotification.jsx": {"path":"D:\\vscode2\\ProjectPulse\\client\\src\\components\\ViewNotification.jsx","statementMap":{"0":{"start":{"line":6,"column":25},"end":{"line":27,"column":1}},"1":{"start":{"line":7,"column":2},"end":{"line":26,"column":4}},"2":{"start":{"line":20,"column":27},"end":{"line":20,"column":41}}},"fnMap":{"0":{"name":"(anonymous_0)","decl":{"start":{"line":6,"column":25},"end":{"line":6,"column":26}},"loc":{"start":{"line":6,"column":52},"end":{"line":27,"column":1}},"line":6},"1":{"name":"(anonymous_1)","decl":{"start":{"line":20,"column":21},"end":{"line":20,"column":22}},"loc":{"start":{"line":20,"column":27},"end":{"line":20,"column":41}},"line":20}},"branchMap":{},"s":{"0":10,"1":0,"2":0},"f":{"0":0,"1":0},"b":{},"_coverageSchema":"1a1c01bbd47fc00a2c39e90264f33305004495a9","hash":"0af9bf9d9700771c0634ddf45049f43a90d98731"}
,"D:\\vscode2\\ProjectPulse\\client\\src\\components\\index.js": {"path":"D:\\vscode2\\ProjectPulse\\client\\src\\components\\index.js","statementMap":{},"fnMap":{},"branchMap":{},"s":{},"f":{},"b":{},"_coverageSchema":"1a1c01bbd47fc00a2c39e90264f33305004495a9","hash":"f85a6fe95abca552c15367399a415a8d752836c6"}
,"D:\\vscode2\\ProjectPulse\\client\\src\\components\\tasks\\AddSubTask.jsx": {"path":"D:\\vscode2\\ProjectPulse\\client\\src\\components\\tasks\\AddSubTask.jsx","statementMap":{"0":{"start":{"line":12,"column":19},"end":{"line":108,"column":1}},"1":{"start":{"line":17,"column":6},"end":{"line":17,"column":15}},"2":{"start":{"line":19,"column":37},"end":{"line":19,"column":63}},"3":{"start":{"line":21,"column":25},"end":{"line":34,"column":3}},"4":{"start":{"line":22,"column":4},"end":{"line":33,"column":5}},"5":{"start":{"line":23,"column":18},"end":{"line":23,"column":56}},"6":{"start":{"line":25,"column":6},"end":{"line":25,"column":33}},"7":{"start":{"line":27,"column":6},"end":{"line":29,"column":14}},"8":{"start":{"line":28,"column":8},"end":{"line":28,"column":23}},"9":{"start":{"line":31,"column":6},"end":{"line":31,"column":23}},"10":{"start":{"line":32,"column":6},"end":{"line":32,"column":51}},"11":{"start":{"line":36,"column":2},"end":{"line":107,"column":4}},"12":{"start":{"line":99,"column":31},"end":{"line":99,"column":45}}},"fnMap":{"0":{"name":"(anonymous_0)","decl":{"start":{"line":12,"column":19},"end":{"line":12,"column":20}},"loc":{"start":{"line":12,"column":46},"end":{"line":108,"column":1}},"line":12},"1":{"name":"(anonymous_1)","decl":{"start":{"line":21,"column":25},"end":{"line":21,"column":26}},"loc":{"start":{"line":21,"column":41},"end":{"line":34,"column":3}},"line":21},"2":{"name":"(anonymous_2)","decl":{"start":{"line":27,"column":17},"end":{"line":27,"column":18}},"loc":{"start":{"line":27,"column":23},"end":{"line":29,"column":7}},"line":27},"3":{"name":"(anonymous_3)","decl":{"start":{"line":99,"column":25},"end":{"line":99,"column":26}},"loc":{"start":{"line":99,"column":31},"end":{"line":99,"column":45}},"line":99}},"branchMap":{"0":{"loc":{"start":{"line":32,"column":18},"end":{"line":32,"column":49}},"type":"binary-expr","locations":[{"start":{"line":32,"column":18},"end":{"line":32,"column":36}},{"start":{"line":32,"column":40},"end":{"line":32,"column":49}}],"line":32},"1":{"loc":{"start":{"line":56,"column":21},"end":{"line":56,"column":61}},"type":"cond-expr","locations":[{"start":{"line":56,"column":36},"end":{"line":56,"column":56}},{"start":{"line":56,"column":59},"end":{"line":56,"column":61}}],"line":56},"2":{"loc":{"start":{"line":69,"column":23},"end":{"line":69,"column":61}},"type":"cond-expr","locations":[{"start":{"line":69,"column":37},"end":{"line":69,"column":56}},{"start":{"line":69,"column":59},"end":{"line":69,"column":61}}],"line":69},"3":{"loc":{"start":{"line":80,"column":23},"end":{"line":80,"column":59}},"type":"cond-expr","locations":[{"start":{"line":80,"column":36},"end":{"line":80,"column":54}},{"start":{"line":80,"column":57},"end":{"line":80,"column":59}}],"line":80},"4":{"loc":{"start":{"line":84,"column":11},"end":{"line":103,"column":11}},"type":"cond-expr","locations":[{"start":{"line":85,"column":12},"end":{"line":87,"column":18}},{"start":{"line":89,"column":12},"end":{"line":102,"column":18}}],"line":84}},"s":{"0":10,"1":8,"2":8,"3":0,"4":0,"5":0,"6":0,"7":0,"8":0,"9":0,"10":0,"11":0,"12":0},"f":{"0":8,"1":0,"2":0,"3":0},"b":{"0":[0,0],"1":[0,0],"2":[0,0],"3":[0,0],"4":[0,0]},"_coverageSchema":"1a1c01bbd47fc00a2c39e90264f33305004495a9","hash":"b32f14dc510d190dd5456bcbd044a4cc80e3b230"}
,"D:\\vscode2\\ProjectPulse\\client\\src\\components\\tasks\\AddTask.jsx": {"path":"D:\\vscode2\\ProjectPulse\\client\\src\\components\\tasks\\AddTask.jsx","statementMap":{"0":{"start":{"line":26,"column":14},"end":{"line":26,"column":50}},"1":{"start":{"line":27,"column":17},"end":{"line":27,"column":52}},"2":{"start":{"line":29,"column":25},"end":{"line":29,"column":27}},"3":{"start":{"line":31,"column":19},"end":{"line":60,"column":1}},"4":{"start":{"line":32,"column":18},"end":{"line":32,"column":33}},"5":{"start":{"line":34,"column":15},"end":{"line":34,"column":47}},"6":{"start":{"line":35,"column":21},"end":{"line":35,"column":39}},"7":{"start":{"line":37,"column":21},"end":{"line":37,"column":59}},"8":{"start":{"line":39,"column":2},"end":{"line":59,"column":5}},"9":{"start":{"line":40,"column":4},"end":{"line":58,"column":6}},"10":{"start":{"line":43,"column":8},"end":{"line":43,"column":33}},"11":{"start":{"line":46,"column":8},"end":{"line":46,"column":22}},"12":{"start":{"line":49,"column":8},"end":{"line":56,"column":13}},"13":{"start":{"line":51,"column":12},"end":{"line":51,"column":47}},"14":{"start":{"line":52,"column":12},"end":{"line":52,"column":22}},"15":{"start":{"line":55,"column":12},"end":{"line":55,"column":26}},"16":{"start":{"line":62,"column":16},"end":{"line":257,"column":1}},"17":{"start":{"line":63,"column":24},"end":{"line":72,"column":3}},"18":{"start":{"line":77,"column":6},"end":{"line":77,"column":32}},"19":{"start":{"line":79,"column":28},"end":{"line":79,"column":76}},"20":{"start":{"line":80,"column":26},"end":{"line":80,"column":52}},"21":{"start":{"line":81,"column":34},"end":{"line":83,"column":3}},"22":{"start":{"line":84,"column":30},"end":{"line":84,"column":42}},"23":{"start":{"line":85,"column":36},"end":{"line":85,"column":51}},"24":{"start":{"line":87,"column":38},"end":{"line":87,"column":61}},"25":{"start":{"line":88,"column":50},"end":{"line":88,"column":73}},"26":{"start":{"line":89,"column":15},"end":{"line":89,"column":51}},"27":{"start":{"line":91,"column":25},"end":{"line":126,"column":3}},"28":{"start":{"line":92,"column":4},"end":{"line":102,"column":5}},"29":{"start":{"line":93,"column":6},"end":{"line":93,"column":25}},"30":{"start":{"line":94,"column":6},"end":{"line":101,"column":7}},"31":{"start":{"line":95,"column":8},"end":{"line":95,"column":31}},"32":{"start":{"line":97,"column":8},"end":{"line":97,"column":62}},"33":{"start":{"line":98,"column":8},"end":{"line":98,"column":15}},"34":{"start":{"line":100,"column":8},"end":{"line":100,"column":28}},"35":{"start":{"line":104,"column":4},"end":{"line":125,"column":5}},"36":{"start":{"line":105,"column":22},"end":{"line":111,"column":7}},"37":{"start":{"line":112,"column":6},"end":{"line":112,"column":33}},"38":{"start":{"line":113,"column":18},"end":{"line":115,"column":44}},"39":{"start":{"line":117,"column":6},"end":{"line":117,"column":33}},"40":{"start":{"line":119,"column":6},"end":{"line":121,"column":14}},"41":{"start":{"line":120,"column":8},"end":{"line":120,"column":23}},"42":{"start":{"line":123,"column":6},"end":{"line":123,"column":23}},"43":{"start":{"line":124,"column":6},"end":{"line":124,"column":51}},"44":{"start":{"line":128,"column":23},"end":{"line":130,"column":3}},"45":{"start":{"line":129,"column":4},"end":{"line":129,"column":30}},"46":{"start":{"line":132,"column":2},"end":{"line":256,"column":4}},"47":{"start":{"line":193,"column":37},"end":{"line":193,"column":52}},"48":{"start":{"line":248,"column":31},"end":{"line":248,"column":45}}},"fnMap":{"0":{"name":"(anonymous_0)","decl":{"start":{"line":31,"column":19},"end":{"line":31,"column":20}},"loc":{"start":{"line":31,"column":35},"end":{"line":60,"column":1}},"line":31},"1":{"name":"(anonymous_1)","decl":{"start":{"line":39,"column":21},"end":{"line":39,"column":22}},"loc":{"start":{"line":39,"column":42},"end":{"line":59,"column":3}},"line":39},"2":{"name":"(anonymous_2)","decl":{"start":{"line":42,"column":6},"end":{"line":42,"column":7}},"loc":{"start":{"line":42,"column":20},"end":{"line":44,"column":7}},"line":42},"3":{"name":"(anonymous_3)","decl":{"start":{"line":45,"column":6},"end":{"line":45,"column":7}},"loc":{"start":{"line":45,"column":17},"end":{"line":47,"column":7}},"line":45},"4":{"name":"(anonymous_4)","decl":{"start":{"line":48,"column":6},"end":{"line":48,"column":7}},"loc":{"start":{"line":48,"column":12},"end":{"line":57,"column":7}},"line":48},"5":{"name":"(anonymous_5)","decl":{"start":{"line":50,"column":16},"end":{"line":50,"column":17}},"loc":{"start":{"line":50,"column":33},"end":{"line":53,"column":11}},"line":50},"6":{"name":"(anonymous_6)","decl":{"start":{"line":54,"column":17},"end":{"line":54,"column":18}},"loc":{"start":{"line":54,"column":28},"end":{"line":56,"column":11}},"line":54},"7":{"name":"(anonymous_7)","decl":{"start":{"line":62,"column":16},"end":{"line":62,"column":17}},"loc":{"start":{"line":62,"column":45},"end":{"line":257,"column":1}},"line":62},"8":{"name":"(anonymous_8)","decl":{"start":{"line":91,"column":25},"end":{"line":91,"column":26}},"loc":{"start":{"line":91,"column":41},"end":{"line":126,"column":3}},"line":91},"9":{"name":"(anonymous_9)","decl":{"start":{"line":119,"column":17},"end":{"line":119,"column":18}},"loc":{"start":{"line":119,"column":23},"end":{"line":121,"column":7}},"line":119},"10":{"name":"(anonymous_10)","decl":{"start":{"line":128,"column":23},"end":{"line":128,"column":24}},"loc":{"start":{"line":128,"column":30},"end":{"line":130,"column":3}},"line":128},"11":{"name":"(anonymous_11)","decl":{"start":{"line":193,"column":30},"end":{"line":193,"column":31}},"loc":{"start":{"line":193,"column":37},"end":{"line":193,"column":52}},"line":193},"12":{"name":"(anonymous_12)","decl":{"start":{"line":248,"column":25},"end":{"line":248,"column":26}},"loc":{"start":{"line":248,"column":31},"end":{"line":248,"column":45}},"line":248}},"branchMap":{"0":{"loc":{"start":{"line":64,"column":11},"end":{"line":64,"column":28}},"type":"binary-expr","locations":[{"start":{"line":64,"column":11},"end":{"line":64,"column":22}},{"start":{"line":64,"column":26},"end":{"line":64,"column":28}}],"line":64},"1":{"loc":{"start":{"line":65,"column":24},"end":{"line":65,"column":48}},"type":"binary-expr","locations":[{"start":{"line":65,"column":24},"end":{"line":65,"column":34}},{"start":{"line":65,"column":38},"end":{"line":65,"column":48}}],"line":65},"2":{"loc":{"start":{"line":79,"column":37},"end":{"line":79,"column":75}},"type":"binary-expr","locations":[{"start":{"line":79,"column":37},"end":{"line":79,"column":63}},{"start":{"line":79,"column":67},"end":{"line":79,"column":75}}],"line":79},"3":{"loc":{"start":{"line":80,"column":35},"end":{"line":80,"column":51}},"type":"binary-expr","locations":[{"start":{"line":80,"column":35},"end":{"line":80,"column":45}},{"start":{"line":80,"column":49},"end":{"line":80,"column":51}}],"line":80},"4":{"loc":{"start":{"line":82,"column":4},"end":{"line":82,"column":48}},"type":"binary-expr","locations":[{"start":{"line":82,"column":4},"end":{"line":82,"column":33}},{"start":{"line":82,"column":37},"end":{"line":82,"column":48}}],"line":82},"5":{"loc":{"start":{"line":89,"column":15},"end":{"line":89,"column":51}},"type":"cond-expr","locations":[{"start":{"line":89,"column":30},"end":{"line":89,"column":46}},{"start":{"line":89,"column":49},"end":{"line":89,"column":51}}],"line":89},"6":{"loc":{"start":{"line":113,"column":18},"end":{"line":115,"column":44}},"type":"cond-expr","locations":[{"start":{"line":114,"column":10},"end":{"line":114,"column":66}},{"start":{"line":115,"column":10},"end":{"line":115,"column":44}}],"line":113},"7":{"loc":{"start":{"line":124,"column":18},"end":{"line":124,"column":49}},"type":"binary-expr","locations":[{"start":{"line":124,"column":18},"end":{"line":124,"column":36}},{"start":{"line":124,"column":40},"end":{"line":124,"column":49}}],"line":124},"8":{"loc":{"start":{"line":140,"column":13},"end":{"line":140,"column":46}},"type":"cond-expr","locations":[{"start":{"line":140,"column":20},"end":{"line":140,"column":33}},{"start":{"line":140,"column":36},"end":{"line":140,"column":46}}],"line":140},"9":{"loc":{"start":{"line":153,"column":21},"end":{"line":153,"column":61}},"type":"cond-expr","locations":[{"start":{"line":153,"column":36},"end":{"line":153,"column":56}},{"start":{"line":153,"column":59},"end":{"line":153,"column":61}}],"line":153},"10":{"loc":{"start":{"line":181,"column":25},"end":{"line":181,"column":63}},"type":"cond-expr","locations":[{"start":{"line":181,"column":39},"end":{"line":181,"column":58}},{"start":{"line":181,"column":61},"end":{"line":181,"column":63}}],"line":181},"11":{"loc":{"start":{"line":233,"column":11},"end":{"line":252,"column":11}},"type":"cond-expr","locations":[{"start":{"line":234,"column":12},"end":{"line":236,"column":18}},{"start":{"line":238,"column":12},"end":{"line":251,"column":18}}],"line":233},"12":{"loc":{"start":{"line":233,"column":11},"end":{"line":233,"column":47}},"type":"binary-expr","locations":[{"start":{"line":233,"column":11},"end":{"line":233,"column":20}},{"start":{"line":233,"column":24},"end":{"line":233,"column":34}},{"start":{"line":233,"column":38},"end":{"line":233,"column":47}}],"line":233}},"s":{"0":10,"1":10,"2":10,"3":10,"4":0,"5":0,"6":0,"7":0,"8":0,"9":0,"10":0,"11":0,"12":0,"13":0,"14":0,"15":0,"16":10,"17":24,"18":24,"19":24,"20":24,"21":24,"22":24,"23":24,"24":24,"25":0,"26":0,"27":0,"28":0,"29":0,"30":0,"31":0,"32":0,"33":0,"34":0,"35":0,"36":0,"37":0,"38":0,"39":0,"40":0,"41":0,"42":0,"43":0,"44":0,"45":0,"46":0,"47":0,"48":0},"f":{"0":0,"1":0,"2":0,"3":0,"4":0,"5":0,"6":0,"7":24,"8":0,"9":0,"10":0,"11":0,"12":0},"b":{"0":[24,24],"1":[24,24],"2":[24,24],"3":[24,24],"4":[24,24],"5":[0,0],"6":[0,0],"7":[0,0],"8":[0,0],"9":[0,0],"10":[0,0],"11":[0,0],"12":[0,0,0]},"_coverageSchema":"1a1c01bbd47fc00a2c39e90264f33305004495a9","hash":"dccf59f5fbe0f63a3eb405fd6c92a707c2dfb83e"}
,"D:\\vscode2\\ProjectPulse\\client\\src\\components\\tasks\\BoardView.jsx": {"path":"D:\\vscode2\\ProjectPulse\\client\\src\\components\\tasks\\BoardView.jsx","statementMap":{"0":{"start":{"line":3,"column":18},"end":{"line":11,"column":1}},"1":{"start":{"line":4,"column":2},"end":{"line":10,"column":4}},"2":{"start":{"line":7,"column":8},"end":{"line":7,"column":44}}},"fnMap":{"0":{"name":"(anonymous_0)","decl":{"start":{"line":3,"column":18},"end":{"line":3,"column":19}},"loc":{"start":{"line":3,"column":33},"end":{"line":11,"column":1}},"line":3},"1":{"name":"(anonymous_1)","decl":{"start":{"line":6,"column":18},"end":{"line":6,"column":19}},"loc":{"start":{"line":7,"column":8},"end":{"line":7,"column":44}},"line":7}},"branchMap":{},"s":{"0":10,"1":6,"2":4},"f":{"0":6,"1":4},"b":{},"_coverageSchema":"1a1c01bbd47fc00a2c39e90264f33305004495a9","hash":"a6b8995a466ab98602f862c3a7a293397b45eee9"}
,"D:\\vscode2\\ProjectPulse\\client\\src\\components\\tasks\\TaskAssets.jsx": {"path":"D:\\vscode2\\ProjectPulse\\client\\src\\components\\tasks\\TaskAssets.jsx","statementMap":{"0":{"start":{"line":7,"column":19},"end":{"line":26,"column":1}},"1":{"start":{"line":8,"column":2},"end":{"line":25,"column":4}}},"fnMap":{"0":{"name":"(anonymous_0)","decl":{"start":{"line":7,"column":19},"end":{"line":7,"column":20}},"loc":{"start":{"line":7,"column":57},"end":{"line":26,"column":1}},"line":7}},"branchMap":{},"s":{"0":10,"1":10},"f":{"0":10},"b":{},"_coverageSchema":"1a1c01bbd47fc00a2c39e90264f33305004495a9","hash":"5050b5f1a04636e9f5f37e83337ebe816e8cb9a7"}
,"D:\\vscode2\\ProjectPulse\\client\\src\\components\\tasks\\TaskCard.jsx": {"path":"D:\\vscode2\\ProjectPulse\\client\\src\\components\\tasks\\TaskCard.jsx","statementMap":{"0":{"start":{"line":21,"column":14},"end":{"line":25,"column":1}},"1":{"start":{"line":27,"column":17},"end":{"line":123,"column":1}},"2":{"start":{"line":28,"column":19},"end":{"line":28,"column":53}},"3":{"start":{"line":28,"column":42},"end":{"line":28,"column":52}},"4":{"start":{"line":29,"column":26},"end":{"line":29,"column":41}},"5":{"start":{"line":31,"column":2},"end":{"line":122,"column":4}},"6":{"start":{"line":71,"column":16},"end":{"line":79,"column":22}},"7":{"start":{"line":111,"column":27},"end":{"line":111,"column":40}}},"fnMap":{"0":{"name":"(anonymous_0)","decl":{"start":{"line":27,"column":17},"end":{"line":27,"column":18}},"loc":{"start":{"line":27,"column":31},"end":{"line":123,"column":1}},"line":27},"1":{"name":"(anonymous_1)","decl":{"start":{"line":28,"column":31},"end":{"line":28,"column":32}},"loc":{"start":{"line":28,"column":42},"end":{"line":28,"column":52}},"line":28},"2":{"name":"(anonymous_2)","decl":{"start":{"line":70,"column":30},"end":{"line":70,"column":31}},"loc":{"start":{"line":71,"column":16},"end":{"line":79,"column":22}},"line":71},"3":{"name":"(anonymous_3)","decl":{"start":{"line":111,"column":21},"end":{"line":111,"column":22}},"loc":{"start":{"line":111,"column":27},"end":{"line":111,"column":40}},"line":111}},"branchMap":{"0":{"loc":{"start":{"line":69,"column":13},"end":{"line":80,"column":16}},"type":"binary-expr","locations":[{"start":{"line":69,"column":13},"end":{"line":69,"column":35}},{"start":{"line":70,"column":14},"end":{"line":80,"column":16}}],"line":69},"1":{"loc":{"start":{"line":85,"column":9},"end":{"line":106,"column":9}},"type":"cond-expr","locations":[{"start":{"line":86,"column":10},"end":{"line":99,"column":16}},{"start":{"line":101,"column":10},"end":{"line":105,"column":16}}],"line":85},"2":{"loc":{"start":{"line":110,"column":22},"end":{"line":110,"column":49}},"type":"cond-expr","locations":[{"start":{"line":110,"column":37},"end":{"line":110,"column":42}},{"start":{"line":110,"column":45},"end":{"line":110,"column":49}}],"line":110}},"s":{"0":10,"1":10,"2":4,"3":4,"4":4,"5":4,"6":0,"7":0},"f":{"0":4,"1":4,"2":0,"3":0},"b":{"0":[4,0],"1":[0,4],"2":[4,0]},"_coverageSchema":"1a1c01bbd47fc00a2c39e90264f33305004495a9","hash":"e8c1a57bcf262390e8ba1d00ed12b0e224f42bc1"}
,"D:\\vscode2\\ProjectPulse\\client\\src\\components\\tasks\\TaskColor.jsx": {"path":"D:\\vscode2\\ProjectPulse\\client\\src\\components\\tasks\\TaskColor.jsx","statementMap":{"0":{"start":{"line":4,"column":18},"end":{"line":6,"column":1}},"1":{"start":{"line":5,"column":2},"end":{"line":5,"column":69}}},"fnMap":{"0":{"name":"(anonymous_0)","decl":{"start":{"line":4,"column":18},"end":{"line":4,"column":19}},"loc":{"start":{"line":4,"column":37},"end":{"line":6,"column":1}},"line":4}},"branchMap":{},"s":{"0":10,"1":36},"f":{"0":36},"b":{},"_coverageSchema":"1a1c01bbd47fc00a2c39e90264f33305004495a9","hash":"a5fc06360ba56282b956cd11689ddb75a627e3ca"}
,"D:\\vscode2\\ProjectPulse\\client\\src\\components\\tasks\\TaskDialog.jsx": {"path":"D:\\vscode2\\ProjectPulse\\client\\src\\components\\tasks\\TaskDialog.jsx","statementMap":{"0":{"start":{"line":23,"column":25},"end":{"line":35,"column":1}},"1":{"start":{"line":24,"column":2},"end":{"line":34,"column":15}},"2":{"start":{"line":37,"column":26},"end":{"line":118,"column":1}},"3":{"start":{"line":38,"column":24},"end":{"line":38,"column":52}},"4":{"start":{"line":40,"column":24},"end":{"line":57,"column":3}},"5":{"start":{"line":41,"column":4},"end":{"line":56,"column":5}},"6":{"start":{"line":42,"column":19},"end":{"line":45,"column":7}},"7":{"start":{"line":46,"column":18},"end":{"line":46,"column":50}},"8":{"start":{"line":48,"column":6},"end":{"line":48,"column":34}},"9":{"start":{"line":50,"column":6},"end":{"line":52,"column":14}},"10":{"start":{"line":51,"column":8},"end":{"line":51,"column":33}},"11":{"start":{"line":54,"column":6},"end":{"line":54,"column":23}},"12":{"start":{"line":55,"column":6},"end":{"line":55,"column":51}},"13":{"start":{"line":59,"column":16},"end":{"line":78,"column":3}},"14":{"start":{"line":64,"column":21},"end":{"line":64,"column":42}},"15":{"start":{"line":70,"column":21},"end":{"line":70,"column":49}},"16":{"start":{"line":76,"column":21},"end":{"line":76,"column":47}},"17":{"start":{"line":80,"column":2},"end":{"line":117,"column":4}},"18":{"start":{"line":96,"column":16},"end":{"line":110,"column":28}},"19":{"start":{"line":98,"column":20},"end":{"line":108,"column":29}},"20":{"start":{"line":121,"column":19},"end":{"line":121,"column":53}},"21":{"start":{"line":121,"column":42},"end":{"line":121,"column":52}},"22":{"start":{"line":122,"column":26},"end":{"line":122,"column":41}},"23":{"start":{"line":123,"column":34},"end":{"line":123,"column":49}},"24":{"start":{"line":124,"column":38},"end":{"line":124,"column":53}},"25":{"start":{"line":126,"column":19},"end":{"line":126,"column":32}},"26":{"start":{"line":128,"column":23},"end":{"line":128,"column":45}},"27":{"start":{"line":129,"column":26},"end":{"line":129,"column":52}},"28":{"start":{"line":131,"column":23},"end":{"line":133,"column":3}},"29":{"start":{"line":132,"column":4},"end":{"line":132,"column":24}},"30":{"start":{"line":135,"column":24},"end":{"line":152,"column":3}},"31":{"start":{"line":136,"column":4},"end":{"line":151,"column":5}},"32":{"start":{"line":137,"column":18},"end":{"line":140,"column":17}},"33":{"start":{"line":142,"column":6},"end":{"line":142,"column":34}},"34":{"start":{"line":144,"column":6},"end":{"line":147,"column":14}},"35":{"start":{"line":145,"column":8},"end":{"line":145,"column":29}},"36":{"start":{"line":146,"column":8},"end":{"line":146,"column":33}},"37":{"start":{"line":149,"column":6},"end":{"line":149,"column":23}},"38":{"start":{"line":150,"column":6},"end":{"line":150,"column":51}},"39":{"start":{"line":154,"column":27},"end":{"line":168,"column":3}},"40":{"start":{"line":155,"column":4},"end":{"line":167,"column":5}},"41":{"start":{"line":156,"column":18},"end":{"line":156,"column":56}},"42":{"start":{"line":158,"column":6},"end":{"line":158,"column":34}},"43":{"start":{"line":160,"column":6},"end":{"line":163,"column":14}},"44":{"start":{"line":161,"column":8},"end":{"line":161,"column":29}},"45":{"start":{"line":162,"column":8},"end":{"line":162,"column":33}},"46":{"start":{"line":165,"column":6},"end":{"line":165,"column":23}},"47":{"start":{"line":166,"column":6},"end":{"line":166,"column":51}},"48":{"start":{"line":170,"column":16},"end":{"line":191,"column":3}},"49":{"start":{"line":174,"column":21},"end":{"line":174,"column":50}},"50":{"start":{"line":179,"column":21},"end":{"line":179,"column":38}},"51":{"start":{"line":184,"column":21},"end":{"line":184,"column":34}},"52":{"start":{"line":189,"column":21},"end":{"line":189,"column":39}},"53":{"start":{"line":193,"column":2},"end":{"line":265,"column":4}},"54":{"start":{"line":205,"column":18},"end":{"line":218,"column":30}},"55":{"start":{"line":207,"column":22},"end":{"line":216,"column":31}},"56":{"start":{"line":231,"column":20},"end":{"line":243,"column":29}},"57":{"start":{"line":233,"column":37},"end":{"line":233,"column":51}}},"fnMap":{"0":{"name":"(anonymous_0)","decl":{"start":{"line":23,"column":25},"end":{"line":23,"column":26}},"loc":{"start":{"line":24,"column":2},"end":{"line":34,"column":15}},"line":24},"1":{"name":"(anonymous_1)","decl":{"start":{"line":37,"column":26},"end":{"line":37,"column":27}},"loc":{"start":{"line":37,"column":46},"end":{"line":118,"column":1}},"line":37},"2":{"name":"(anonymous_2)","decl":{"start":{"line":40,"column":24},"end":{"line":40,"column":25}},"loc":{"start":{"line":40,"column":39},"end":{"line":57,"column":3}},"line":40},"3":{"name":"(anonymous_3)","decl":{"start":{"line":50,"column":17},"end":{"line":50,"column":18}},"loc":{"start":{"line":50,"column":23},"end":{"line":52,"column":7}},"line":50},"4":{"name":"(anonymous_4)","decl":{"start":{"line":64,"column":15},"end":{"line":64,"column":16}},"loc":{"start":{"line":64,"column":21},"end":{"line":64,"column":42}},"line":64},"5":{"name":"(anonymous_5)","decl":{"start":{"line":70,"column":15},"end":{"line":70,"column":16}},"loc":{"start":{"line":70,"column":21},"end":{"line":70,"column":49}},"line":70},"6":{"name":"(anonymous_6)","decl":{"start":{"line":76,"column":15},"end":{"line":76,"column":16}},"loc":{"start":{"line":76,"column":21},"end":{"line":76,"column":47}},"line":76},"7":{"name":"(anonymous_7)","decl":{"start":{"line":95,"column":25},"end":{"line":95,"column":26}},"loc":{"start":{"line":96,"column":16},"end":{"line":110,"column":28}},"line":96},"8":{"name":"(anonymous_8)","decl":{"start":{"line":97,"column":19},"end":{"line":97,"column":20}},"loc":{"start":{"line":98,"column":20},"end":{"line":108,"column":29}},"line":98},"9":{"name":"TaskDialog","decl":{"start":{"line":120,"column":24},"end":{"line":120,"column":34}},"loc":{"start":{"line":120,"column":45},"end":{"line":266,"column":1}},"line":120},"10":{"name":"(anonymous_10)","decl":{"start":{"line":121,"column":31},"end":{"line":121,"column":32}},"loc":{"start":{"line":121,"column":42},"end":{"line":121,"column":52}},"line":121},"11":{"name":"(anonymous_11)","decl":{"start":{"line":131,"column":23},"end":{"line":131,"column":24}},"loc":{"start":{"line":131,"column":29},"end":{"line":133,"column":3}},"line":131},"12":{"name":"(anonymous_12)","decl":{"start":{"line":135,"column":24},"end":{"line":135,"column":25}},"loc":{"start":{"line":135,"column":36},"end":{"line":152,"column":3}},"line":135},"13":{"name":"(anonymous_13)","decl":{"start":{"line":144,"column":17},"end":{"line":144,"column":18}},"loc":{"start":{"line":144,"column":23},"end":{"line":147,"column":7}},"line":144},"14":{"name":"(anonymous_14)","decl":{"start":{"line":154,"column":27},"end":{"line":154,"column":28}},"loc":{"start":{"line":154,"column":39},"end":{"line":168,"column":3}},"line":154},"15":{"name":"(anonymous_15)","decl":{"start":{"line":160,"column":17},"end":{"line":160,"column":18}},"loc":{"start":{"line":160,"column":23},"end":{"line":163,"column":7}},"line":160},"16":{"name":"(anonymous_16)","decl":{"start":{"line":174,"column":15},"end":{"line":174,"column":16}},"loc":{"start":{"line":174,"column":21},"end":{"line":174,"column":50}},"line":174},"17":{"name":"(anonymous_17)","decl":{"start":{"line":179,"column":15},"end":{"line":179,"column":16}},"loc":{"start":{"line":179,"column":21},"end":{"line":179,"column":38}},"line":179},"18":{"name":"(anonymous_18)","decl":{"start":{"line":184,"column":15},"end":{"line":184,"column":16}},"loc":{"start":{"line":184,"column":21},"end":{"line":184,"column":34}},"line":184},"19":{"name":"(anonymous_19)","decl":{"start":{"line":189,"column":15},"end":{"line":189,"column":16}},"loc":{"start":{"line":189,"column":21},"end":{"line":189,"column":39}},"line":189},"20":{"name":"(anonymous_20)","decl":{"start":{"line":204,"column":27},"end":{"line":204,"column":28}},"loc":{"start":{"line":205,"column":18},"end":{"line":218,"column":30}},"line":205},"21":{"name":"(anonymous_21)","decl":{"start":{"line":206,"column":21},"end":{"line":206,"column":22}},"loc":{"start":{"line":207,"column":22},"end":{"line":216,"column":31}},"line":207},"22":{"name":"(anonymous_22)","decl":{"start":{"line":230,"column":19},"end":{"line":230,"column":20}},"loc":{"start":{"line":231,"column":20},"end":{"line":243,"column":29}},"line":231},"23":{"name":"(anonymous_23)","decl":{"start":{"line":233,"column":31},"end":{"line":233,"column":32}},"loc":{"start":{"line":233,"column":37},"end":{"line":233,"column":51}},"line":233}},"branchMap":{"0":{"loc":{"start":{"line":55,"column":18},"end":{"line":55,"column":49}},"type":"binary-expr","locations":[{"start":{"line":55,"column":18},"end":{"line":55,"column":36}},{"start":{"line":55,"column":40},"end":{"line":55,"column":49}}],"line":55},"1":{"loc":{"start":{"line":102,"column":24},"end":{"line":102,"column":78}},"type":"cond-expr","locations":[{"start":{"line":102,"column":33},"end":{"line":102,"column":60}},{"start":{"line":102,"column":63},"end":{"line":102,"column":78}}],"line":102},"2":{"loc":{"start":{"line":150,"column":18},"end":{"line":150,"column":49}},"type":"binary-expr","locations":[{"start":{"line":150,"column":18},"end":{"line":150,"column":36}},{"start":{"line":150,"column":40},"end":{"line":150,"column":49}}],"line":150},"3":{"loc":{"start":{"line":166,"column":18},"end":{"line":166,"column":49}},"type":"binary-expr","locations":[{"start":{"line":166,"column":18},"end":{"line":166,"column":36}},{"start":{"line":166,"column":40},"end":{"line":166,"column":49}}],"line":166},"4":{"loc":{"start":{"line":208,"column":34},"end":{"line":208,"column":69}},"type":"cond-expr","locations":[{"start":{"line":208,"column":48},"end":{"line":208,"column":53}},{"start":{"line":208,"column":56},"end":{"line":208,"column":69}}],"line":208},"5":{"loc":{"start":{"line":211,"column":26},"end":{"line":211,"column":77}},"type":"cond-expr","locations":[{"start":{"line":211,"column":35},"end":{"line":211,"column":59}},{"start":{"line":211,"column":62},"end":{"line":211,"column":77}}],"line":211},"6":{"loc":{"start":{"line":235,"column":24},"end":{"line":235,"column":75}},"type":"cond-expr","locations":[{"start":{"line":235,"column":33},"end":{"line":235,"column":58}},{"start":{"line":235,"column":61},"end":{"line":235,"column":75}}],"line":235}},"s":{"0":10,"1":0,"2":10,"3":0,"4":0,"5":0,"6":0,"7":0,"8":0,"9":0,"10":0,"11":0,"12":0,"13":0,"14":0,"15":0,"16":0,"17":0,"18":0,"19":0,"20":28,"21":8,"22":8,"23":8,"24":8,"25":8,"26":8,"27":0,"28":0,"29":0,"30":0,"31":0,"32":0,"33":0,"34":0,"35":0,"36":0,"37":0,"38":0,"39":0,"40":0,"41":0,"42":0,"43":0,"44":0,"45":0,"46":0,"47":0,"48":0,"49":0,"50":0,"51":0,"52":0,"53":0,"54":0,"55":0,"56":0,"57":0},"f":{"0":0,"1":0,"2":0,"3":0,"4":0,"5":0,"6":0,"7":0,"8":0,"9":28,"10":8,"11":0,"12":0,"13":0,"14":0,"15":0,"16":0,"17":0,"18":0,"19":0,"20":0,"21":0,"22":0,"23":0},"b":{"0":[0,0],"1":[0,0],"2":[0,0],"3":[0,0],"4":[0,0],"5":[0,0],"6":[0,0]},"_coverageSchema":"1a1c01bbd47fc00a2c39e90264f33305004495a9","hash":"81c902bcb8e17b90bde2c3e2d898151589c3b6df"}
,"D:\\vscode2\\ProjectPulse\\client\\src\\components\\tasks\\TaskTitle.jsx": {"path":"D:\\vscode2\\ProjectPulse\\client\\src\\components\\tasks\\TaskTitle.jsx","statementMap":{"0":{"start":{"line":4,"column":18},"end":{"line":19,"column":1}},"1":{"start":{"line":5,"column":2},"end":{"line":18,"column":4}}},"fnMap":{"0":{"name":"(anonymous_0)","decl":{"start":{"line":4,"column":18},"end":{"line":4,"column":19}},"loc":{"start":{"line":4,"column":44},"end":{"line":19,"column":1}},"line":4}},"branchMap":{},"s":{"0":10,"1":18},"f":{"0":18},"b":{},"_coverageSchema":"1a1c01bbd47fc00a2c39e90264f33305004495a9","hash":"af05bfa8ba4d91f69f5eed10360dc4b636780b6d"}
[...]
,"D:\\vscode2\\ProjectPulse\\client\\src\\redux\\slices\\apiSlice.js": {"path":"D:\\vscode2\\ProjectPulse\\client\\src\\redux\\slices\\apiSlice.js","statementMap":{"0":{"start":{"line":4,"column":16},"end":{"line":4,"column":43}},"1":{"start":{"line":6,"column":18},"end":{"line":6,"column":54}},"2":{"start":{"line":8,"column":24},"end":{"line":12,"column":2}},"3":{"start":{"line":11,"column":27},"end":{"line":11,"column":29}}},"fnMap":{"0":{"name":"(anonymous_0)","decl":{"start":{"line":11,"column":13},"end":{"line":11,"column":14}},"loc":{"start":{"line":11,"column":27},"end":{"line":11,"column":29}},"line":11}},"branchMap":{},"s":{"0":12,"1":12,"2":12,"3":12},"f":{"0":12},"b":{},"_coverageSchema":"1a1c01bbd47fc00a2c39e90264f33305004495a9","hash":"e5b9c7b2eed78aa526a1ba794884c390fefe7576"}
,"D:\\vscode2\\ProjectPulse\\client\\src\\redux\\slices\\authSlice.js": {"path":"D:\\vscode2\\ProjectPulse\\client\\src\\redux\\slices\\authSlice.js","statementMap":{"0":{"start":{"line":3,"column":21},"end":{"line":9,"column":1}},"1":{"start":{"line":11,"column":18},"end":{"line":27,"column":2}},"2":{"start":{"line":16,"column":6},"end":{"line":16,"column":34}},"3":{"start":{"line":17,"column":6},"end":{"line":17,"column":71}},"4":{"start":{"line":20,"column":6},"end":{"line":20,"column":24}},"5":{"start":{"line":21,"column":6},"end":{"line":21,"column":42}},"6":{"start":{"line":24,"column":6},"end":{"line":24,"column":43}},"7":{"start":{"line":29,"column":58},"end":{"line":29,"column":75}}},"fnMap":{"0":{"name":"(anonymous_0)","decl":{"start":{"line":15,"column":20},"end":{"line":15,"column":21}},"loc":{"start":{"line":15,"column":39},"end":{"line":18,"column":5}},"line":15},"1":{"name":"(anonymous_1)","decl":{"start":{"line":19,"column":12},"end":{"line":19,"column":13}},"loc":{"start":{"line":19,"column":31},"end":{"line":22,"column":5}},"line":19},"2":{"name":"(anonymous_2)","decl":{"start":{"line":23,"column":20},"end":{"line":23,"column":21}},"loc":{"start":{"line":23,"column":39},"end":{"line":25,"column":5}},"line":23}},"branchMap":{"0":{"loc":{"start":{"line":4,"column":8},"end":{"line":6,"column":10}},"type":"cond-expr","locations":[{"start":{"line":5,"column":6},"end":{"line":5,"column":50}},{"start":{"line":6,"column":6},"end":{"line":6,"column":10}}],"line":4}},"s":{"0":12,"1":12,"2":0,"3":0,"4":0,"5":0,"6":0,"7":12},"f":{"0":0,"1":0,"2":0},"b":{"0":[0,12]},"_coverageSchema":"1a1c01bbd47fc00a2c39e90264f33305004495a9","hash":"798889f6dd33f3247e440ab0a9b2b36caae97ebb"}
,"D:\\vscode2\\ProjectPulse\\client\\src\\redux\\slices\\api\\authApiSlice.js": {"path":"D:\\vscode2\\ProjectPulse\\client\\src\\redux\\slices\\api\\authApiSlice.js","statementMap":{"0":{"start":{"line":4,"column":28},"end":{"line":30,"column":2}},"1":{"start":{"line":5,"column":27},"end":{"line":29,"column":3}},"2":{"start":{"line":7,"column":24},"end":{"line":12,"column":7}},"3":{"start":{"line":15,"column":24},"end":{"line":20,"column":7}},"4":{"start":{"line":23,"column":20},"end":{"line":27,"column":7}},"5":{"start":{"line":33,"column":2},"end":{"line":33,"column":14}}},"fnMap":{"0":{"name":"(anonymous_0)","decl":{"start":{"line":5,"column":13},"end":{"line":5,"column":14}},"loc":{"start":{"line":5,"column":27},"end":{"line":29,"column":3}},"line":5},"1":{"name":"(anonymous_1)","decl":{"start":{"line":7,"column":13},"end":{"line":7,"column":14}},"loc":{"start":{"line":7,"column":24},"end":{"line":12,"column":7}},"line":7},"2":{"name":"(anonymous_2)","decl":{"start":{"line":15,"column":13},"end":{"line":15,"column":14}},"loc":{"start":{"line":15,"column":24},"end":{"line":20,"column":7}},"line":15},"3":{"name":"(anonymous_3)","decl":{"start":{"line":23,"column":13},"end":{"line":23,"column":14}},"loc":{"start":{"line":23,"column":20},"end":{"line":27,"column":7}},"line":23}},"branchMap":{},"s":{"0":10,"1":10,"2":0,"3":0,"4":0,"5":10},"f":{"0":10,"1":0,"2":0,"3":0},"b":{},"_coverageSchema":"1a1c01bbd47fc00a2c39e90264f33305004495a9","hash":"0342f1419bbe0d0f2e0a4ffd77baf8f1c5ffc57b"}
,"D:\\vscode2\\ProjectPulse\\client\\src\\redux\\slices\\api\\taskApiSlice.js": {"path":"D:\\vscode2\\ProjectPulse\\client\\src\\redux\\slices\\api\\taskApiSlice.js","statementMap":{"0":{"start":{"line":4,"column":28},"end":{"line":109,"column":2}},"1":{"start":{"line":5,"column":27},"end":{"line":108,"column":3}},"2":{"start":{"line":7,"column":24},"end":{"line":12,"column":7}},"3":{"start":{"line":16,"column":22},"end":{"line":21,"column":7}},"4":{"start":{"line":25,"column":24},"end":{"line":30,"column":7}},"5":{"start":{"line":34,"column":51},"end":{"line":38,"column":7}},"6":{"start":{"line":42,"column":22},"end":{"line":46,"column":7}},"7":{"start":{"line":50,"column":32},"end":{"line":55,"column":7}},"8":{"start":{"line":59,"column":32},"end":{"line":64,"column":7}},"9":{"start":{"line":68,"column":26},"end":{"line":72,"column":7}},"10":{"start":{"line":76,"column":38},"end":{"line":80,"column":7}},"11":{"start":{"line":84,"column":20},"end":{"line":88,"column":7}},"12":{"start":{"line":92,"column":24},"end":{"line":97,"column":7}},"13":{"start":{"line":101,"column":24},"end":{"line":106,"column":7}},"14":{"start":{"line":124,"column":4},"end":{"line":124,"column":16}}},"fnMap":{"0":{"name":"(anonymous_0)","decl":{"start":{"line":5,"column":13},"end":{"line":5,"column":14}},"loc":{"start":{"line":5,"column":27},"end":{"line":108,"column":3}},"line":5},"1":{"name":"(anonymous_1)","decl":{"start":{"line":7,"column":13},"end":{"line":7,"column":14}},"loc":{"start":{"line":7,"column":24},"end":{"line":12,"column":7}},"line":7},"2":{"name":"(anonymous_2)","decl":{"start":{"line":16,"column":13},"end":{"line":16,"column":14}},"loc":{"start":{"line":16,"column":22},"end":{"line":21,"column":7}},"line":16},"3":{"name":"(anonymous_3)","decl":{"start":{"line":25,"column":13},"end":{"line":25,"column":14}},"loc":{"start":{"line":25,"column":24},"end":{"line":30,"column":7}},"line":25},"4":{"name":"(anonymous_4)","decl":{"start":{"line":34,"column":13},"end":{"line":34,"column":14}},"loc":{"start":{"line":34,"column":51},"end":{"line":38,"column":7}},"line":34},"5":{"name":"(anonymous_5)","decl":{"start":{"line":42,"column":13},"end":{"line":42,"column":14}},"loc":{"start":{"line":42,"column":22},"end":{"line":46,"column":7}},"line":42},"6":{"name":"(anonymous_6)","decl":{"start":{"line":50,"column":13},"end":{"line":50,"column":14}},"loc":{"start":{"line":50,"column":32},"end":{"line":55,"column":7}},"line":50},"7":{"name":"(anonymous_7)","decl":{"start":{"line":59,"column":13},"end":{"line":59,"column":14}},"loc":{"start":{"line":59,"column":32},"end":{"line":64,"column":7}},"line":59},"8":{"name":"(anonymous_8)","decl":{"start":{"line":68,"column":13},"end":{"line":68,"column":14}},"loc":{"start":{"line":68,"column":26},"end":{"line":72,"column":7}},"line":68},"9":{"name":"(anonymous_9)","decl":{"start":{"line":76,"column":13},"end":{"line":76,"column":14}},"loc":{"start":{"line":76,"column":38},"end":{"line":80,"column":7}},"line":76},"10":{"name":"(anonymous_10)","decl":{"start":{"line":84,"column":13},"end":{"line":84,"column":14}},"loc":{"start":{"line":84,"column":20},"end":{"line":88,"column":7}},"line":84},"11":{"name":"(anonymous_11)","decl":{"start":{"line":92,"column":13},"end":{"line":92,"column":14}},"loc":{"start":{"line":92,"column":24},"end":{"line":97,"column":7}},"line":92},"12":{"name":"(anonymous_12)","decl":{"start":{"line":101,"column":13},"end":{"line":101,"column":14}},"loc":{"start":{"line":101,"column":24},"end":{"line":106,"column":7}},"line":101}},"branchMap":{},"s":{"0":6,"1":6,"2":0,"3":0,"4":0,"5":0,"6":0,"7":0,"8":0,"9":0,"10":0,"11":0,"12":0,"13":0,"14":6},"f":{"0":6,"1":0,"2":0,"3":0,"4":0,"5":0,"6":0,"7":0,"8":0,"9":0,"10":0,"11":0,"12":0},"b":{},"_coverageSchema":"1a1c01bbd47fc00a2c39e90264f33305004495a9","hash":"a5925bdfa48c5a92eec3164ee4766cfaf25f0811"}
,"D:\\vscode2\\ProjectPulse\\client\\src\\redux\\slices\\api\\userApiSlice.js": {"path":"D:\\vscode2\\ProjectPulse\\client\\src\\redux\\slices\\api\\userApiSlice.js","statementMap":{"0":{"start":{"line":4,"column":28},"end":{"line":74,"column":2}},"1":{"start":{"line":5,"column":27},"end":{"line":73,"column":3}},"2":{"start":{"line":7,"column":24},"end":{"line":12,"column":7}},"3":{"start":{"line":16,"column":30},"end":{"line":20,"column":7}},"4":{"start":{"line":24,"column":20},"end":{"line":28,"column":7}},"5":{"start":{"line":32,"column":20},"end":{"line":36,"column":7}},"6":{"start":{"line":40,"column":22},"end":{"line":44,"column":7}},"7":{"start":{"line":48,"column":24},"end":{"line":53,"column":7}},"8":{"start":{"line":57,"column":24},"end":{"line":62,"column":7}},"9":{"start":{"line":66,"column":24},"end":{"line":71,"column":7}},"10":{"start":{"line":85,"column":4},"end":{"line":85,"column":16}}},"fnMap":{"0":{"name":"(anonymous_0)","decl":{"start":{"line":5,"column":13},"end":{"line":5,"column":14}},"loc":{"start":{"line":5,"column":27},"end":{"line":73,"column":3}},"line":5},"1":{"name":"(anonymous_1)","decl":{"start":{"line":7,"column":13},"end":{"line":7,"column":14}},"loc":{"start":{"line":7,"column":24},"end":{"line":12,"column":7}},"line":7},"2":{"name":"(anonymous_2)","decl":{"start":{"line":16,"column":13},"end":{"line":16,"column":14}},"loc":{"start":{"line":16,"column":30},"end":{"line":20,"column":7}},"line":16},"3":{"name":"(anonymous_3)","decl":{"start":{"line":24,"column":13},"end":{"line":24,"column":14}},"loc":{"start":{"line":24,"column":20},"end":{"line":28,"column":7}},"line":24},"4":{"name":"(anonymous_4)","decl":{"start":{"line":32,"column":13},"end":{"line":32,"column":14}},"loc":{"start":{"line":32,"column":20},"end":{"line":36,"column":7}},"line":32},"5":{"name":"(anonymous_5)","decl":{"start":{"line":40,"column":13},"end":{"line":40,"column":14}},"loc":{"start":{"line":40,"column":22},"end":{"line":44,"column":7}},"line":40},"6":{"name":"(anonymous_6)","decl":{"start":{"line":48,"column":13},"end":{"line":48,"column":14}},"loc":{"start":{"line":48,"column":24},"end":{"line":53,"column":7}},"line":48},"7":{"name":"(anonymous_7)","decl":{"start":{"line":57,"column":13},"end":{"line":57,"column":14}},"loc":{"start":{"line":57,"column":24},"end":{"line":62,"column":7}},"line":57},"8":{"name":"(anonymous_8)","decl":{"start":{"line":66,"column":13},"end":{"line":66,"column":14}},"loc":{"start":{"line":66,"column":24},"end":{"line":71,"column":7}},"line":66}},"branchMap":{},"s":{"0":11,"1":11,"2":0,"3":0,"4":0,"5":0,"6":0,"7":0,"8":0,"9":0,"10":11},"f":{"0":11,"1":0,"2":0,"3":0,"4":0,"5":0,"6":0,"7":0,"8":0},"b":{},"_coverageSchema":"1a1c01bbd47fc00a2c39e90264f33305004495a9","hash":"7dcdf495a908eeaf835c5e11ad50c8e210b4c394"}
,"D:\\vscode2\\ProjectPulse\\client\\src\\utils\\contants.js": {"path":"D:\\vscode2\\ProjectPulse\\client\\src\\utils\\contants.js","statementMap":{"0":{"start":{"line":1,"column":18},"end":{"line":1,"column":25}},"1":{"start":{"line":3,"column":18},"end":{"line":3,"column":25}},"2":{"start":{"line":5,"column":18},"end":{"line":5,"column":26}}},"fnMap":{},"branchMap":{},"s":{"0":12,"1":12,"2":12},"f":{},"b":{},"_coverageSchema":"1a1c01bbd47fc00a2c39e90264f33305004495a9","hash":"ec5ca6e6e4b10a012f900712b617b2bf0e591728"}
,"D:\\vscode2\\ProjectPulse\\client\\src\\utils\\dummydata.js": {"path":"D:\\vscode2\\ProjectPulse\\client\\src\\utils\\dummydata.js","statementMap":{"0":{"start":{"line":1,"column":21},"end":{"line":245,"column":1}},"1":{"start":{"line":247,"column":30},"end":{"line":293,"column":1}},"2":{"start":{"line":295,"column":21},"end":{"line":400,"column":1}}},"fnMap":{},"branchMap":{},"s":{"0":0,"1":0,"2":0},"f":{},"b":{}}
,"D:\\vscode2\\ProjectPulse\\client\\src\\utils\\firebase.js": {"path":"D:\\vscode2\\ProjectPulse\\client\\src\\utils\\firebase.js","statementMap":{"0":{"start":{"line":3,"column":23},"end":{"line":11,"column":1}},"1":{"start":{"line":13,"column":19},"end":{"line":13,"column":48}}},"fnMap":{},"branchMap":{},"s":{"0":10,"1":10},"f":{},"b":{},"_coverageSchema":"1a1c01bbd47fc00a2c39e90264f33305004495a9","hash":"0bd77c20561f70ecb3971d83e4a625391b6205a7"}
,"D:\\vscode2\\ProjectPulse\\client\\src\\utils\\index.js": {"path":"D:\\vscode2\\ProjectPulse\\client\\src\\utils\\index.js","statementMap":{"0":{"start":{"line":1,"column":26},"end":{"line":11,"column":1}},"1":{"start":{"line":3,"column":16},"end":{"line":3,"column":64}},"2":{"start":{"line":4,"column":14},"end":{"line":4,"column":28}},"3":{"start":{"line":5,"column":15},"end":{"line":5,"column":33}},"4":{"start":{"line":8,"column":24},"end":{"line":8,"column":49}},"5":{"start":{"line":10,"column":2},"end":{"line":10,"column":23}},"6":{"start":{"line":14,"column":20},"end":{"line":14,"column":40}},"7":{"start":{"line":16,"column":2},"end":{"line":18,"column":3}},"8":{"start":{"line":17,"column":4},"end":{"line":17,"column":26}},"9":{"start":{"line":20,"column":15},"end":{"line":20,"column":38}},"10":{"start":{"line":21,"column":16},"end":{"line":21,"column":65}},"11":{"start":{"line":22,"column":14},"end":{"line":22,"column":58}},"12":{"start":{"line":24,"column":24},"end":{"line":24,"column":49}},"13":{"start":{"line":25,"column":2},"end":{"line":25,"column":23}},"14":{"start":{"line":29,"column":16},"end":{"line":29,"column":35}},"15":{"start":{"line":31,"column":19},"end":{"line":31,"column":73}},"16":{"start":{"line":31,"column":51},"end":{"line":31,"column":72}},"17":{"start":{"line":33,"column":22},"end":{"line":33,"column":39}},"18":{"start":{"line":35,"column":2},"end":{"line":35,"column":21}},"19":{"start":{"line":38,"column":25},"end":{"line":49,"column":1}},"20":{"start":{"line":39,"column":17},"end":{"line":39,"column":38}},"21":{"start":{"line":41,"column":2},"end":{"line":43,"column":3}},"22":{"start":{"line":42,"column":4},"end":{"line":42,"column":37}},"23":{"start":{"line":45,"column":17},"end":{"line":45,"column":61}},"24":{"start":{"line":46,"column":2},"end":{"line":46,"column":38}},"25":{"start":{"line":48,"column":2},"end":{"line":48,"column":16}},"26":{"start":{"line":51,"column":30},"end":{"line":55,"column":1}},"27":{"start":{"line":57,"column":25},"end":{"line":61,"column":1}},"28":{"start":{"line":63,"column":19},"end":{"line":68,"column":1}},"29":{"start":{"line":70,"column":36},"end":{"line":74,"column":1}},"30":{"start":{"line":71,"column":25},"end":{"line":71,"column":74}},"31":{"start":{"line":71,"column":49},"end":{"line":71,"column":66}},"32":{"start":{"line":73,"column":2},"end":{"line":73,"column":24}},"33":{"start":{"line":77,"column":24},"end":{"line":77,"column":25}},"34":{"start":{"line":78,"column":18},"end":{"line":78,"column":19}},"35":{"start":{"line":79,"column":23},"end":{"line":79,"column":24}},"36":{"start":{"line":81,"column":2},"end":{"line":95,"column":5}},"37":{"start":{"line":82,"column":4},"end":{"line":94,"column":5}},"38":{"start":{"line":84,"column":8},"end":{"line":84,"column":26}},"39":{"start":{"line":85,"column":8},"end":{"line":85,"column":14}},"40":{"start":{"line":87,"column":8},"end":{"line":87,"column":20}},"41":{"start":{"line":88,"column":8},"end":{"line":88,"column":14}},"42":{"start":{"line":90,"column":8},"end":{"line":90,"column":25}},"43":{"start":{"line":91,"column":8},"end":{"line":91,"column":14}},"44":{"start":{"line":93,"column":8},"end":{"line":93,"column":14}},"45":{"start":{"line":97,"column":2},"end":{"line":101,"column":4}}},"fnMap":{"0":{"name":"(anonymous_0)","decl":{"start":{"line":1,"column":26},"end":{"line":1,"column":27}},"loc":{"start":{"line":1,"column":36},"end":{"line":11,"column":1}},"line":1},"1":{"name":"dateFormatter","decl":{"start":{"line":13,"column":16},"end":{"line":13,"column":29}},"loc":{"start":{"line":13,"column":42},"end":{"line":26,"column":1}},"line":13},"2":{"name":"getInitials","decl":{"start":{"line":28,"column":16},"end":{"line":28,"column":27}},"loc":{"start":{"line":28,"column":38},"end":{"line":36,"column":1}},"line":28},"3":{"name":"(anonymous_3)","decl":{"start":{"line":31,"column":41},"end":{"line":31,"column":42}},"loc":{"start":{"line":31,"column":51},"end":{"line":31,"column":72}},"line":31},"4":{"name":"(anonymous_4)","decl":{"start":{"line":38,"column":25},"end":{"line":38,"column":26}},"loc":{"start":{"line":38,"column":65},"end":{"line":49,"column":1}},"line":38},"5":{"name":"(anonymous_5)","decl":{"start":{"line":70,"column":36},"end":{"line":70,"column":37}},"loc":{"start":{"line":70,"column":47},"end":{"line":74,"column":1}},"line":70},"6":{"name":"(anonymous_6)","decl":{"start":{"line":71,"column":39},"end":{"line":71,"column":40}},"loc":{"start":{"line":71,"column":49},"end":{"line":71,"column":66}},"line":71},"7":{"name":"countTasksByStage","decl":{"start":{"line":76,"column":16},"end":{"line":76,"column":33}},"loc":{"start":{"line":76,"column":41},"end":{"line":102,"column":1}},"line":76},"8":{"name":"(anonymous_8)","decl":{"start":{"line":81,"column":17},"end":{"line":81,"column":18}},"loc":{"start":{"line":81,"column":27},"end":{"line":95,"column":3}},"line":81}},"branchMap":{"0":{"loc":{"start":{"line":16,"column":2},"end":{"line":18,"column":3}},"type":"if","locations":[{"start":{"line":16,"column":2},"end":{"line":18,"column":3}},{"start":{},"end":{}}],"line":16},"1":{"loc":{"start":{"line":41,"column":2},"end":{"line":43,"column":3}},"type":"if","locations":[{"start":{"line":41,"column":2},"end":{"line":43,"column":3}},{"start":{},"end":{}}],"line":41},"2":{"loc":{"start":{"line":82,"column":4},"end":{"line":94,"column":5}},"type":"switch","locations":[{"start":{"line":83,"column":6},"end":{"line":85,"column":14}},{"start":{"line":86,"column":6},"end":{"line":88,"column":14}},{"start":{"line":89,"column":6},"end":{"line":91,"column":14}},{"start":{"line":92,"column":6},"end":{"line":93,"column":14}}],"line":82}},"s":{"0":10,"1":10,"2":10,"3":10,"4":10,"5":10,"6":24,"7":24,"8":0,"9":24,"10":24,"11":24,"12":24,"13":24,"14":17,"15":17,"16":22,"17":17,"18":17,"19":10,"20":0,"21":0,"22":0,"23":0,"24":0,"25":0,"26":10,"27":10,"28":10,"29":10,"30":12,"31":4,"32":12,"33":0,"34":0,"35":0,"36":0,"37":0,"38":0,"39":0,"40":0,"41":0,"42":0,"43":0,"44":0,"45":0},"f":{"0":10,"1":24,"2":17,"3":22,"4":0,"5":12,"6":4,"7":0,"8":0},"b":{"0":[0,24],"1":[0,0],"2":[0,0,0,0]},"_coverageSchema":"1a1c01bbd47fc00a2c39e90264f33305004495a9","hash":"bb77c3fe1548d53aedc3982d767f96beabf9781a"}
,"D:\\vscode2\\ProjectPulse\\client\\src\\utils\\test-utils.js": {"path":"D:\\vscode2\\ProjectPulse\\client\\src\\utils\\test-utils.js","statementMap":{"0":{"start":{"line":11,"column":18},"end":{"line":19,"column":6}},"1":{"start":{"line":17,"column":12},"end":{"line":17,"column":62}},"2":{"start":{"line":21,"column":4},"end":{"line":27,"column":6}}},"fnMap":{"0":{"name":"renderWithProviders","decl":{"start":{"line":10,"column":16},"end":{"line":10,"column":35}},"loc":{"start":{"line":10,"column":70},"end":{"line":28,"column":1}},"line":10},"1":{"name":"(anonymous_1)","decl":{"start":{"line":16,"column":20},"end":{"line":16,"column":21}},"loc":{"start":{"line":17,"column":12},"end":{"line":17,"column":62}},"line":17}},"branchMap":{"0":{"loc":{"start":{"line":10,"column":40},"end":{"line":10,"column":68}},"type":"default-arg","locations":[{"start":{"line":10,"column":66},"end":{"line":10,"column":68}}],"line":10},"1":{"loc":{"start":{"line":10,"column":42},"end":{"line":10,"column":61}},"type":"default-arg","locations":[{"start":{"line":10,"column":59},"end":{"line":10,"column":61}}],"line":10}},"s":{"0":0,"1":0,"2":0},"f":{"0":0,"1":0},"b":{"0":[0],"1":[0]}}
}
