TN:
SF:src\App.jsx
FN:19,Layout
FN:20,(anonymous_1)
FN:44,(anonymous_2)
FN:45,(anonymous_3)
FN:49,(anonymous_4)
FN:65,(anonymous_5)
FN:67,(anonymous_6)
FN:70,(anonymous_7)
FN:75,(anonymous_8)
FN:93,(anonymous_9)
FNF:10
FNH:0
FNDA:0,Layout
FNDA:0,(anonymous_1)
FNDA:0,(anonymous_2)
FNDA:0,(anonymous_3)
FNDA:0,(anonymous_4)
FNDA:0,(anonymous_5)
FNDA:0,(anonymous_6)
FNDA:0,(anonymous_7)
FNDA:0,(anonymous_8)
FNDA:0,(anonymous_9)
DA:20,0
DA:21,0
DA:23,0
DA:44,0
DA:45,0
DA:46,0
DA:47,0
DA:49,0
DA:50,0
DA:53,0
DA:66,0
DA:67,0
DA:70,0
DA:75,0
DA:93,0
DA:94,0
DA:96,0
LF:17
LH:0
BRDA:23,0,0,0
BRDA:23,0,1,0
BRDA:69,1,0,0
BRDA:69,1,1,0
BRF:4
BRH:0
end_of_record
TN:
SF:src\main.jsx
FNF:0
FNH:0
DA:10,0
LF:1
LH:0
BRF:0
BRH:0
end_of_record
TN:
SF:src\components\AddUser.jsx
FN:11,(anonymous_0)
FN:13,(anonymous_1)
FN:26,(anonymous_2)
FN:42,(anonymous_3)
FN:124,(anonymous_4)
FNF:5
FNH:1
FNDA:28,(anonymous_0)
FNDA:0,(anonymous_1)
FNDA:0,(anonymous_2)
FNDA:0,(anonymous_3)
FNDA:0,(anonymous_4)
DA:11,10
DA:12,28
DA:13,28
DA:19,0
DA:21,0
DA:23,0
DA:24,0
DA:26,0
DA:27,0
DA:28,0
DA:29,0
DA:30,0
DA:31,0
DA:32,0
DA:35,0
DA:39,0
DA:42,0
DA:43,0
DA:46,0
DA:47,0
DA:51,0
DA:124,0
LF:22
LH:3
BRDA:12,0,0,28
BRDA:12,0,1,28
BRDA:28,1,0,0
BRDA:28,1,1,0
BRDA:31,2,0,0
BRDA:31,2,1,0
BRDA:47,3,0,0
BRDA:47,3,1,0
BRDA:59,4,0,0
BRDA:59,4,1,0
BRDA:71,5,0,0
BRDA:71,5,1,0
BRDA:82,6,0,0
BRDA:82,6,1,0
BRDA:93,7,0,0
BRDA:93,7,1,0
BRDA:105,8,0,0
BRDA:105,8,1,0
BRDA:109,9,0,0
BRDA:109,9,1,0
BRDA:109,10,0,0
BRDA:109,10,1,0
BRF:22
BRH:2
end_of_record
TN:
SF:src\components\Button.jsx
FN:3,(anonymous_0)
FN:3,(anonymous_1)
FNF:2
FNH:1
FNDA:50,(anonymous_0)
FNDA:0,(anonymous_1)
DA:3,11
DA:4,50
LF:2
LH:2
BRDA:3,0,0,0
BRDA:6,1,0,50
BRDA:6,1,1,28
BRDA:12,2,0,50
BRDA:12,2,1,28
BRF:5
BRH:4
end_of_record
TN:
SF:src\components\ChangePassword.jsx
FN:11,(anonymous_0)
FN:20,(anonymous_1)
FN:29,(anonymous_2)
FN:88,(anonymous_3)
FNF:4
FNH:1
FNDA:16,(anonymous_0)
FNDA:0,(anonymous_1)
FNDA:0,(anonymous_2)
FNDA:0,(anonymous_3)
DA:11,11
DA:16,16
DA:18,16
DA:20,0
DA:21,0
DA:22,0
DA:23,0
DA:25,0
DA:26,0
DA:27,0
DA:29,0
DA:30,0
DA:33,0
DA:34,0
DA:38,0
DA:88,0
LF:16
LH:3
BRDA:21,0,0,0
BRDA:21,0,1,0
BRDA:34,1,0,0
BRDA:34,1,1,0
BRDA:58,2,0,0
BRDA:58,2,1,0
BRDA:69,3,0,0
BRDA:69,3,1,0
BRDA:73,4,0,0
BRDA:73,4,1,0
BRF:10
BRH:0
end_of_record
TN:
SF:src\components\Chart.jsx
FN:12,(anonymous_0)
FNF:1
FNH:0
FNDA:0,(anonymous_0)
DA:12,10
DA:13,0
LF:2
LH:1
BRF:0
BRH:0
end_of_record
TN:
SF:src\components\ConfirmationDialog.jsx
FN:6,ConfirmatioDialog
FN:10,(anonymous_1)
FN:12,(anonymous_2)
FN:13,(anonymous_3)
FN:15,(anonymous_4)
FN:58,(anonymous_5)
FN:68,UserAction
FN:68,(anonymous_7)
FN:69,(anonymous_8)
FN:101,(anonymous_9)
FNF:10
FNH:2
FNDA:17,ConfirmatioDialog
FNDA:0,(anonymous_1)
FNDA:0,(anonymous_2)
FNDA:0,(anonymous_3)
FNDA:0,(anonymous_4)
FNDA:0,(anonymous_5)
FNDA:2,UserAction
FNDA:0,(anonymous_7)
FNDA:0,(anonymous_8)
FNDA:0,(anonymous_9)
DA:15,17
DA:16,0
DA:17,0
DA:18,0
DA:21,17
DA:58,0
DA:69,2
DA:70,0
DA:73,2
DA:101,0
LF:10
LH:4
BRDA:10,0,0,1
BRDA:11,1,0,8
BRDA:12,2,0,9
BRDA:13,3,0,9
BRDA:29,4,0,1
BRDA:29,4,1,16
BRDA:29,5,0,17
BRDA:29,5,1,16
BRDA:39,6,0,17
BRDA:39,6,1,17
BRDA:47,7,0,1
BRDA:47,7,1,16
BRDA:47,8,0,17
BRDA:47,8,1,16
BRDA:52,9,0,1
BRDA:52,9,1,16
BRDA:68,10,0,0
BRF:17
BRH:16
end_of_record
TN:
SF:src\components\Loading.jsx
FN:1,(anonymous_0)
FNF:1
FNH:1
FNDA:3,(anonymous_0)
DA:1,11
DA:2,3
LF:2
LH:2
BRF:0
BRH:0
end_of_record
TN:
SF:src\components\ModalWrapper.jsx
FN:4,(anonymous_0)
FN:13,(anonymous_1)
FNF:2
FNH:1
FNDA:19,(anonymous_0)
FNDA:0,(anonymous_1)
DA:4,11
DA:5,19
DA:7,19
DA:13,0
LF:4
LH:3
BRF:0
BRH:0
end_of_record
TN:
SF:src\components\Navbar.jsx
FN:10,(anonymous_0)
FN:19,(anonymous_1)
FN:23,(anonymous_2)
FN:33,(anonymous_3)
FN:48,(anonymous_4)
FNF:5
FNH:1
FNDA:9,(anonymous_0)
FNDA:0,(anonymous_1)
FNDA:0,(anonymous_2)
FNDA:0,(anonymous_3)
FNDA:0,(anonymous_4)
DA:10,10
DA:11,9
DA:12,0
DA:13,0
DA:14,0
DA:15,0
DA:19,0
DA:20,0
DA:23,0
DA:24,0
DA:25,0
DA:28,0
DA:33,0
DA:48,0
LF:14
LH:2
BRDA:16,0,0,0
BRDA:16,0,1,0
BRDA:40,1,0,0
BRDA:40,1,1,0
BRF:4
BRH:0
end_of_record
TN:
SF:src\components\NotificationPanel.jsx
FN:23,NotificationPanel
FN:30,(anonymous_1)
FN:36,(anonymous_2)
FN:48,(anonymous_3)
FN:76,(anonymous_4)
FN:80,(anonymous_5)
FN:91,(anonymous_6)
FN:108,(anonymous_7)
FN:112,(anonymous_8)
FN:112,(anonymous_9)
FNF:10
FNH:0
FNDA:0,NotificationPanel
FNDA:0,(anonymous_1)
FNDA:0,(anonymous_2)
FNDA:0,(anonymous_3)
FNDA:0,(anonymous_4)
FNDA:0,(anonymous_5)
FNDA:0,(anonymous_6)
FNDA:0,(anonymous_7)
FNDA:0,(anonymous_8)
FNDA:0,(anonymous_9)
DA:14,10
DA:24,0
DA:25,0
DA:27,0
DA:28,0
DA:30,0
DA:31,0
DA:32,0
DA:33,0
DA:36,0
DA:37,0
DA:39,0
DA:42,0
DA:48,0
DA:52,0
DA:77,0
DA:81,0
DA:91,0
DA:109,0
DA:112,0
LF:20
LH:1
BRDA:58,0,0,0
BRDA:58,0,1,0
BRDA:77,1,0,0
BRDA:77,1,1,0
BRDA:112,2,0,0
BRDA:112,2,1,0
BRF:6
BRH:0
end_of_record
TN:
SF:src\components\SelectList.jsx
FN:6,(anonymous_0)
FN:28,(anonymous_1)
FN:31,(anonymous_2)
FN:38,(anonymous_3)
FNF:4
FNH:0
FNDA:0,(anonymous_0)
FNDA:0,(anonymous_1)
FNDA:0,(anonymous_2)
FNDA:0,(anonymous_3)
DA:6,10
DA:7,0
DA:29,0
DA:32,0
DA:39,0
LF:5
LH:1
BRDA:9,0,0,0
BRDA:9,0,1,0
BRDA:33,1,0,0
BRDA:33,1,1,0
BRDA:42,2,0,0
BRDA:42,2,1,0
BRDA:47,3,0,0
BRDA:47,3,1,0
BRF:8
BRH:0
end_of_record
TN:
SF:src\components\Sidebar.jsx
FN:59,(anonymous_0)
FN:60,(anonymous_1)
FN:67,(anonymous_2)
FN:71,(anonymous_3)
FN:99,(anonymous_4)
FNF:5
FNH:1
FNDA:17,(anonymous_0)
FNDA:0,(anonymous_1)
FNDA:0,(anonymous_2)
FNDA:0,(anonymous_3)
FNDA:0,(anonymous_4)
DA:16,11
DA:59,11
DA:60,17
DA:62,0
DA:63,0
DA:64,0
DA:65,0
DA:67,0
DA:68,0
DA:71,0
DA:72,0
DA:88,0
DA:100,0
LF:13
LH:3
BRDA:65,0,0,0
BRDA:65,0,1,0
BRDA:78,1,0,0
BRDA:78,1,1,0
BRF:4
BRH:0
end_of_record
TN:
SF:src\components\Table.jsx
FN:22,(anonymous_0)
FN:29,(anonymous_1)
FN:34,(anonymous_2)
FN:39,(anonymous_3)
FN:48,(anonymous_4)
FN:58,(anonymous_5)
FN:70,(anonymous_6)
FN:110,(anonymous_7)
FN:129,(anonymous_8)
FN:136,(anonymous_9)
FN:149,(anonymous_10)
FNF:11
FNH:5
FNDA:6,(anonymous_0)
FNDA:0,(anonymous_1)
FNDA:0,(anonymous_2)
FNDA:0,(anonymous_3)
FNDA:0,(anonymous_4)
FNDA:6,(anonymous_5)
FNDA:6,(anonymous_6)
FNDA:6,(anonymous_7)
FNDA:0,(anonymous_8)
FNDA:0,(anonymous_9)
FNDA:6,(anonymous_10)
DA:16,10
DA:22,10
DA:23,6
DA:24,6
DA:25,6
DA:27,6
DA:29,6
DA:30,0
DA:31,0
DA:34,6
DA:35,0
DA:36,0
DA:39,6
DA:40,0
DA:41,0
DA:46,0
DA:48,0
DA:49,0
DA:50,0
DA:53,0
DA:54,0
DA:58,6
DA:59,6
DA:70,6
DA:71,6
DA:111,6
DA:129,0
DA:136,0
DA:142,6
DA:150,6
LF:30
LH:16
BRDA:54,0,0,0
BRDA:54,0,1,0
BRF:2
BRH:0
end_of_record
TN:
SF:src\components\Tabs.jsx
FN:3,classNames
FN:7,Tabs
FN:12,(anonymous_2)
FN:15,(anonymous_3)
FN:16,(anonymous_4)
FNF:5
FNH:4
FNDA:20,classNames
FNDA:8,Tabs
FNDA:16,(anonymous_2)
FNDA:0,(anonymous_3)
FNDA:20,(anonymous_4)
DA:4,20
DA:8,8
DA:13,16
DA:15,0
DA:17,20
LF:5
LH:4
BRDA:20,0,0,10
BRDA:20,0,1,10
BRF:2
BRH:2
end_of_record
TN:
SF:src\components\Textbox.jsx
FN:5,(anonymous_0)
FNF:1
FNH:0
FNDA:0,(anonymous_0)
DA:4,11
DA:9,0
LF:2
LH:1
BRDA:11,0,0,0
BRDA:11,0,1,0
BRDA:22,1,0,0
BRDA:22,1,1,0
BRDA:31,2,0,0
BRDA:31,2,1,0
BRDA:34,3,0,0
BRDA:34,3,1,0
BRF:8
BRH:0
end_of_record
TN:
SF:src\components\Title.jsx
FN:3,(anonymous_0)
FNF:1
FNH:1
FNDA:14,(anonymous_0)
DA:3,10
DA:4,14
LF:2
LH:2
BRF:0
BRH:0
end_of_record
TN:
SF:src\components\UserAvatar.jsx
FN:14,(anonymous_0)
FN:17,(anonymous_1)
FN:22,(anonymous_2)
FN:57,(anonymous_3)
FN:59,(anonymous_4)
FN:69,(anonymous_5)
FN:71,(anonymous_6)
FN:81,(anonymous_7)
FNF:8
FNH:0
FNDA:0,(anonymous_0)
FNDA:0,(anonymous_1)
FNDA:0,(anonymous_2)
FNDA:0,(anonymous_3)
FNDA:0,(anonymous_4)
FNDA:0,(anonymous_5)
FNDA:0,(anonymous_6)
FNDA:0,(anonymous_7)
DA:14,10
DA:15,0
DA:16,0
DA:17,0
DA:18,0
DA:19,0
DA:20,0
DA:22,0
DA:23,0
DA:24,0
DA:25,0
DA:27,0
DA:29,0
DA:33,0
DA:58,0
DA:59,0
DA:70,0
DA:71,0
DA:82,0
LF:19
LH:1
BRF:0
BRH:0
end_of_record
TN:
SF:src\components\UserInfo.jsx
FN:5,UserInfo
FN:9,(anonymous_1)
FNF:2
FNH:2
FNDA:6,UserInfo
FNDA:6,(anonymous_1)
DA:6,6
DA:10,6
LF:2
LH:2
BRDA:38,0,0,6
BRDA:38,0,1,6
BRF:2
BRH:2
end_of_record
TN:
SF:src\components\ViewNotification.jsx
FN:6,(anonymous_0)
FN:20,(anonymous_1)
FNF:2
FNH:0
FNDA:0,(anonymous_0)
FNDA:0,(anonymous_1)
DA:6,10
DA:7,0
DA:20,0
LF:3
LH:1
BRF:0
BRH:0
end_of_record
TN:
SF:src\components\index.js
FNF:0
FNH:0
LF:0
LH:0
BRF:0
BRH:0
end_of_record
TN:
SF:src\components\tasks\AddSubTask.jsx
FN:12,(anonymous_0)
FN:21,(anonymous_1)
FN:27,(anonymous_2)
FN:99,(anonymous_3)
FNF:4
FNH:1
FNDA:8,(anonymous_0)
FNDA:0,(anonymous_1)
FNDA:0,(anonymous_2)
FNDA:0,(anonymous_3)
DA:12,10
DA:17,8
DA:19,8
DA:21,0
DA:22,0
DA:23,0
DA:25,0
DA:27,0
DA:28,0
DA:31,0
DA:32,0
DA:36,0
DA:99,0
LF:13
LH:3
BRDA:32,0,0,0
BRDA:32,0,1,0
BRDA:56,1,0,0
BRDA:56,1,1,0
BRDA:69,2,0,0
BRDA:69,2,1,0
BRDA:80,3,0,0
BRDA:80,3,1,0
BRDA:84,4,0,0
BRDA:84,4,1,0
BRF:10
BRH:0
end_of_record
TN:
SF:src\components\tasks\AddTask.jsx
FN:31,(anonymous_0)
FN:39,(anonymous_1)
FN:42,(anonymous_2)
FN:45,(anonymous_3)
FN:48,(anonymous_4)
FN:50,(anonymous_5)
FN:54,(anonymous_6)
FN:62,(anonymous_7)
FN:91,(anonymous_8)
FN:119,(anonymous_9)
FN:128,(anonymous_10)
FN:193,(anonymous_11)
FN:248,(anonymous_12)
FNF:13
FNH:1
FNDA:0,(anonymous_0)
FNDA:0,(anonymous_1)
FNDA:0,(anonymous_2)
FNDA:0,(anonymous_3)
FNDA:0,(anonymous_4)
FNDA:0,(anonymous_5)
FNDA:0,(anonymous_6)
FNDA:24,(anonymous_7)
FNDA:0,(anonymous_8)
FNDA:0,(anonymous_9)
FNDA:0,(anonymous_10)
FNDA:0,(anonymous_11)
FNDA:0,(anonymous_12)
DA:26,10
DA:27,10
DA:29,10
DA:31,10
DA:32,0
DA:34,0
DA:35,0
DA:37,0
DA:39,0
DA:40,0
DA:43,0
DA:46,0
DA:49,0
DA:51,0
DA:52,0
DA:55,0
DA:62,10
DA:63,24
DA:77,24
DA:79,24
DA:80,24
DA:81,24
DA:84,24
DA:85,24
DA:87,24
DA:88,0
DA:89,0
DA:91,0
DA:92,0
DA:93,0
DA:94,0
DA:95,0
DA:97,0
DA:98,0
DA:100,0
DA:104,0
DA:105,0
DA:112,0
DA:113,0
DA:117,0
DA:119,0
DA:120,0
DA:123,0
DA:124,0
DA:128,0
DA:129,0
DA:132,0
DA:193,0
DA:248,0
LF:49
LH:13
BRDA:64,0,0,24
BRDA:64,0,1,24
BRDA:65,1,0,24
BRDA:65,1,1,24
BRDA:79,2,0,24
BRDA:79,2,1,24
BRDA:80,3,0,24
BRDA:80,3,1,24
BRDA:82,4,0,24
BRDA:82,4,1,24
BRDA:89,5,0,0
BRDA:89,5,1,0
BRDA:113,6,0,0
BRDA:113,6,1,0
BRDA:124,7,0,0
BRDA:124,7,1,0
BRDA:140,8,0,0
BRDA:140,8,1,0
BRDA:153,9,0,0
BRDA:153,9,1,0
BRDA:181,10,0,0
BRDA:181,10,1,0
BRDA:233,11,0,0
BRDA:233,11,1,0
BRDA:233,12,0,0
BRDA:233,12,1,0
BRDA:233,12,2,0
BRF:27
BRH:10
end_of_record
TN:
SF:src\components\tasks\BoardView.jsx
FN:3,(anonymous_0)
FN:6,(anonymous_1)
FNF:2
FNH:2
FNDA:6,(anonymous_0)
FNDA:4,(anonymous_1)
DA:3,10
DA:4,6
DA:7,4
LF:3
LH:3
BRF:0
BRH:0
end_of_record
TN:
SF:src\components\tasks\TaskAssets.jsx
FN:7,(anonymous_0)
FNF:1
FNH:1
FNDA:10,(anonymous_0)
DA:7,10
DA:8,10
LF:2
LH:2
BRF:0
BRH:0
end_of_record
TN:
SF:src\components\tasks\TaskCard.jsx
FN:27,(anonymous_0)
FN:28,(anonymous_1)
FN:70,(anonymous_2)
FN:111,(anonymous_3)
FNF:4
FNH:2
FNDA:4,(anonymous_0)
FNDA:4,(anonymous_1)
FNDA:0,(anonymous_2)
FNDA:0,(anonymous_3)
DA:21,10
DA:27,10
DA:28,4
DA:29,4
DA:31,4
DA:71,0
DA:111,0
LF:7
LH:5
BRDA:69,0,0,4
BRDA:69,0,1,0
BRDA:85,1,0,0
BRDA:85,1,1,4
BRDA:110,2,0,4
BRDA:110,2,1,0
BRF:6
BRH:3
end_of_record
TN:
SF:src\components\tasks\TaskColor.jsx
FN:4,(anonymous_0)
FNF:1
FNH:1
FNDA:36,(anonymous_0)
DA:4,10
DA:5,36
LF:2
LH:2
BRF:0
BRH:0
end_of_record
TN:
SF:src\components\tasks\TaskDialog.jsx
FN:23,(anonymous_0)
FN:37,(anonymous_1)
FN:40,(anonymous_2)
FN:50,(anonymous_3)
FN:64,(anonymous_4)
FN:70,(anonymous_5)
FN:76,(anonymous_6)
FN:95,(anonymous_7)
FN:97,(anonymous_8)
FN:120,TaskDialog
FN:121,(anonymous_10)
FN:131,(anonymous_11)
FN:135,(anonymous_12)
FN:144,(anonymous_13)
FN:154,(anonymous_14)
FN:160,(anonymous_15)
FN:174,(anonymous_16)
FN:179,(anonymous_17)
FN:184,(anonymous_18)
FN:189,(anonymous_19)
FN:204,(anonymous_20)
FN:206,(anonymous_21)
FN:230,(anonymous_22)
FN:233,(anonymous_23)
FNF:24
FNH:2
FNDA:0,(anonymous_0)
FNDA:0,(anonymous_1)
FNDA:0,(anonymous_2)
FNDA:0,(anonymous_3)
FNDA:0,(anonymous_4)
FNDA:0,(anonymous_5)
FNDA:0,(anonymous_6)
FNDA:0,(anonymous_7)
FNDA:0,(anonymous_8)
FNDA:28,TaskDialog
FNDA:8,(anonymous_10)
FNDA:0,(anonymous_11)
FNDA:0,(anonymous_12)
FNDA:0,(anonymous_13)
FNDA:0,(anonymous_14)
FNDA:0,(anonymous_15)
FNDA:0,(anonymous_16)
FNDA:0,(anonymous_17)
FNDA:0,(anonymous_18)
FNDA:0,(anonymous_19)
FNDA:0,(anonymous_20)
FNDA:0,(anonymous_21)
FNDA:0,(anonymous_22)
FNDA:0,(anonymous_23)
DA:23,10
DA:24,0
DA:37,10
DA:38,0
DA:40,0
DA:41,0
DA:42,0
DA:46,0
DA:48,0
DA:50,0
DA:51,0
DA:54,0
DA:55,0
DA:59,0
DA:64,0
DA:70,0
DA:76,0
DA:80,0
DA:96,0
DA:98,0
DA:121,28
DA:122,8
DA:123,8
DA:124,8
DA:126,8
DA:128,8
DA:129,0
DA:131,0
DA:132,0
DA:135,0
DA:136,0
DA:137,0
DA:142,0
DA:144,0
DA:145,0
DA:146,0
DA:149,0
DA:150,0
DA:154,0
DA:155,0
DA:156,0
DA:158,0
DA:160,0
DA:161,0
DA:162,0
DA:165,0
DA:166,0
DA:170,0
DA:174,0
DA:179,0
DA:184,0
DA:189,0
DA:193,0
DA:205,0
DA:207,0
DA:231,0
DA:233,0
LF:57
LH:8
BRDA:55,0,0,0
BRDA:55,0,1,0
BRDA:102,1,0,0
BRDA:102,1,1,0
BRDA:150,2,0,0
BRDA:150,2,1,0
BRDA:166,3,0,0
BRDA:166,3,1,0
BRDA:208,4,0,0
BRDA:208,4,1,0
BRDA:211,5,0,0
BRDA:211,5,1,0
BRDA:235,6,0,0
BRDA:235,6,1,0
BRF:14
BRH:0
end_of_record
TN:
SF:src\components\tasks\TaskTitle.jsx
FN:4,(anonymous_0)
FNF:1
FNH:1
FNDA:18,(anonymous_0)
DA:4,10
DA:5,18
LF:2
LH:2
BRF:0
BRH:0
end_of_record
TN:
SF:src\components\tasks\UsersSelect.jsx
FN:8,UserList
FN:12,(anonymous_1)
FN:14,(anonymous_2)
FN:17,(anonymous_3)
FN:30,(anonymous_4)
FN:36,(anonymous_5)
FN:53,(anonymous_6)
FN:56,(anonymous_7)
FN:63,(anonymous_8)
FNF:9
FNH:0
FNDA:0,UserList
FNDA:0,(anonymous_1)
FNDA:0,(anonymous_2)
FNDA:0,(anonymous_3)
FNDA:0,(anonymous_4)
FNDA:0,(anonymous_5)
FNDA:0,(anonymous_6)
FNDA:0,(anonymous_7)
FNDA:0,(anonymous_8)
DA:9,0
DA:10,0
DA:12,0
DA:13,0
DA:14,0
DA:17,0
DA:18,0
DA:19,0
DA:21,0
DA:25,0
DA:30,0
DA:36,0
DA:54,0
DA:57,0
DA:64,0
LF:15
LH:0
BRDA:18,0,0,0
BRDA:18,0,1,0
BRDA:19,1,0,0
BRDA:19,1,1,0
BRDA:58,2,0,0
BRDA:58,2,1,0
BRDA:67,3,0,0
BRDA:67,3,1,0
BRDA:81,4,0,0
BRDA:81,4,1,0
BRF:10
BRH:0
end_of_record
TN:
SF:src\components\tasks\index.js
FNF:0
FNH:0
LF:0
LH:0
BRF:0
BRH:0
end_of_record
TN:
SF:src\pages\Dashboard.jsx
FN:18,(anonymous_0)
FN:38,(anonymous_1)
FN:40,(anonymous_2)
FN:42,(anonymous_3)
FN:90,(anonymous_4)
FN:112,(anonymous_5)
FN:113,(anonymous_6)
FN:123,(anonymous_7)
FN:156,(anonymous_8)
FN:165,(anonymous_9)
FN:166,(anonymous_10)
FN:174,(anonymous_11)
FN:185,(anonymous_12)
FN:208,(anonymous_13)
FN:241,(anonymous_14)
FNF:15
FNH:13
FNDA:8,(anonymous_0)
FNDA:3,(anonymous_1)
FNDA:0,(anonymous_2)
FNDA:3,(anonymous_3)
FNDA:8,(anonymous_4)
FNDA:1,(anonymous_5)
FNDA:1,(anonymous_6)
FNDA:1,(anonymous_7)
FNDA:1,(anonymous_8)
FNDA:1,(anonymous_9)
FNDA:0,(anonymous_10)
FNDA:1,(anonymous_11)
FNDA:1,(anonymous_12)
FNDA:1,(anonymous_13)
FNDA:1,(anonymous_14)
DA:18,1
DA:19,8
DA:38,1
DA:39,3
DA:40,3
DA:42,3
DA:43,3
DA:46,3
DA:48,3
DA:49,1
DA:55,2
DA:86,2
DA:91,8
DA:112,1
DA:113,1
DA:114,1
DA:123,1
DA:124,1
DA:151,1
DA:157,1
DA:165,1
DA:166,1
DA:168,1
DA:174,1
DA:175,1
DA:185,1
DA:186,1
DA:209,1
DA:230,1
DA:242,1
LF:30
LH:30
BRDA:46,0,0,3
BRDA:46,0,1,2
BRDA:48,1,0,1
BRDA:48,1,1,2
BRDA:59,2,0,2
BRDA:59,2,1,1
BRDA:66,3,0,2
BRDA:66,3,1,1
BRDA:73,4,0,2
BRDA:73,4,1,1
BRDA:82,5,0,2
BRDA:82,5,1,0
BRDA:103,6,0,2
BRDA:103,6,1,1
BRDA:105,7,0,2
BRDA:105,7,1,1
BRDA:105,7,2,1
BRDA:141,8,0,1
BRDA:141,8,1,0
BRDA:144,9,0,1
BRDA:144,9,1,0
BRDA:235,10,0,1
BRDA:235,10,1,0
BRF:23
BRH:19
end_of_record
TN:
SF:src\pages\Login.jsx
FN:10,(anonymous_0)
FN:11,(anonymous_1)
FN:22,(anonymous_2)
FN:33,(anonymous_3)
FNF:4
FNH:3
FNDA:8,(anonymous_0)
FNDA:0,(anonymous_1)
FNDA:2,(anonymous_2)
FNDA:5,(anonymous_3)
DA:10,1
DA:11,8
DA:16,8
DA:18,8
DA:19,8
DA:20,8
DA:22,8
DA:23,2
DA:24,2
DA:26,1
DA:27,1
DA:29,1
DA:33,8
DA:34,5
DA:37,8
LF:15
LH:15
BRDA:29,0,0,1
BRDA:29,0,1,0
BRDA:34,1,0,5
BRDA:34,1,1,1
BRDA:85,2,0,1
BRDA:85,2,1,7
BRDA:96,3,0,1
BRDA:96,3,1,7
BRDA:102,4,0,0
BRDA:102,4,1,8
BRF:10
BRH:8
end_of_record
TN:
SF:src\pages\Status.jsx
FN:6,(anonymous_0)
FN:17,(anonymous_1)
FN:29,(anonymous_2)
FN:86,(anonymous_3)
FNF:4
FNH:4
FNDA:3,(anonymous_0)
FNDA:2,(anonymous_1)
FNDA:1,(anonymous_2)
FNDA:1,(anonymous_3)
DA:6,1
DA:7,3
DA:9,3
DA:10,1
DA:17,2
DA:18,2
DA:29,2
DA:30,1
DA:32,1
DA:75,2
DA:87,1
LF:11
LH:11
BRDA:9,0,0,1
BRDA:9,0,1,2
BRF:2
BRH:2
end_of_record
TN:
SF:src\pages\TaskDetail.jsx
FN:97,(anonymous_0)
FN:103,(anonymous_1)
FN:122,(anonymous_2)
FN:151,(anonymous_3)
FN:166,(anonymous_4)
FN:172,(anonymous_5)
FN:180,(anonymous_6)
FN:200,(anonymous_7)
FN:209,(anonymous_8)
FN:287,(anonymous_9)
FN:327,(anonymous_10)
FN:361,(anonymous_11)
FN:398,(anonymous_12)
FN:414,(anonymous_13)
FNF:14
FNH:5
FNDA:0,(anonymous_0)
FNDA:0,(anonymous_1)
FNDA:0,(anonymous_2)
FNDA:0,(anonymous_3)
FNDA:0,(anonymous_4)
FNDA:0,(anonymous_5)
FNDA:0,(anonymous_6)
FNDA:3,(anonymous_7)
FNDA:1,(anonymous_8)
FNDA:4,(anonymous_9)
FNDA:4,(anonymous_10)
FNDA:1,(anonymous_11)
FNDA:0,(anonymous_12)
FNDA:0,(anonymous_13)
DA:31,1
DA:38,1
DA:44,1
DA:50,1
DA:55,1
DA:88,1
DA:97,1
DA:98,0
DA:99,0
DA:101,0
DA:103,0
DA:104,0
DA:105,0
DA:109,0
DA:113,0
DA:114,0
DA:115,0
DA:117,0
DA:118,0
DA:122,0
DA:123,0
DA:146,0
DA:152,0
DA:167,0
DA:172,0
DA:180,0
DA:200,1
DA:201,3
DA:202,3
DA:204,3
DA:206,3
DA:207,3
DA:209,3
DA:210,1
DA:211,1
DA:216,1
DA:220,0
DA:221,0
DA:223,1
DA:224,1
DA:228,3
DA:229,1
DA:235,2
DA:239,2
DA:288,4
DA:328,4
DA:362,1
DA:399,0
DA:415,0
LF:49
LH:26
BRDA:118,0,0,0
BRDA:118,0,1,0
BRDA:171,1,0,0
BRDA:171,1,1,0
BRDA:184,2,0,0
BRDA:184,2,1,0
BRDA:207,3,0,3
BRDA:207,3,1,1
BRDA:224,4,0,1
BRDA:224,4,1,1
BRDA:228,5,0,1
BRDA:228,5,1,2
BRDA:235,6,0,0
BRDA:235,6,1,2
BRDA:244,7,0,2
BRDA:244,7,1,0
BRDA:309,8,0,2
BRDA:309,8,1,2
BRDA:316,9,0,0
BRDA:316,9,1,2
BRDA:318,10,0,2
BRDA:318,10,1,0
BRDA:344,11,0,2
BRDA:344,11,1,2
BRDA:349,12,0,2
BRDA:349,12,1,2
BRDA:357,13,0,2
BRDA:357,13,1,2
BRDA:369,14,0,0
BRDA:369,14,1,4
BRDA:371,15,0,2
BRDA:371,15,1,2
BRDA:387,16,0,2
BRDA:387,16,1,2
BRDA:394,17,0,2
BRDA:394,17,1,0
BRDA:410,18,0,2
BRDA:410,18,1,0
BRF:38
BRH:25
end_of_record
TN:
SF:src\pages\Tasks.jsx
FN:17,(anonymous_0)
FN:19,(anonymous_1)
FN:34,(anonymous_2)
FN:53,(anonymous_3)
FNF:4
FNH:3
FNDA:8,(anonymous_0)
FNDA:7,(anonymous_1)
FNDA:1,(anonymous_2)
FNDA:0,(anonymous_3)
DA:12,1
DA:17,1
DA:18,8
DA:19,7
DA:20,7
DA:21,7
DA:23,7
DA:24,7
DA:26,7
DA:28,7
DA:34,7
DA:35,1
DA:36,1
DA:39,7
DA:53,0
LF:15
LH:14
BRDA:21,0,0,7
BRDA:21,0,1,7
BRDA:26,1,0,7
BRDA:26,1,1,7
BRDA:39,2,0,1
BRDA:39,2,1,6
BRDA:46,3,0,0
BRDA:46,3,1,6
BRDA:48,4,0,6
BRDA:48,4,1,6
BRDA:48,4,2,4
BRDA:60,5,0,6
BRDA:60,5,1,6
BRDA:71,6,0,6
BRDA:71,6,1,0
BRF:15
BRH:13
end_of_record
TN:
SF:src\pages\Trash.jsx
FN:32,(anonymous_0)
FN:48,(anonymous_1)
FN:54,(anonymous_2)
FN:60,(anonymous_3)
FN:66,(anonymous_4)
FN:73,(anonymous_5)
FN:106,(anonymous_6)
FN:116,(anonymous_7)
FN:127,(anonymous_8)
FN:155,(anonymous_9)
FN:159,(anonymous_10)
FN:181,(anonymous_11)
FN:187,(anonymous_12)
FN:198,(anonymous_13)
FN:221,(anonymous_14)
FNF:15
FNH:4
FNDA:10,(anonymous_0)
FNDA:0,(anonymous_1)
FNDA:0,(anonymous_2)
FNDA:0,(anonymous_3)
FNDA:0,(anonymous_4)
FNDA:0,(anonymous_5)
FNDA:0,(anonymous_6)
FNDA:6,(anonymous_7)
FNDA:6,(anonymous_8)
FNDA:0,(anonymous_9)
FNDA:0,(anonymous_10)
FNDA:0,(anonymous_11)
FNDA:0,(anonymous_12)
FNDA:6,(anonymous_13)
FNDA:0,(anonymous_14)
DA:26,1
DA:32,1
DA:33,10
DA:34,9
DA:35,9
DA:36,9
DA:37,9
DA:38,9
DA:39,9
DA:41,9
DA:46,9
DA:48,9
DA:49,0
DA:50,0
DA:51,0
DA:54,9
DA:55,0
DA:56,0
DA:57,0
DA:60,9
DA:61,0
DA:62,0
DA:63,0
DA:66,9
DA:67,0
DA:68,0
DA:69,0
DA:70,0
DA:73,9
DA:74,0
DA:75,0
DA:77,0
DA:79,0
DA:83,0
DA:85,0
DA:89,0
DA:91,0
DA:95,0
DA:97,0
DA:101,0
DA:104,0
DA:106,0
DA:107,0
DA:108,0
DA:111,0
DA:112,0
DA:116,9
DA:117,6
DA:127,9
DA:128,6
DA:155,0
DA:159,0
DA:165,9
DA:181,0
DA:187,0
DA:199,6
DA:221,0
LF:57
LH:22
BRDA:39,0,0,9
BRDA:39,0,1,9
BRDA:77,1,0,0
BRDA:77,1,1,0
BRDA:77,1,2,0
BRDA:77,1,3,0
BRDA:112,2,0,0
BRDA:112,2,1,0
BRDA:165,3,0,1
BRDA:165,3,1,8
BRDA:175,4,0,8
BRDA:175,4,1,6
BRDA:192,5,0,6
BRDA:192,5,1,2
BRF:14
BRH:8
end_of_record
TN:
SF:src\pages\Users.jsx
FN:21,(anonymous_0)
FN:36,(anonymous_1)
FN:41,(anonymous_2)
FN:46,(anonymous_3)
FN:51,(anonymous_4)
FN:58,(anonymous_5)
FN:67,(anonymous_6)
FN:77,(anonymous_7)
FN:86,(anonymous_8)
FN:90,(anonymous_9)
FN:102,(anonymous_10)
FN:119,(anonymous_11)
FN:133,(anonymous_12)
FN:140,(anonymous_13)
FN:160,(anonymous_14)
FN:168,(anonymous_15)
FNF:16
FNH:9
FNDA:12,(anonymous_0)
FNDA:1,(anonymous_1)
FNDA:0,(anonymous_2)
FNDA:0,(anonymous_3)
FNDA:1,(anonymous_4)
FNDA:0,(anonymous_5)
FNDA:0,(anonymous_6)
FNDA:0,(anonymous_7)
FNDA:5,(anonymous_8)
FNDA:7,(anonymous_9)
FNDA:7,(anonymous_10)
FNDA:0,(anonymous_11)
FNDA:0,(anonymous_12)
FNDA:1,(anonymous_13)
FNDA:1,(anonymous_14)
FNDA:7,(anonymous_15)
DA:21,1
DA:22,12
DA:23,11
DA:25,11
DA:28,11
DA:29,7
DA:31,7
DA:32,7
DA:33,7
DA:34,7
DA:36,7
DA:37,1
DA:38,1
DA:41,7
DA:42,0
DA:43,0
DA:46,7
DA:47,0
DA:48,0
DA:51,7
DA:52,1
DA:53,1
DA:55,1
DA:56,1
DA:57,1
DA:58,1
DA:59,0
DA:62,0
DA:63,0
DA:67,7
DA:68,0
DA:69,0
DA:74,0
DA:75,0
DA:76,0
DA:77,0
DA:78,0
DA:81,0
DA:82,0
DA:86,7
DA:87,5
DA:90,7
DA:91,7
DA:102,7
DA:103,7
DA:119,0
DA:133,0
DA:140,1
DA:146,7
DA:160,1
DA:169,7
LF:51
LH:33
BRDA:23,0,0,11
BRDA:23,0,1,11
BRDA:63,1,0,0
BRDA:63,1,1,0
BRDA:82,2,0,0
BRDA:82,2,1,0
BRDA:122,3,0,7
BRDA:122,3,1,0
BRDA:125,4,0,7
BRDA:125,4,1,0
BRDA:146,5,0,0
BRDA:146,5,1,7
BRF:12
BRH:5
end_of_record
TN:
SF:src\pages\index.js
FNF:0
FNH:0
LF:0
LH:0
BRF:0
BRH:0
end_of_record
TN:
SF:src\redux\store.js
FN:10,(anonymous_0)
FNF:1
FNH:1
FNDA:2,(anonymous_0)
DA:5,2
DA:11,2
LF:2
LH:2
BRF:0
BRH:0
end_of_record
TN:
SF:src\redux\slices\apiSlice.js
FN:11,(anonymous_0)
FNF:1
FNH:1
FNDA:12,(anonymous_0)
DA:4,12
DA:6,12
DA:8,12
DA:11,12
LF:4
LH:4
BRF:0
BRH:0
end_of_record
TN:
SF:src\redux\slices\authSlice.js
FN:15,(anonymous_0)
FN:19,(anonymous_1)
FN:23,(anonymous_2)
FNF:3
FNH:0
FNDA:0,(anonymous_0)
FNDA:0,(anonymous_1)
FNDA:0,(anonymous_2)
DA:3,12
DA:11,12
DA:16,0
DA:17,0
DA:20,0
DA:21,0
DA:24,0
DA:29,12
LF:8
LH:3
BRDA:4,0,0,0
BRDA:4,0,1,12
BRF:2
BRH:1
end_of_record
TN:
SF:src\redux\slices\api\authApiSlice.js
FN:5,(anonymous_0)
FN:7,(anonymous_1)
FN:15,(anonymous_2)
FN:23,(anonymous_3)
FNF:4
FNH:1
FNDA:10,(anonymous_0)
FNDA:0,(anonymous_1)
FNDA:0,(anonymous_2)
FNDA:0,(anonymous_3)
DA:4,10
DA:5,10
DA:7,0
DA:15,0
DA:23,0
DA:33,10
LF:6
LH:3
BRF:0
BRH:0
end_of_record
TN:
SF:src\redux\slices\api\taskApiSlice.js
FN:5,(anonymous_0)
FN:7,(anonymous_1)
FN:16,(anonymous_2)
FN:25,(anonymous_3)
FN:34,(anonymous_4)
FN:42,(anonymous_5)
FN:50,(anonymous_6)
FN:59,(anonymous_7)
FN:68,(anonymous_8)
FN:76,(anonymous_9)
FN:84,(anonymous_10)
FN:92,(anonymous_11)
FN:101,(anonymous_12)
FNF:13
FNH:1
FNDA:6,(anonymous_0)
FNDA:0,(anonymous_1)
FNDA:0,(anonymous_2)
FNDA:0,(anonymous_3)
FNDA:0,(anonymous_4)
FNDA:0,(anonymous_5)
FNDA:0,(anonymous_6)
FNDA:0,(anonymous_7)
FNDA:0,(anonymous_8)
FNDA:0,(anonymous_9)
FNDA:0,(anonymous_10)
FNDA:0,(anonymous_11)
FNDA:0,(anonymous_12)
DA:4,6
DA:5,6
DA:7,0
DA:16,0
DA:25,0
DA:34,0
DA:42,0
DA:50,0
DA:59,0
DA:68,0
DA:76,0
DA:84,0
DA:92,0
DA:101,0
DA:124,6
LF:15
LH:3
BRF:0
BRH:0
end_of_record
TN:
SF:src\redux\slices\api\userApiSlice.js
FN:5,(anonymous_0)
FN:7,(anonymous_1)
FN:16,(anonymous_2)
FN:24,(anonymous_3)
FN:32,(anonymous_4)
FN:40,(anonymous_5)
FN:48,(anonymous_6)
FN:57,(anonymous_7)
FN:66,(anonymous_8)
FNF:9
FNH:1
FNDA:11,(anonymous_0)
FNDA:0,(anonymous_1)
FNDA:0,(anonymous_2)
FNDA:0,(anonymous_3)
FNDA:0,(anonymous_4)
FNDA:0,(anonymous_5)
FNDA:0,(anonymous_6)
FNDA:0,(anonymous_7)
FNDA:0,(anonymous_8)
DA:4,11
DA:5,11
DA:7,0
DA:16,0
DA:24,0
DA:32,0
DA:40,0
DA:48,0
DA:57,0
DA:66,0
DA:85,11
LF:11
LH:3
BRF:0
BRH:0
end_of_record
TN:
SF:src\utils\contants.js
FNF:0
FNH:0
DA:1,12
DA:3,12
DA:5,12
LF:3
LH:3
BRF:0
BRH:0
end_of_record
TN:
SF:src\utils\dummydata.js
FNF:0
FNH:0
DA:1,0
DA:247,0
DA:295,0
LF:3
LH:0
BRF:0
BRH:0
end_of_record
TN:
SF:src\utils\firebase.js
FNF:0
FNH:0
DA:3,10
DA:13,10
LF:2
LH:2
BRF:0
BRH:0
end_of_record
TN:
SF:src\utils\index.js
FN:1,(anonymous_0)
FN:13,dateFormatter
FN:28,getInitials
FN:31,(anonymous_3)
FN:38,(anonymous_4)
FN:70,(anonymous_5)
FN:71,(anonymous_6)
FN:76,countTasksByStage
FN:81,(anonymous_8)
FNF:9
FNH:6
FNDA:10,(anonymous_0)
FNDA:24,dateFormatter
FNDA:17,getInitials
FNDA:22,(anonymous_3)
FNDA:0,(anonymous_4)
FNDA:12,(anonymous_5)
FNDA:4,(anonymous_6)
FNDA:0,countTasksByStage
FNDA:0,(anonymous_8)
DA:1,10
DA:3,10
DA:4,10
DA:5,10
DA:8,10
DA:10,10
DA:14,24
DA:16,24
DA:17,0
DA:20,24
DA:21,24
DA:22,24
DA:24,24
DA:25,24
DA:29,17
DA:31,22
DA:33,17
DA:35,17
DA:38,10
DA:39,0
DA:41,0
DA:42,0
DA:45,0
DA:46,0
DA:48,0
DA:51,10
DA:57,10
DA:63,10
DA:70,10
DA:71,12
DA:73,12
DA:77,0
DA:78,0
DA:79,0
DA:81,0
DA:82,0
DA:84,0
DA:85,0
DA:87,0
DA:88,0
DA:90,0
DA:91,0
DA:93,0
DA:97,0
LF:44
LH:24
BRDA:16,0,0,0
BRDA:16,0,1,24
BRDA:41,1,0,0
BRDA:41,1,1,0
BRDA:82,2,0,0
BRDA:82,2,1,0
BRDA:82,2,2,0
BRDA:82,2,3,0
BRF:8
BRH:1
end_of_record
TN:
SF:src\utils\test-utils.js
FN:10,renderWithProviders
FN:16,(anonymous_1)
FNF:2
FNH:0
FNDA:0,renderWithProviders
FNDA:0,(anonymous_1)
DA:11,0
DA:17,0
DA:21,0
LF:3
LH:0
BRDA:10,0,0,0
BRDA:10,1,0,0
BRF:2
BRH:0
end_of_record
